--------------------------------------------------------------------------------------------------------------------------------------------
      name:  <unnamed>
       log:  D:\Holly\Job Search\LMParticipation_PublicFiles\Log Output\SECTION 7 - Supplement - Main Models by Type of Contact.log
  log type:  text
 opened on:  30 Jan 2026, 08:43:58

.         
. **********************************************************
. *SUPPLEMENTAL MODELS: MAIN MODELS BY TYPE OF LEGAL CONTACT
. **********************************************************
. 
. *Macros for Models
. global state Employed_Total Searching_Total Discgd_Total

. global contact ArrestEver_L1 JailEver_L1 ProbationEver_L1

. global l1control i.GraduatedHS_L1 EnrollNow_L1 Relationship_L1 Kids_L1 ///
>         UnemploymentComp_L1 Health_L1 AlcUse_L1 FINScale_L1 DISScale_L1 Crash_L1 ///
>         ForceOut_L1 Risky_L1 AGE_L1

. global l1controlpmc i.GraduatedHS_L1 EnrollNow_L1 Relationship_L1 Kids_L1 ///
>         UnemploymentComp_L1 Health_L1c AlcUse_L1 FINScale_L1c DISScale_L1c Crash_L1 ///
>         ForceOut_L1 Risky_L1c AGE_L1c

. global l2control Sex i.Race

. 
. 
. ****
. **LABOR MARKET INSECURITY
. ****
. 
. **Arrest
. mepoisson WorryJob ArrestEver_L1 if sample == 1 || ParticipantID: // bivariate

Fitting fixed-effects model:

Iteration 0:   log likelihood = -11369.642  
Iteration 1:   log likelihood =  -11080.53  
Iteration 2:   log likelihood = -11080.177  
Iteration 3:   log likelihood = -11080.177  

Refining starting values:

Grid node 0:   log likelihood = -11790.297

Fitting full model:

Iteration 0:   log likelihood = -11790.297  (not concave)
Iteration 1:   log likelihood = -11184.103  (not concave)
Iteration 2:   log likelihood = -10955.067  
Iteration 3:   log likelihood = -10882.551  
Iteration 4:   log likelihood = -10880.388  
Iteration 5:   log likelihood = -10880.343  
Iteration 6:   log likelihood = -10880.343  

Mixed-effects Poisson regression                Number of obs     =      5,394
Group variable: ParticipantID                   Number of groups  =      2,248

                                                Obs per group:
                                                              min =          1
                                                              avg =        2.4
                                                              max =          4

Integration method: mvaghermite                 Integration pts.  =          7

                                                Wald chi2(1)      =       3.35
Log likelihood = -10880.343                     Prob > chi2       =     0.0671
-------------------------------------------------------------------------------
     WorryJob | Coefficient  Std. err.      z    P>|z|     [95% conf. interval]
--------------+----------------------------------------------------------------
ArrestEver_L1 |   .0392017   .0214071     1.83   0.067    -.0027555    .0811589
        _cons |   1.240708   .0110817   111.96   0.000     1.218988    1.262427
--------------+----------------------------------------------------------------
ParticipantID |
    var(_cons)|   .0797413   .0060863                      .0686618    .0926087
-------------------------------------------------------------------------------
LR test vs. Poisson model: chibar2(01) = 399.67       Prob >= chibar2 = 0.0000

. mepoisson WorryJob ArrestEver_L1 $l1controlpmc $l2control  if sample == 1 || ParticipantID: // multivariate

Fitting fixed-effects model:

Iteration 0:   log likelihood = -11314.883  
Iteration 1:   log likelihood = -11028.723  
Iteration 2:   log likelihood = -11028.373  
Iteration 3:   log likelihood = -11028.373  

Refining starting values:

Grid node 0:   log likelihood = -11780.354

Fitting full model:

Iteration 0:   log likelihood = -11780.354  (not concave)
Iteration 1:   log likelihood = -11175.748  (not concave)
Iteration 2:   log likelihood = -10943.487  
Iteration 3:   log likelihood = -10856.837  
Iteration 4:   log likelihood =  -10848.76  
Iteration 5:   log likelihood = -10848.661  
Iteration 6:   log likelihood = -10848.661  

Mixed-effects Poisson regression                Number of obs     =      5,394
Group variable: ParticipantID                   Number of groups  =      2,248

                                                Obs per group:
                                                              min =          1
                                                              avg =        2.4
                                                              max =          4

Integration method: mvaghermite                 Integration pts.  =          7

                                                Wald chi2(19)     =      67.64
Log likelihood = -10848.661                     Prob > chi2       =     0.0000
-------------------------------------------------------------------------------------
           WorryJob | Coefficient  Std. err.      z    P>|z|     [95% conf. interval]
--------------------+----------------------------------------------------------------
      ArrestEver_L1 |   .0458754   .0231827     1.98   0.048     .0004381    .0913126
                    |
     GraduatedHS_L1 |
High school degree  |  -.1409891   .0333532    -4.23   0.000    -.2063603    -.075618
               GED  |  -.0293321   .0437963    -0.67   0.503    -.1151713    .0565071
                    |
       EnrollNow_L1 |  -.0088553   .0187115    -0.47   0.636    -.0455292    .0278186
    Relationship_L1 |  -.0246869   .0224233    -1.10   0.271    -.0686359     .019262
            Kids_L1 |  -.0200987   .0241131    -0.83   0.405    -.0673595    .0271621
UnemploymentComp_L1 |  -.0278923   .0465253    -0.60   0.549    -.1190803    .0632957
         Health_L1c |  -.0015096   .0124634    -0.12   0.904    -.0259374    .0229183
          AlcUse_L1 |  -.0126609   .0179544    -0.71   0.481    -.0478509    .0225291
       FINScale_L1c |  -.0075452   .0107628    -0.70   0.483    -.0286399    .0135495
       DISScale_L1c |  -.0012711    .012046    -0.11   0.916    -.0248808    .0223386
           Crash_L1 |   .0470444   .0276807     1.70   0.089    -.0072088    .1012977
        ForceOut_L1 |   .0170934   .0338914     0.50   0.614    -.0493325    .0835192
          Risky_L1c |   .0107649   .0170288     0.63   0.527     -.022611    .0441408
            AGE_L1c |  -.0135442   .0052347    -2.59   0.010     -.023804   -.0032844
                Sex |  -.0867453   .0198398    -4.37   0.000    -.1256307     -.04786
                    |
               Race |
             Black  |  -.0550624   .0215123    -2.56   0.010    -.0972257   -.0128991
          Hispanic  |   .0392025   .0378914     1.03   0.301    -.0350632    .1134682
             Other  |   .0030849   .0473316     0.07   0.948    -.0896834    .0958532
                    |
              _cons |   1.402076     .04357    32.18   0.000     1.316681    1.487472
--------------------+----------------------------------------------------------------
ParticipantID       |
          var(_cons)|   .0751338   .0059412                      .0643467    .0877292
-------------------------------------------------------------------------------------
LR test vs. Poisson model: chibar2(01) = 359.42       Prob >= chibar2 = 0.0000

. 
. **Jail
. mepoisson WorryJob JailEver_L1 if sample == 1 || ParticipantID: // bivariate

Fitting fixed-effects model:

Iteration 0:   log likelihood = -11367.947  
Iteration 1:   log likelihood = -11079.286  
Iteration 2:   log likelihood = -11078.932  
Iteration 3:   log likelihood = -11078.932  

Refining starting values:

Grid node 0:   log likelihood = -11790.369

Fitting full model:

Iteration 0:   log likelihood = -11790.369  (not concave)
Iteration 1:   log likelihood = -11183.887  (not concave)
Iteration 2:   log likelihood = -10954.768  
Iteration 3:   log likelihood = -10881.766  
Iteration 4:   log likelihood = -10879.662  
Iteration 5:   log likelihood = -10879.622  
Iteration 6:   log likelihood = -10879.622  

Mixed-effects Poisson regression                Number of obs     =      5,394
Group variable: ParticipantID                   Number of groups  =      2,248

                                                Obs per group:
                                                              min =          1
                                                              avg =        2.4
                                                              max =          4

Integration method: mvaghermite                 Integration pts.  =          7

                                                Wald chi2(1)      =       4.83
Log likelihood = -10879.622                     Prob > chi2       =     0.0280
-------------------------------------------------------------------------------
     WorryJob | Coefficient  Std. err.      z    P>|z|     [95% conf. interval]
--------------+----------------------------------------------------------------
  JailEver_L1 |   .0693362   .0315562     2.20   0.028     .0074872    .1311851
        _cons |   1.243838   .0102768   121.03   0.000     1.223695     1.26398
--------------+----------------------------------------------------------------
ParticipantID |
    var(_cons)|   .0795817   .0060795                      .0685153    .0924354
-------------------------------------------------------------------------------
LR test vs. Poisson model: chibar2(01) = 398.62       Prob >= chibar2 = 0.0000

. mepoisson WorryJob JailEver_L1 $l1controlpmc $l2control  if sample == 1 || ParticipantID: // multivariate

Fitting fixed-effects model:

Iteration 0:   log likelihood = -11315.472  
Iteration 1:   log likelihood = -11029.172  
Iteration 2:   log likelihood = -11028.823  
Iteration 3:   log likelihood = -11028.823  

Refining starting values:

Grid node 0:   log likelihood = -11780.427

Fitting full model:

Iteration 0:   log likelihood = -11780.427  (not concave)
Iteration 1:   log likelihood = -11175.759  (not concave)
Iteration 2:   log likelihood = -10943.507  
Iteration 3:   log likelihood = -10856.804  
Iteration 4:   log likelihood = -10848.859  
Iteration 5:   log likelihood = -10848.757  
Iteration 6:   log likelihood = -10848.757  

Mixed-effects Poisson regression                Number of obs     =      5,394
Group variable: ParticipantID                   Number of groups  =      2,248

                                                Obs per group:
                                                              min =          1
                                                              avg =        2.4
                                                              max =          4

Integration method: mvaghermite                 Integration pts.  =          7

                                                Wald chi2(19)     =      67.44
Log likelihood = -10848.757                     Prob > chi2       =     0.0000
-------------------------------------------------------------------------------------
           WorryJob | Coefficient  Std. err.      z    P>|z|     [95% conf. interval]
--------------------+----------------------------------------------------------------
        JailEver_L1 |   .0639775   .0331028     1.93   0.053    -.0009028    .1288577
                    |
     GraduatedHS_L1 |
High school degree  |   -.141106   .0333803    -4.23   0.000    -.2065302   -.0756818
               GED  |  -.0276777   .0438028    -0.63   0.527    -.1135297    .0581742
                    |
       EnrollNow_L1 |  -.0105794   .0186522    -0.57   0.571     -.047137    .0259782
    Relationship_L1 |  -.0246811   .0224256    -1.10   0.271    -.0686345    .0192724
            Kids_L1 |   -.019309   .0240846    -0.80   0.423     -.066514     .027896
UnemploymentComp_L1 |  -.0276355   .0465245    -0.59   0.553    -.1188217    .0635508
         Health_L1c |  -.0006551   .0124623    -0.05   0.958    -.0250808    .0237705
          AlcUse_L1 |   -.011689   .0179226    -0.65   0.514    -.0468166    .0234387
       FINScale_L1c |  -.0069884   .0107559    -0.65   0.516    -.0280697    .0140928
       DISScale_L1c |  -.0017214   .0120473    -0.14   0.886    -.0253337     .021891
           Crash_L1 |   .0471621   .0276791     1.70   0.088     -.007088    .1014121
        ForceOut_L1 |    .017119   .0338875     0.51   0.613    -.0492993    .0835374
          Risky_L1c |   .0111724   .0170355     0.66   0.512    -.0222166    .0445614
            AGE_L1c |  -.0135748   .0052351    -2.59   0.010    -.0238354   -.0033142
                Sex |  -.0836095   .0195828    -4.27   0.000     -.121991   -.0452279
                    |
               Race |
             Black  |  -.0541279   .0214925    -2.52   0.012    -.0962524   -.0120033
          Hispanic  |   .0369852   .0378702     0.98   0.329     -.037239    .1112093
             Other  |    .000345   .0473987     0.01   0.994    -.0925548    .0932447
                    |
              _cons |    1.40559   .0433427    32.43   0.000      1.32064     1.49054
--------------------+----------------------------------------------------------------
ParticipantID       |
          var(_cons)|   .0751764    .005941                      .0643892    .0877707
-------------------------------------------------------------------------------------
LR test vs. Poisson model: chibar2(01) = 360.13       Prob >= chibar2 = 0.0000

. 
. **Probation
. mepoisson WorryJob ProbationEver_L1 if sample == 1 || ParticipantID: // bivariate

Fitting fixed-effects model:

Iteration 0:   log likelihood = -11366.784  
Iteration 1:   log likelihood = -11078.324  
Iteration 2:   log likelihood = -11077.969  
Iteration 3:   log likelihood = -11077.969  

Refining starting values:

Grid node 0:   log likelihood = -11789.643

Fitting full model:

Iteration 0:   log likelihood = -11789.643  (not concave)
Iteration 1:   log likelihood = -11183.197  (not concave)
Iteration 2:   log likelihood = -10954.053  
Iteration 3:   log likelihood = -10880.773  
Iteration 4:   log likelihood = -10878.779  
Iteration 5:   log likelihood = -10878.743  
Iteration 6:   log likelihood = -10878.743  

Mixed-effects Poisson regression                Number of obs     =      5,394
Group variable: ParticipantID                   Number of groups  =      2,248

                                                Obs per group:
                                                              min =          1
                                                              avg =        2.4
                                                              max =          4

Integration method: mvaghermite                 Integration pts.  =          7

                                                Wald chi2(1)      =       6.60
Log likelihood = -10878.743                     Prob > chi2       =     0.0102
----------------------------------------------------------------------------------
        WorryJob | Coefficient  Std. err.      z    P>|z|     [95% conf. interval]
-----------------+----------------------------------------------------------------
ProbationEver_L1 |   .0733001    .028527     2.57   0.010     .0173882     .129212
           _cons |   1.241712   .0104093   119.29   0.000     1.221311    1.262114
-----------------+----------------------------------------------------------------
ParticipantID    |
       var(_cons)|   .0795181   .0060746                      .0684606    .0923615
----------------------------------------------------------------------------------
LR test vs. Poisson model: chibar2(01) = 398.45       Prob >= chibar2 = 0.0000

. mepoisson WorryJob ProbationEver_L1 $l1controlpmc $l2control  if sample == 1 || ParticipantID: // multivariate

Fitting fixed-effects model:

Iteration 0:   log likelihood = -11313.328  
Iteration 1:   log likelihood = -11027.345  
Iteration 2:   log likelihood = -11026.996  
Iteration 3:   log likelihood = -11026.996  

Refining starting values:

Grid node 0:   log likelihood = -11779.814

Fitting full model:

Iteration 0:   log likelihood = -11779.814  (not concave)
Iteration 1:   log likelihood =  -11175.14  (not concave)
Iteration 2:   log likelihood = -10942.816  
Iteration 3:   log likelihood = -10856.571  
Iteration 4:   log likelihood = -10847.595  
Iteration 5:   log likelihood = -10847.505  
Iteration 6:   log likelihood = -10847.505  

Mixed-effects Poisson regression                Number of obs     =      5,394
Group variable: ParticipantID                   Number of groups  =      2,248

                                                Obs per group:
                                                              min =          1
                                                              avg =        2.4
                                                              max =          4

Integration method: mvaghermite                 Integration pts.  =          7

                                                Wald chi2(19)     =      69.98
Log likelihood = -10847.505                     Prob > chi2       =     0.0000
-------------------------------------------------------------------------------------
           WorryJob | Coefficient  Std. err.      z    P>|z|     [95% conf. interval]
--------------------+----------------------------------------------------------------
   ProbationEver_L1 |      .0749   .0299326     2.50   0.012     .0162332    .1335668
                    |
     GraduatedHS_L1 |
High school degree  |  -.1398415    .033224    -4.21   0.000    -.2049594   -.0747236
               GED  |  -.0319264    .043799    -0.73   0.466    -.1177708     .053918
                    |
       EnrollNow_L1 |  -.0098947   .0186552    -0.53   0.596    -.0464582    .0266687
    Relationship_L1 |  -.0253754   .0224279    -1.13   0.258    -.0693333    .0185826
            Kids_L1 |  -.0191257   .0240434    -0.80   0.426    -.0662499    .0279985
UnemploymentComp_L1 |  -.0274193   .0465189    -0.59   0.556    -.1185946     .063756
         Health_L1c |  -.0013018   .0124655    -0.10   0.917    -.0257339    .0231302
          AlcUse_L1 |  -.0133431   .0179495    -0.74   0.457    -.0485234    .0218373
       FINScale_L1c |  -.0073341   .0107587    -0.68   0.495    -.0284207    .0137525
       DISScale_L1c |  -.0012637   .0120443    -0.10   0.916    -.0248701    .0223427
           Crash_L1 |   .0475869   .0276746     1.72   0.086    -.0066543    .1018281
        ForceOut_L1 |   .0176542    .033884     0.52   0.602    -.0487573    .0840656
          Risky_L1c |   .0107347   .0170285     0.63   0.528    -.0226407      .04411
            AGE_L1c |   -.013737   .0052353    -2.62   0.009     -.023998    -.003476
                Sex |  -.0859559   .0196274    -4.38   0.000     -.124425   -.0474868
                    |
               Race |
             Black  |  -.0533647   .0214729    -2.49   0.013    -.0954509   -.0112786
          Hispanic  |   .0392315   .0378711     1.04   0.300    -.0349946    .1134575
             Other  |   .0034965   .0473023     0.07   0.941    -.0892142    .0962072
                    |
              _cons |   1.402896   .0433274    32.38   0.000     1.317976    1.487817
--------------------+----------------------------------------------------------------
ParticipantID       |
          var(_cons)|   .0750346   .0059355                      .0642581    .0876183
-------------------------------------------------------------------------------------
LR test vs. Poisson model: chibar2(01) = 358.98       Prob >= chibar2 = 0.0000

. 
. 
. 
. ****
. **TIME OUT OF THE LABOR FORCE
. ****
. 
. **Arrest
. mepoisson Discgd_Total WorryJob_L1c pm_WorryJob if sample == 1 || ParticipantID: // bivariate

Fitting fixed-effects model:

Iteration 0:   log likelihood = -52647.229  
Iteration 1:   log likelihood = -30495.571  
Iteration 2:   log likelihood = -30313.906  
Iteration 3:   log likelihood = -30312.938  
Iteration 4:   log likelihood = -30312.938  

Refining starting values:

Grid node 0:   log likelihood =  -18816.91

Fitting full model:

Iteration 0:   log likelihood =  -18816.91  
Iteration 1:   log likelihood = -17976.208  
Iteration 2:   log likelihood = -17649.675  
Iteration 3:   log likelihood = -17622.338  
Iteration 4:   log likelihood = -17621.488  
Iteration 5:   log likelihood = -17621.489  

Mixed-effects Poisson regression                Number of obs     =      5,394
Group variable: ParticipantID                   Number of groups  =      2,248

                                                Obs per group:
                                                              min =          1
                                                              avg =        2.4
                                                              max =          4

Integration method: mvaghermite                 Integration pts.  =          7

                                                Wald chi2(2)      =      42.71
Log likelihood = -17621.489                     Prob > chi2       =     0.0000
-------------------------------------------------------------------------------
 Discgd_Total | Coefficient  Std. err.      z    P>|z|     [95% conf. interval]
--------------+----------------------------------------------------------------
 WorryJob_L1c |   .0334636   .0057973     5.77   0.000     .0221011     .044826
  pm_WorryJob |    .092792   .0304437     3.05   0.002     .0331234    .1524605
        _cons |  -.3416488   .1239348    -2.76   0.006    -.5845566    -.098741
--------------+----------------------------------------------------------------
ParticipantID |
    var(_cons)|   4.825924   .2375074                      4.382165    5.314621
-------------------------------------------------------------------------------
LR test vs. Poisson model: chibar2(01) = 25382.90     Prob >= chibar2 = 0.0000

. mepoisson Discgd_Total ArrestEver_L1 if sample == 1 || ParticipantID: // bivariate

Fitting fixed-effects model:

Iteration 0:   log likelihood = -52313.111  
Iteration 1:   log likelihood = -30369.636  
Iteration 2:   log likelihood =  -30179.95  
Iteration 3:   log likelihood = -30178.859  
Iteration 4:   log likelihood = -30178.859  

Refining starting values:

Grid node 0:   log likelihood = -18795.574

Fitting full model:

Iteration 0:   log likelihood = -18795.574  
Iteration 1:   log likelihood =  -17964.51  
Iteration 2:   log likelihood = -17642.783  
Iteration 3:   log likelihood = -17616.346  
Iteration 4:   log likelihood = -17615.577  
Iteration 5:   log likelihood = -17615.578  

Mixed-effects Poisson regression                Number of obs     =      5,394
Group variable: ParticipantID                   Number of groups  =      2,248

                                                Obs per group:
                                                              min =          1
                                                              avg =        2.4
                                                              max =          4

Integration method: mvaghermite                 Integration pts.  =          7

                                                Wald chi2(1)      =      54.20
Log likelihood = -17615.578                     Prob > chi2       =     0.0000
-------------------------------------------------------------------------------
 Discgd_Total | Coefficient  Std. err.      z    P>|z|     [95% conf. interval]
--------------+----------------------------------------------------------------
ArrestEver_L1 |  -.3318182    .045073    -7.36   0.000    -.4201596   -.2434767
        _cons |   .0773185   .0529032     1.46   0.144    -.0263699    .1810069
--------------+----------------------------------------------------------------
ParticipantID |
    var(_cons)|   4.791107   .2359665                      4.350241     5.27665
-------------------------------------------------------------------------------
LR test vs. Poisson model: chibar2(01) = 25126.56     Prob >= chibar2 = 0.0000

. mepoisson Discgd_Total WorryJob_L1c pm_WorryJob ArrestEver_L1 if sample == 1 || ParticipantID: // multivariate

Fitting fixed-effects model:

Iteration 0:   log likelihood = -52136.684  
Iteration 1:   log likelihood = -30291.781  
Iteration 2:   log likelihood =   -30097.3  
Iteration 3:   log likelihood = -30096.082  
Iteration 4:   log likelihood = -30096.082  

Refining starting values:

Grid node 0:   log likelihood = -18768.539

Fitting full model:

Iteration 0:   log likelihood = -18768.539  
Iteration 1:   log likelihood = -17940.998  
Iteration 2:   log likelihood = -17622.118  
Iteration 3:   log likelihood = -17596.202  
Iteration 4:   log likelihood = -17595.477  
Iteration 5:   log likelihood = -17595.478  

Mixed-effects Poisson regression                Number of obs     =      5,394
Group variable: ParticipantID                   Number of groups  =      2,248

                                                Obs per group:
                                                              min =          1
                                                              avg =        2.4
                                                              max =          4

Integration method: mvaghermite                 Integration pts.  =          7

                                                Wald chi2(3)      =      95.57
Log likelihood = -17595.478                     Prob > chi2       =     0.0000
-------------------------------------------------------------------------------
 Discgd_Total | Coefficient  Std. err.      z    P>|z|     [95% conf. interval]
--------------+----------------------------------------------------------------
 WorryJob_L1c |   .0324554   .0058064     5.59   0.000      .021075    .0438358
  pm_WorryJob |   .0985138   .0303467     3.25   0.001     .0390354    .1579921
ArrestEver_L1 |  -.3296135    .045194    -7.29   0.000    -.4181921   -.2410349
        _cons |  -.2841558   .1237251    -2.30   0.022    -.5266526    -.041659
--------------+----------------------------------------------------------------
ParticipantID |
    var(_cons)|   4.761166   .2345502                      4.322952    5.243801
-------------------------------------------------------------------------------
LR test vs. Poisson model: chibar2(01) = 25001.21     Prob >= chibar2 = 0.0000

. mepoisson Discgd_Total WorryJob_L1c pm_WorryJob ArrestEver_L1 $l1controlpmc $l2control  if sample == 1 || ParticipantID: // multivariate

Fitting fixed-effects model:

Iteration 0:   log likelihood = -46726.594  
Iteration 1:   log likelihood = -28257.299  
Iteration 2:   log likelihood = -27957.176  
Iteration 3:   log likelihood = -27953.117  
Iteration 4:   log likelihood = -27953.116  

Refining starting values:

Grid node 0:   log likelihood = -17781.984

Fitting full model:

Iteration 0:   log likelihood = -17781.984  
Iteration 1:   log likelihood = -16914.226  
Iteration 2:   log likelihood = -16652.708  
Iteration 3:   log likelihood = -16598.529  
Iteration 4:   log likelihood = -16595.589  
Iteration 5:   log likelihood =   -16595.6  
Iteration 6:   log likelihood = -16595.602  

Mixed-effects Poisson regression                Number of obs     =      5,394
Group variable: ParticipantID                   Number of groups  =      2,248

                                                Obs per group:
                                                              min =          1
                                                              avg =        2.4
                                                              max =          4

Integration method: mvaghermite                 Integration pts.  =          7

                                                Wald chi2(21)     =    1919.59
Log likelihood = -16595.602                     Prob > chi2       =     0.0000
-------------------------------------------------------------------------------------
       Discgd_Total | Coefficient  Std. err.      z    P>|z|     [95% conf. interval]
--------------------+----------------------------------------------------------------
       WorryJob_L1c |   .0372584   .0060204     6.19   0.000     .0254585    .0490583
        pm_WorryJob |   .0729694   .0302752     2.41   0.016     .0136311    .1323077
      ArrestEver_L1 |  -.0483911   .0478664    -1.01   0.312    -.1422076    .0454254
                    |
     GraduatedHS_L1 |
High school degree  |  -.5770508   .0822745    -7.01   0.000    -.7383059   -.4157957
               GED  |  -.0375116   .0756276    -0.50   0.620    -.1857389    .1107157
                    |
       EnrollNow_L1 |   .6314563    .027099    23.30   0.000     .5783433    .6845693
    Relationship_L1 |   .0124768   .0317481     0.39   0.694    -.0497482    .0747019
            Kids_L1 |   .3278655   .0367208     8.93   0.000     .2558941    .3998369
UnemploymentComp_L1 |   .2277517   .0643322     3.54   0.000     .1016629    .3538405
         Health_L1c |  -.0487144   .0128834    -3.78   0.000    -.0739654   -.0234634
          AlcUse_L1 |   -.049323   .0252486    -1.95   0.051    -.0988094    .0001634
       FINScale_L1c |  -.2299558   .0105635   -21.77   0.000    -.2506599   -.2092517
       DISScale_L1c |  -.0453564   .0135954    -3.34   0.001    -.0720028   -.0187099
           Crash_L1 |   .0058022   .0297619     0.19   0.845    -.0525301    .0641345
        ForceOut_L1 |   .1865586     .04019     4.64   0.000     .1077876    .2653295
          Risky_L1c |  -.0295657   .0198742    -1.49   0.137    -.0685184    .0093871
            AGE_L1c |  -.0281721   .0068228    -4.13   0.000    -.0415445   -.0147998
                Sex |  -.3723572   .0923802    -4.03   0.000    -.5534191   -.1912952
                    |
               Race |
             Black  |  -.3743822    .098708    -3.79   0.000    -.5678462   -.1809181
          Hispanic  |  -.1103274   .1800787    -0.61   0.540    -.4632752    .2426204
             Other  |   .0377038   .2226611     0.17   0.866    -.3987039    .4741115
                    |
              _cons |   .1698058   .1683424     1.01   0.313    -.1601393     .499751
--------------------+----------------------------------------------------------------
ParticipantID       |
          var(_cons)|   4.505308   .2230881                       4.08861    4.964473
-------------------------------------------------------------------------------------
LR test vs. Poisson model: chibar2(01) = 22715.03     Prob >= chibar2 = 0.0000

. 
. **Jail
. mepoisson Discgd_Total WorryJob_L1c pm_WorryJob if sample == 1 || ParticipantID: // bivariate

Fitting fixed-effects model:

Iteration 0:   log likelihood = -52647.229  
Iteration 1:   log likelihood = -30495.571  
Iteration 2:   log likelihood = -30313.906  
Iteration 3:   log likelihood = -30312.938  
Iteration 4:   log likelihood = -30312.938  

Refining starting values:

Grid node 0:   log likelihood =  -18816.91

Fitting full model:

Iteration 0:   log likelihood =  -18816.91  
Iteration 1:   log likelihood = -17976.208  
Iteration 2:   log likelihood = -17649.675  
Iteration 3:   log likelihood = -17622.338  
Iteration 4:   log likelihood = -17621.488  
Iteration 5:   log likelihood = -17621.489  

Mixed-effects Poisson regression                Number of obs     =      5,394
Group variable: ParticipantID                   Number of groups  =      2,248

                                                Obs per group:
                                                              min =          1
                                                              avg =        2.4
                                                              max =          4

Integration method: mvaghermite                 Integration pts.  =          7

                                                Wald chi2(2)      =      42.71
Log likelihood = -17621.489                     Prob > chi2       =     0.0000
-------------------------------------------------------------------------------
 Discgd_Total | Coefficient  Std. err.      z    P>|z|     [95% conf. interval]
--------------+----------------------------------------------------------------
 WorryJob_L1c |   .0334636   .0057973     5.77   0.000     .0221011     .044826
  pm_WorryJob |    .092792   .0304437     3.05   0.002     .0331234    .1524605
        _cons |  -.3416488   .1239348    -2.76   0.006    -.5845566    -.098741
--------------+----------------------------------------------------------------
ParticipantID |
    var(_cons)|   4.825924   .2375074                      4.382165    5.314621
-------------------------------------------------------------------------------
LR test vs. Poisson model: chibar2(01) = 25382.90     Prob >= chibar2 = 0.0000

. mepoisson Discgd_Total JailEver_L1 if sample == 1 || ParticipantID: // bivariate

Fitting fixed-effects model:

Iteration 0:   log likelihood = -52663.218  
Iteration 1:   log likelihood = -30496.632  
Iteration 2:   log likelihood = -30313.912  
Iteration 3:   log likelihood =  -30312.95  
Iteration 4:   log likelihood =  -30312.95  

Refining starting values:

Grid node 0:   log likelihood =  -18820.57

Fitting full model:

Iteration 0:   log likelihood =  -18820.57  
Iteration 1:   log likelihood = -17981.744  
Iteration 2:   log likelihood = -17655.764  
Iteration 3:   log likelihood = -17628.532  
Iteration 4:   log likelihood = -17627.692  
Iteration 5:   log likelihood = -17627.693  

Mixed-effects Poisson regression                Number of obs     =      5,394
Group variable: ParticipantID                   Number of groups  =      2,248

                                                Obs per group:
                                                              min =          1
                                                              avg =        2.4
                                                              max =          4

Integration method: mvaghermite                 Integration pts.  =          7

                                                Wald chi2(1)      =      29.48
Log likelihood = -17627.693                     Prob > chi2       =     0.0000
-------------------------------------------------------------------------------
 Discgd_Total | Coefficient  Std. err.      z    P>|z|     [95% conf. interval]
--------------+----------------------------------------------------------------
  JailEver_L1 |  -.3575917   .0658579    -5.43   0.000    -.4866709   -.2285125
        _cons |    .030371   .0523316     0.58   0.562     -.072197     .132939
--------------+----------------------------------------------------------------
ParticipantID |
    var(_cons)|   4.826075   .2375484                      4.382241    5.314859
-------------------------------------------------------------------------------
LR test vs. Poisson model: chibar2(01) = 25370.51     Prob >= chibar2 = 0.0000

. mepoisson Discgd_Total WorryJob_L1c pm_WorryJob JailEver_L1 if sample == 1 || ParticipantID: // multivariate

Fitting fixed-effects model:

Iteration 0:   log likelihood = -52507.757  
Iteration 1:   log likelihood = -30424.637  
Iteration 2:   log likelihood =  -30237.16  
Iteration 3:   log likelihood = -30236.071  
Iteration 4:   log likelihood = -30236.071  

Refining starting values:

Grid node 0:   log likelihood = -18792.565

Fitting full model:

Iteration 0:   log likelihood = -18792.565  
Iteration 1:   log likelihood = -17956.936  
Iteration 2:   log likelihood = -17633.651  
Iteration 3:   log likelihood = -17606.924  
Iteration 4:   log likelihood = -17606.128  
Iteration 5:   log likelihood = -17606.129  

Mixed-effects Poisson regression                Number of obs     =      5,394
Group variable: ParticipantID                   Number of groups  =      2,248

                                                Obs per group:
                                                              min =          1
                                                              avg =        2.4
                                                              max =          4

Integration method: mvaghermite                 Integration pts.  =          7

                                                Wald chi2(3)      =      74.08
Log likelihood = -17606.129                     Prob > chi2       =     0.0000
-------------------------------------------------------------------------------
 Discgd_Total | Coefficient  Std. err.      z    P>|z|     [95% conf. interval]
--------------+----------------------------------------------------------------
 WorryJob_L1c |   .0340473   .0058042     5.87   0.000     .0226714    .0454233
  pm_WorryJob |   .0976139   .0304085     3.21   0.001     .0380143    .1572134
  JailEver_L1 |  -.3696349    .065892    -5.61   0.000    -.4987808   -.2404891
        _cons |  -.3266835   .1237726    -2.64   0.008    -.5692733   -.0840937
--------------+----------------------------------------------------------------
ParticipantID |
    var(_cons)|   4.797356   .2361689                      4.356103    5.283306
-------------------------------------------------------------------------------
LR test vs. Poisson model: chibar2(01) = 25259.88     Prob >= chibar2 = 0.0000

. mepoisson Discgd_Total WorryJob_L1c pm_WorryJob JailEver_L1 $l1controlpmc $l2control  if sample == 1 || ParticipantID: // multivariate

Fitting fixed-effects model:

Iteration 0:   log likelihood = -46792.584  
Iteration 1:   log likelihood = -28285.617  
Iteration 2:   log likelihood = -27986.786  
Iteration 3:   log likelihood = -27982.784  
Iteration 4:   log likelihood = -27982.783  

Refining starting values:

Grid node 0:   log likelihood = -17784.999

Fitting full model:

Iteration 0:   log likelihood = -17784.999  
Iteration 1:   log likelihood = -16914.138  
Iteration 2:   log likelihood = -16652.041  
Iteration 3:   log likelihood = -16597.793  
Iteration 4:   log likelihood =  -16594.71  
Iteration 5:   log likelihood = -16594.722  
Iteration 6:   log likelihood = -16594.723  

Mixed-effects Poisson regression                Number of obs     =      5,394
Group variable: ParticipantID                   Number of groups  =      2,248

                                                Obs per group:
                                                              min =          1
                                                              avg =        2.4
                                                              max =          4

Integration method: mvaghermite                 Integration pts.  =          7

                                                Wald chi2(21)     =    1921.29
Log likelihood = -16594.723                     Prob > chi2       =     0.0000
-------------------------------------------------------------------------------------
       Discgd_Total | Coefficient  Std. err.      z    P>|z|     [95% conf. interval]
--------------------+----------------------------------------------------------------
       WorryJob_L1c |   .0376269   .0060199     6.25   0.000     .0258282    .0494256
        pm_WorryJob |   .0734411   .0302727     2.43   0.015     .0141077    .1327744
        JailEver_L1 |   -.114021   .0679095    -1.68   0.093    -.2471211    .0190792
                    |
     GraduatedHS_L1 |
High school degree  |  -.5798444   .0822733    -7.05   0.000    -.7410971   -.4185917
               GED  |  -.0340146   .0756254    -0.45   0.653    -.1822376    .1142085
                    |
       EnrollNow_L1 |   .6312346    .027101    23.29   0.000     .5781176    .6843516
    Relationship_L1 |   .0141706   .0317299     0.45   0.655    -.0480188    .0763601
            Kids_L1 |   .3280388   .0367201     8.93   0.000     .2560686    .4000089
UnemploymentComp_L1 |   .2289487   .0643361     3.56   0.000     .1028522    .3550452
         Health_L1c |  -.0498079   .0128906    -3.86   0.000     -.075073   -.0245428
          AlcUse_L1 |  -.0508893   .0252798    -2.01   0.044    -.1004369   -.0013417
       FINScale_L1c |   -.230183   .0105607   -21.80   0.000    -.2508816   -.2094844
       DISScale_L1c |  -.0458922   .0135976    -3.38   0.001    -.0725429   -.0192415
           Crash_L1 |   .0074897    .029785     0.25   0.801    -.0508878    .0658673
        ForceOut_L1 |   .1876348   .0401933     4.67   0.000     .1088575    .2664121
          Risky_L1c |  -.0283738   .0198628    -1.43   0.153    -.0673041    .0105565
            AGE_L1c |  -.0280964   .0067816    -4.14   0.000    -.0413881   -.0148046
                Sex |  -.3718339   .0921503    -4.04   0.000    -.5524453   -.1912226
                    |
               Race |
             Black  |  -.3743724   .0986591    -3.79   0.000    -.5677406   -.1810042
          Hispanic  |  -.1094587   .1800415    -0.61   0.543    -.4623335    .2434161
             Other  |   .0445938   .2226908     0.20   0.841    -.3918722    .4810597
                    |
              _cons |   .1675932   .1681743     1.00   0.319    -.1620224    .4972087
--------------------+----------------------------------------------------------------
ParticipantID       |
          var(_cons)|   4.504598   .2228891                      4.088258    4.963337
-------------------------------------------------------------------------------------
LR test vs. Poisson model: chibar2(01) = 22776.12     Prob >= chibar2 = 0.0000

. 
. **Probation
. mepoisson Discgd_Total WorryJob_L1c pm_WorryJob if sample == 1 || ParticipantID: // bivariate

Fitting fixed-effects model:

Iteration 0:   log likelihood = -52647.229  
Iteration 1:   log likelihood = -30495.571  
Iteration 2:   log likelihood = -30313.906  
Iteration 3:   log likelihood = -30312.938  
Iteration 4:   log likelihood = -30312.938  

Refining starting values:

Grid node 0:   log likelihood =  -18816.91

Fitting full model:

Iteration 0:   log likelihood =  -18816.91  
Iteration 1:   log likelihood = -17976.208  
Iteration 2:   log likelihood = -17649.675  
Iteration 3:   log likelihood = -17622.338  
Iteration 4:   log likelihood = -17621.488  
Iteration 5:   log likelihood = -17621.489  

Mixed-effects Poisson regression                Number of obs     =      5,394
Group variable: ParticipantID                   Number of groups  =      2,248

                                                Obs per group:
                                                              min =          1
                                                              avg =        2.4
                                                              max =          4

Integration method: mvaghermite                 Integration pts.  =          7

                                                Wald chi2(2)      =      42.71
Log likelihood = -17621.489                     Prob > chi2       =     0.0000
-------------------------------------------------------------------------------
 Discgd_Total | Coefficient  Std. err.      z    P>|z|     [95% conf. interval]
--------------+----------------------------------------------------------------
 WorryJob_L1c |   .0334636   .0057973     5.77   0.000     .0221011     .044826
  pm_WorryJob |    .092792   .0304437     3.05   0.002     .0331234    .1524605
        _cons |  -.3416488   .1239348    -2.76   0.006    -.5845566    -.098741
--------------+----------------------------------------------------------------
ParticipantID |
    var(_cons)|   4.825924   .2375074                      4.382165    5.314621
-------------------------------------------------------------------------------
LR test vs. Poisson model: chibar2(01) = 25382.90     Prob >= chibar2 = 0.0000

. mepoisson Discgd_Total ProbationEver_L1 if sample == 1 || ParticipantID: // bivariate

Fitting fixed-effects model:

Iteration 0:   log likelihood = -52475.397  
Iteration 1:   log likelihood = -30455.678  
Iteration 2:   log likelihood = -30272.402  
Iteration 3:   log likelihood = -30271.461  
Iteration 4:   log likelihood = -30271.461  

Refining starting values:

Grid node 0:   log likelihood = -18816.047

Fitting full model:

Iteration 0:   log likelihood = -18816.047  
Iteration 1:   log likelihood = -17979.108  
Iteration 2:   log likelihood = -17653.445  
Iteration 3:   log likelihood =  -17626.28  
Iteration 4:   log likelihood = -17625.448  
Iteration 5:   log likelihood = -17625.449  

Mixed-effects Poisson regression                Number of obs     =      5,394
Group variable: ParticipantID                   Number of groups  =      2,248

                                                Obs per group:
                                                              min =          1
                                                              avg =        2.4
                                                              max =          4

Integration method: mvaghermite                 Integration pts.  =          7

                                                Wald chi2(1)      =      34.12
Log likelihood = -17625.449                     Prob > chi2       =     0.0000
----------------------------------------------------------------------------------
    Discgd_Total | Coefficient  Std. err.      z    P>|z|     [95% conf. interval]
-----------------+----------------------------------------------------------------
ProbationEver_L1 |    -.35997   .0616299    -5.84   0.000    -.4807623   -.2391777
           _cons |   .0387091   .0524388     0.74   0.460    -.0640691    .1414873
-----------------+----------------------------------------------------------------
ParticipantID    |
       var(_cons)|    4.82868   .2376645                      4.384629    5.317702
----------------------------------------------------------------------------------
LR test vs. Poisson model: chibar2(01) = 25292.02     Prob >= chibar2 = 0.0000

. mepoisson Discgd_Total WorryJob_L1c pm_WorryJob ProbationEver_L1 if sample == 1 || ParticipantID: // multivariate

Fitting fixed-effects model:

Iteration 0:   log likelihood = -52301.143  
Iteration 1:   log likelihood = -30381.585  
Iteration 2:   log likelihood = -30193.835  
Iteration 3:   log likelihood = -30192.784  
Iteration 4:   log likelihood = -30192.784  

Refining starting values:

Grid node 0:   log likelihood = -18788.182

Fitting full model:

Iteration 0:   log likelihood = -18788.182  
Iteration 1:   log likelihood = -17954.398  
Iteration 2:   log likelihood = -17631.458  
Iteration 3:   log likelihood = -17604.807  
Iteration 4:   log likelihood =  -17604.02  
Iteration 5:   log likelihood = -17604.021  

Mixed-effects Poisson regression                Number of obs     =      5,394
Group variable: ParticipantID                   Number of groups  =      2,248

                                                Obs per group:
                                                              min =          1
                                                              avg =        2.4
                                                              max =          4

Integration method: mvaghermite                 Integration pts.  =          7

                                                Wald chi2(3)      =      78.38
Log likelihood = -17604.021                     Prob > chi2       =     0.0000
----------------------------------------------------------------------------------
    Discgd_Total | Coefficient  Std. err.      z    P>|z|     [95% conf. interval]
-----------------+----------------------------------------------------------------
    WorryJob_L1c |   .0338279    .005799     5.83   0.000      .022462    .0451938
     pm_WorryJob |    .098264   .0304179     3.23   0.001      .038646    .1578821
ProbationEver_L1 |  -.3693474    .061718    -5.98   0.000    -.4903125   -.2483823
           _cons |  -.3206673   .1238003    -2.59   0.010    -.5633114   -.0780232
-----------------+----------------------------------------------------------------
ParticipantID    |
       var(_cons)|   4.799599   .2362639                      4.358168    5.285743
----------------------------------------------------------------------------------
LR test vs. Poisson model: chibar2(01) = 25177.53     Prob >= chibar2 = 0.0000

. mepoisson Discgd_Total WorryJob_L1c pm_WorryJob ProbationEver_L1 $l1controlpmc $l2control  if sample == 1 || ParticipantID: // multivariat
> e

Fitting fixed-effects model:

Iteration 0:   log likelihood = -46723.328  
Iteration 1:   log likelihood = -28276.683  
Iteration 2:   log likelihood = -27978.238  
Iteration 3:   log likelihood = -27974.255  
Iteration 4:   log likelihood = -27974.255  

Refining starting values:

Grid node 0:   log likelihood = -17782.606

Fitting full model:

Iteration 0:   log likelihood = -17782.606  
Iteration 1:   log likelihood = -16911.519  
Iteration 2:   log likelihood = -16649.475  
Iteration 3:   log likelihood = -16595.362  
Iteration 4:   log likelihood = -16592.342  
Iteration 5:   log likelihood = -16592.354  
Iteration 6:   log likelihood = -16592.355  

Mixed-effects Poisson regression                Number of obs     =      5,394
Group variable: ParticipantID                   Number of groups  =      2,248

                                                Obs per group:
                                                              min =          1
                                                              avg =        2.4
                                                              max =          4

Integration method: mvaghermite                 Integration pts.  =          7

                                                Wald chi2(21)     =    1925.64
Log likelihood = -16592.355                     Prob > chi2       =     0.0000
-------------------------------------------------------------------------------------
       Discgd_Total | Coefficient  Std. err.      z    P>|z|     [95% conf. interval]
--------------------+----------------------------------------------------------------
       WorryJob_L1c |   .0374834    .006018     6.23   0.000     .0256883    .0492785
        pm_WorryJob |   .0744982   .0302771     2.46   0.014     .0151561    .1338403
   ProbationEver_L1 |   -.178745   .0645673    -2.77   0.006    -.3052945   -.0521954
                    |
     GraduatedHS_L1 |
High school degree  |  -.5888803   .0823414    -7.15   0.000    -.7502664   -.4274942
               GED  |  -.0292978   .0756178    -0.39   0.698     -.177506    .1189104
                    |
       EnrollNow_L1 |   .6319074   .0271007    23.32   0.000      .578791    .6850238
    Relationship_L1 |   .0124111    .031726     0.39   0.696    -.0497706    .0745929
            Kids_L1 |   .3320757   .0367525     9.04   0.000     .2600421    .4041092
UnemploymentComp_L1 |   .2338639   .0642664     3.64   0.000     .1079041    .3598237
         Health_L1c |  -.0486979   .0128739    -3.78   0.000    -.0739304   -.0234655
          AlcUse_L1 |  -.0482632   .0252473    -1.91   0.056     -.097747    .0012206
       FINScale_L1c |  -.2304767   .0105569   -21.83   0.000    -.2511678   -.2097857
       DISScale_L1c |  -.0447035   .0135997    -3.29   0.001    -.0713583   -.0180486
           Crash_L1 |   .0065906   .0297655     0.22   0.825    -.0517488    .0649299
        ForceOut_L1 |   .1840744   .0401974     4.58   0.000     .1052889    .2628599
          Risky_L1c |  -.0299414   .0198626    -1.51   0.132    -.0688713    .0089885
            AGE_L1c |  -.0275137   .0067763    -4.06   0.000    -.0407951   -.0142323
                Sex |  -.3637428   .0921973    -3.95   0.000    -.5444461   -.1830395
                    |
               Race |
             Black  |   -.374028   .0986445    -3.79   0.000    -.5673678   -.1806883
          Hispanic  |  -.1145679    .180084    -0.64   0.525     -.467526    .2383901
             Other  |   .0405508   .2227032     0.18   0.856    -.3959395    .4770411
                    |
              _cons |   .1752043   .1681924     1.04   0.298    -.1544468    .5048553
--------------------+----------------------------------------------------------------
ParticipantID       |
          var(_cons)|   4.505332   .2228236                      4.089105    4.963926
-------------------------------------------------------------------------------------
LR test vs. Poisson model: chibar2(01) = 22763.80     Prob >= chibar2 = 0.0000

. 
. 
. 
. ****
. **TIME SEARCHING FOR WORK
. ****
. 
. **Arrest
. mepoisson Searching_Total WorryJob_L1c pm_WorryJob if sample == 1 || ParticipantID: // bivariate

Fitting fixed-effects model:

Iteration 0:   log likelihood = -46114.995  
Iteration 1:   log likelihood = -21651.832  
Iteration 2:   log likelihood = -21633.802  
Iteration 3:   log likelihood =  -21633.79  
Iteration 4:   log likelihood =  -21633.79  

Refining starting values:

Grid node 0:   log likelihood = -14512.055

Fitting full model:

Iteration 0:   log likelihood = -14512.055  
Iteration 1:   log likelihood = -13927.578  
Iteration 2:   log likelihood = -13778.306  
Iteration 3:   log likelihood = -13763.176  
Iteration 4:   log likelihood = -13763.094  
Iteration 5:   log likelihood = -13763.106  
Iteration 6:   log likelihood = -13763.107  

Mixed-effects Poisson regression                Number of obs     =      5,394
Group variable: ParticipantID                   Number of groups  =      2,248

                                                Obs per group:
                                                              min =          1
                                                              avg =        2.4
                                                              max =          4

Integration method: mvaghermite                 Integration pts.  =          7

                                                Wald chi2(2)      =      50.91
Log likelihood = -13763.107                     Prob > chi2       =     0.0000
---------------------------------------------------------------------------------
Searching_Total | Coefficient  Std. err.      z    P>|z|     [95% conf. interval]
----------------+----------------------------------------------------------------
   WorryJob_L1c |   .0177358   .0068763     2.58   0.010     .0042585    .0312131
    pm_WorryJob |   .1787911   .0269115     6.64   0.000     .1260455    .2315367
          _cons |   -.870623   .1111465    -7.83   0.000    -1.088466   -.6527799
----------------+----------------------------------------------------------------
ParticipantID   |
      var(_cons)|   3.252495   .1598389                      2.953831    3.581357
---------------------------------------------------------------------------------
LR test vs. Poisson model: chibar2(01) = 15741.37     Prob >= chibar2 = 0.0000

. mepoisson Searching_Total ArrestEver_L1 if sample == 1 || ParticipantID: // bivariate

Fitting fixed-effects model:

Iteration 0:   log likelihood = -45422.216  
Iteration 1:   log likelihood = -21576.975  
Iteration 2:   log likelihood = -21572.403  
Iteration 3:   log likelihood = -21572.402  

Refining starting values:

Grid node 0:   log likelihood = -14510.587

Fitting full model:

Iteration 0:   log likelihood = -14510.587  
Iteration 1:   log likelihood = -13927.926  
Iteration 2:   log likelihood = -13767.283  
Iteration 3:   log likelihood = -13763.487  
Iteration 4:   log likelihood = -13763.495  
Iteration 5:   log likelihood = -13763.506  
Iteration 6:   log likelihood = -13763.507  

Mixed-effects Poisson regression                Number of obs     =      5,394
Group variable: ParticipantID                   Number of groups  =      2,248

                                                Obs per group:
                                                              min =          1
                                                              avg =        2.4
                                                              max =          4

Integration method: mvaghermite                 Integration pts.  =          7

                                                Wald chi2(1)      =      46.35
Log likelihood = -13763.507                     Prob > chi2       =     0.0000
---------------------------------------------------------------------------------
Searching_Total | Coefficient  Std. err.      z    P>|z|     [95% conf. interval]
----------------+----------------------------------------------------------------
  ArrestEver_L1 |   .2970435   .0436311     6.81   0.000     .2115281     .382559
          _cons |  -.2796157   .0470736    -5.94   0.000    -.3718783   -.1873531
----------------+----------------------------------------------------------------
ParticipantID   |
      var(_cons)|   3.259073   .1605767                      2.959067    3.589495
---------------------------------------------------------------------------------
LR test vs. Poisson model: chibar2(01) = 15617.79     Prob >= chibar2 = 0.0000

. mepoisson Searching_Total WorryJob_L1c pm_WorryJob ArrestEver_L1 if sample == 1 || ParticipantID: // multivariate

Fitting fixed-effects model:

Iteration 0:   log likelihood = -44710.374  
Iteration 1:   log likelihood = -21362.665  
Iteration 2:   log likelihood = -21342.631  
Iteration 3:   log likelihood = -21342.613  
Iteration 4:   log likelihood = -21342.613  

Refining starting values:

Grid node 0:   log likelihood = -14462.932

Fitting full model:

Iteration 0:   log likelihood = -14462.932  
Iteration 1:   log likelihood = -13897.218  
Iteration 2:   log likelihood = -13755.533  
Iteration 3:   log likelihood = -13742.079  
Iteration 4:   log likelihood = -13742.044  
Iteration 5:   log likelihood = -13742.053  
Iteration 6:   log likelihood = -13742.054  

Mixed-effects Poisson regression                Number of obs     =      5,394
Group variable: ParticipantID                   Number of groups  =      2,248

                                                Obs per group:
                                                              min =          1
                                                              avg =        2.4
                                                              max =          4

Integration method: mvaghermite                 Integration pts.  =          7

                                                Wald chi2(3)      =      93.43
Log likelihood = -13742.054                     Prob > chi2       =     0.0000
---------------------------------------------------------------------------------
Searching_Total | Coefficient  Std. err.      z    P>|z|     [95% conf. interval]
----------------+----------------------------------------------------------------
   WorryJob_L1c |   .0143117   .0068965     2.08   0.038     .0007948    .0278287
    pm_WorryJob |   .1729103   .0267129     6.47   0.000     .1205541    .2252665
  ArrestEver_L1 |     .28352   .0436946     6.49   0.000       .19788    .3691599
          _cons |   -.907453   .1104688    -8.21   0.000    -1.123968   -.6909381
----------------+----------------------------------------------------------------
ParticipantID   |
      var(_cons)|   3.178693   .1567477                      2.885853     3.50125
---------------------------------------------------------------------------------
LR test vs. Poisson model: chibar2(01) = 15201.12     Prob >= chibar2 = 0.0000

. mepoisson Searching_Total WorryJob_L1c pm_WorryJob ArrestEver_L1 $l1controlpmc $l2control  if sample == 1 || ParticipantID: // multivariat
> e

Fitting fixed-effects model:

Iteration 0:   log likelihood = -38954.085  
Iteration 1:   log likelihood = -19991.743  
Iteration 2:   log likelihood = -19920.551  
Iteration 3:   log likelihood = -19920.079  
Iteration 4:   log likelihood = -19920.079  

Refining starting values:

Grid node 0:   log likelihood = -14226.858

Fitting full model:

Iteration 0:   log likelihood = -14226.858  
Iteration 1:   log likelihood = -13681.121  
Iteration 2:   log likelihood = -13568.244  
Iteration 3:   log likelihood = -13558.965  
Iteration 4:   log likelihood =  -13558.81  
Iteration 5:   log likelihood = -13558.822  
Iteration 6:   log likelihood = -13558.823  

Mixed-effects Poisson regression                Number of obs     =      5,394
Group variable: ParticipantID                   Number of groups  =      2,248

                                                Obs per group:
                                                              min =          1
                                                              avg =        2.4
                                                              max =          4

Integration method: mvaghermite                 Integration pts.  =          7

                                                Wald chi2(21)     =     471.99
Log likelihood = -13558.823                     Prob > chi2       =     0.0000
-------------------------------------------------------------------------------------
    Searching_Total | Coefficient  Std. err.      z    P>|z|     [95% conf. interval]
--------------------+----------------------------------------------------------------
       WorryJob_L1c |   .0131394   .0070702     1.86   0.063    -.0007179    .0269967
        pm_WorryJob |   .1740023   .0258713     6.73   0.000     .1232955     .224709
      ArrestEver_L1 |   .2664382   .0459589     5.80   0.000     .1763604     .356516
                    |
     GraduatedHS_L1 |
High school degree  |   -.185666   .0747862    -2.48   0.013    -.3322443   -.0390878
               GED  |    .116985    .076714     1.52   0.127    -.0333717    .2673417
                    |
       EnrollNow_L1 |  -.0017842   .0301778    -0.06   0.953    -.0609315    .0573632
    Relationship_L1 |  -.1559015   .0350367    -4.45   0.000    -.2245722   -.0872308
            Kids_L1 |   .1041131    .038754     2.69   0.007     .0281568    .1800695
UnemploymentComp_L1 |   .1485682   .0527783     2.81   0.005     .0451247    .2520117
         Health_L1c |   .0000242   .0152871     0.00   0.999     -.029938    .0299864
          AlcUse_L1 |  -.0001407   .0293713    -0.00   0.996    -.0577073    .0574259
       FINScale_L1c |   -.107107   .0139828    -7.66   0.000    -.1345128   -.0797012
       DISScale_L1c |  -.0375217   .0151584    -2.48   0.013    -.0672316   -.0078118
           Crash_L1 |   .3716869   .0365055    10.18   0.000     .3001374    .4432363
        ForceOut_L1 |   .0073355   .0490314     0.15   0.881    -.0887642    .1034352
          Risky_L1c |  -.0256568   .0224038    -1.15   0.252    -.0695675    .0182538
            AGE_L1c |  -.0408345   .0082535    -4.95   0.000    -.0570112   -.0246579
                Sex |  -.0691935   .0791628    -0.87   0.382    -.2243497    .0859628
                    |
               Race |
             Black  |   .8837314   .0846438    10.44   0.000     .7178327     1.04963
          Hispanic  |   .0317962   .1602494     0.20   0.843     -.282287    .3458793
             Other  |    .255318   .1933541     1.32   0.187    -.1236491    .6342852
                    |
              _cons |    -1.3924   .1520606    -9.16   0.000    -1.690434   -1.094367
--------------------+----------------------------------------------------------------
ParticipantID       |
          var(_cons)|   2.829864   .1412239                      2.566176    3.120647
-------------------------------------------------------------------------------------
LR test vs. Poisson model: chibar2(01) = 12722.51     Prob >= chibar2 = 0.0000

. 
. **Jail
. mepoisson Searching_Total WorryJob_L1c pm_WorryJob if sample == 1 || ParticipantID: // bivariate

Fitting fixed-effects model:

Iteration 0:   log likelihood = -46114.995  
Iteration 1:   log likelihood = -21651.832  
Iteration 2:   log likelihood = -21633.802  
Iteration 3:   log likelihood =  -21633.79  
Iteration 4:   log likelihood =  -21633.79  

Refining starting values:

Grid node 0:   log likelihood = -14512.055

Fitting full model:

Iteration 0:   log likelihood = -14512.055  
Iteration 1:   log likelihood = -13927.578  
Iteration 2:   log likelihood = -13778.306  
Iteration 3:   log likelihood = -13763.176  
Iteration 4:   log likelihood = -13763.094  
Iteration 5:   log likelihood = -13763.106  
Iteration 6:   log likelihood = -13763.107  

Mixed-effects Poisson regression                Number of obs     =      5,394
Group variable: ParticipantID                   Number of groups  =      2,248

                                                Obs per group:
                                                              min =          1
                                                              avg =        2.4
                                                              max =          4

Integration method: mvaghermite                 Integration pts.  =          7

                                                Wald chi2(2)      =      50.91
Log likelihood = -13763.107                     Prob > chi2       =     0.0000
---------------------------------------------------------------------------------
Searching_Total | Coefficient  Std. err.      z    P>|z|     [95% conf. interval]
----------------+----------------------------------------------------------------
   WorryJob_L1c |   .0177358   .0068763     2.58   0.010     .0042585    .0312131
    pm_WorryJob |   .1787911   .0269115     6.64   0.000     .1260455    .2315367
          _cons |   -.870623   .1111465    -7.83   0.000    -1.088466   -.6527799
----------------+----------------------------------------------------------------
ParticipantID   |
      var(_cons)|   3.252495   .1598389                      2.953831    3.581357
---------------------------------------------------------------------------------
LR test vs. Poisson model: chibar2(01) = 15741.37     Prob >= chibar2 = 0.0000

. mepoisson Searching_Total JailEver_L1 if sample == 1 || ParticipantID: // bivariate

Fitting fixed-effects model:

Iteration 0:   log likelihood =  -45881.76  
Iteration 1:   log likelihood = -21644.056  
Iteration 2:   log likelihood = -21634.167  
Iteration 3:   log likelihood = -21634.149  
Iteration 4:   log likelihood = -21634.149  

Refining starting values:

Grid node 0:   log likelihood = -14488.552

Fitting full model:

Iteration 0:   log likelihood = -14488.552  
Iteration 1:   log likelihood =  -13904.84  
Iteration 2:   log likelihood = -13755.233  
Iteration 3:   log likelihood = -13739.953  
Iteration 4:   log likelihood = -13739.865  
Iteration 5:   log likelihood = -13739.877  
Iteration 6:   log likelihood = -13739.878  

Mixed-effects Poisson regression                Number of obs     =      5,394
Group variable: ParticipantID                   Number of groups  =      2,248

                                                Obs per group:
                                                              min =          1
                                                              avg =        2.4
                                                              max =          4

Integration method: mvaghermite                 Integration pts.  =          7

                                                Wald chi2(1)      =      91.40
Log likelihood = -13739.878                     Prob > chi2       =     0.0000
---------------------------------------------------------------------------------
Searching_Total | Coefficient  Std. err.      z    P>|z|     [95% conf. interval]
----------------+----------------------------------------------------------------
    JailEver_L1 |   .5571984   .0582821     9.56   0.000     .4429676    .6714291
          _cons |  -.2605288   .0463736    -5.62   0.000    -.3514194   -.1696383
----------------+----------------------------------------------------------------
ParticipantID   |
      var(_cons)|   3.257905   .1603071                      2.958384    3.587751
---------------------------------------------------------------------------------
LR test vs. Poisson model: chibar2(01) = 15788.54     Prob >= chibar2 = 0.0000

. mepoisson Searching_Total WorryJob_L1c pm_WorryJob JailEver_L1 if sample == 1 || ParticipantID: // multivariate

Fitting fixed-effects model:

Iteration 0:   log likelihood = -45121.293  
Iteration 1:   log likelihood = -21429.025  
Iteration 2:   log likelihood = -21407.419  
Iteration 3:   log likelihood = -21407.387  
Iteration 4:   log likelihood = -21407.387  

Refining starting values:

Grid node 0:   log likelihood = -14443.077

Fitting full model:

Iteration 0:   log likelihood = -14443.077  
Iteration 1:   log likelihood = -13875.485  
Iteration 2:   log likelihood = -13733.115  
Iteration 3:   log likelihood = -13719.549  
Iteration 4:   log likelihood = -13719.514  
Iteration 5:   log likelihood = -13719.523  
Iteration 6:   log likelihood = -13719.523  

Mixed-effects Poisson regression                Number of obs     =      5,394
Group variable: ParticipantID                   Number of groups  =      2,248

                                                Obs per group:
                                                              min =          1
                                                              avg =        2.4
                                                              max =          4

Integration method: mvaghermite                 Integration pts.  =          7

                                                Wald chi2(3)      =     136.59
Log likelihood = -13719.523                     Prob > chi2       =     0.0000
---------------------------------------------------------------------------------
Searching_Total | Coefficient  Std. err.      z    P>|z|     [95% conf. interval]
----------------+----------------------------------------------------------------
   WorryJob_L1c |    .012331    .006894     1.79   0.074    -.0011811     .025843
    pm_WorryJob |   .1704727   .0267156     6.38   0.000     .1181111    .2228343
    JailEver_L1 |     .53808   .0582955     9.23   0.000      .423823     .652337
          _cons |  -.8809149   .1103056    -7.99   0.000     -1.09711     -.66472
----------------+----------------------------------------------------------------
ParticipantID   |
      var(_cons)|   3.179503   .1565782                      2.886961    3.501689
---------------------------------------------------------------------------------
LR test vs. Poisson model: chibar2(01) = 15375.73     Prob >= chibar2 = 0.0000

. mepoisson Searching_Total WorryJob_L1c pm_WorryJob JailEver_L1 $l1controlpmc $l2control  if sample == 1 || ParticipantID: // multivariate

Fitting fixed-effects model:

Iteration 0:   log likelihood = -38958.243  
Iteration 1:   log likelihood = -19999.779  
Iteration 2:   log likelihood = -19931.533  
Iteration 3:   log likelihood =   -19931.1  
Iteration 4:   log likelihood =   -19931.1  

Refining starting values:

Grid node 0:   log likelihood = -14221.935

Fitting full model:

Iteration 0:   log likelihood = -14221.935  
Iteration 1:   log likelihood = -13666.457  
Iteration 2:   log likelihood = -13552.228  
Iteration 3:   log likelihood = -13542.634  
Iteration 4:   log likelihood = -13542.467  
Iteration 5:   log likelihood = -13542.479  
Iteration 6:   log likelihood =  -13542.48  

Mixed-effects Poisson regression                Number of obs     =      5,394
Group variable: ParticipantID                   Number of groups  =      2,248

                                                Obs per group:
                                                              min =          1
                                                              avg =        2.4
                                                              max =          4

Integration method: mvaghermite                 Integration pts.  =          7

                                                Wald chi2(21)     =     502.96
Log likelihood = -13542.48                      Prob > chi2       =     0.0000
-------------------------------------------------------------------------------------
    Searching_Total | Coefficient  Std. err.      z    P>|z|     [95% conf. interval]
--------------------+----------------------------------------------------------------
       WorryJob_L1c |    .012829   .0070577     1.82   0.069    -.0010039    .0266618
        pm_WorryJob |   .1718485   .0258828     6.64   0.000     .1211191    .2225779
        JailEver_L1 |   .4867384   .0602505     8.08   0.000     .3686495    .6048273
                    |
     GraduatedHS_L1 |
High school degree  |  -.1969804   .0747161    -2.64   0.008    -.3434214   -.0505395
               GED  |   .1106526   .0770897     1.44   0.151    -.0404404    .2617457
                    |
       EnrollNow_L1 |   .0016102   .0302012     0.05   0.957    -.0575831    .0608036
    Relationship_L1 |  -.1573144   .0350643    -4.49   0.000    -.2260392   -.0885897
            Kids_L1 |   .0917794    .038805     2.37   0.018      .015723    .1678357
UnemploymentComp_L1 |   .1515241   .0527965     2.87   0.004     .0480449    .2550033
         Health_L1c |     .00291   .0152711     0.19   0.849    -.0270208    .0328409
          AlcUse_L1 |   .0033915   .0293986     0.12   0.908    -.0542286    .0610116
       FINScale_L1c |  -.1012717   .0139677    -7.25   0.000    -.1286478   -.0738956
       DISScale_L1c |  -.0464777   .0151823    -3.06   0.002    -.0762346   -.0167208
           Crash_L1 |   .3540109   .0365331     9.69   0.000     .2824074    .4256143
        ForceOut_L1 |   .0218045   .0490574     0.44   0.657    -.0743462    .1179551
          Risky_L1c |  -.0271935   .0223883    -1.21   0.225    -.0710736    .0166867
            AGE_L1c |  -.0401824   .0081742    -4.92   0.000    -.0562036   -.0241613
                Sex |  -.0669937   .0789402    -0.85   0.396    -.2217136    .0877262
                    |
               Race |
             Black  |   .8849902   .0846332    10.46   0.000     .7191122    1.050868
          Hispanic  |   .0222166   .1603499     0.14   0.890    -.2920634    .3364966
             Other  |     .22353   .1936836     1.15   0.248    -.1560828    .6031428
                    |
              _cons |  -1.343197   .1518365    -8.85   0.000    -1.640791   -1.045603
--------------------+----------------------------------------------------------------
ParticipantID       |
          var(_cons)|   2.832945   .1412679                      2.569165    3.123807
-------------------------------------------------------------------------------------
LR test vs. Poisson model: chibar2(01) = 12777.24     Prob >= chibar2 = 0.0000

. 
. **Probation
. mepoisson Searching_Total WorryJob_L1c pm_WorryJob if sample == 1 || ParticipantID: // bivariate

Fitting fixed-effects model:

Iteration 0:   log likelihood = -46114.995  
Iteration 1:   log likelihood = -21651.832  
Iteration 2:   log likelihood = -21633.802  
Iteration 3:   log likelihood =  -21633.79  
Iteration 4:   log likelihood =  -21633.79  

Refining starting values:

Grid node 0:   log likelihood = -14512.055

Fitting full model:

Iteration 0:   log likelihood = -14512.055  
Iteration 1:   log likelihood = -13927.578  
Iteration 2:   log likelihood = -13778.306  
Iteration 3:   log likelihood = -13763.176  
Iteration 4:   log likelihood = -13763.094  
Iteration 5:   log likelihood = -13763.106  
Iteration 6:   log likelihood = -13763.107  

Mixed-effects Poisson regression                Number of obs     =      5,394
Group variable: ParticipantID                   Number of groups  =      2,248

                                                Obs per group:
                                                              min =          1
                                                              avg =        2.4
                                                              max =          4

Integration method: mvaghermite                 Integration pts.  =          7

                                                Wald chi2(2)      =      50.91
Log likelihood = -13763.107                     Prob > chi2       =     0.0000
---------------------------------------------------------------------------------
Searching_Total | Coefficient  Std. err.      z    P>|z|     [95% conf. interval]
----------------+----------------------------------------------------------------
   WorryJob_L1c |   .0177358   .0068763     2.58   0.010     .0042585    .0312131
    pm_WorryJob |   .1787911   .0269115     6.64   0.000     .1260455    .2315367
          _cons |   -.870623   .1111465    -7.83   0.000    -1.088466   -.6527799
----------------+----------------------------------------------------------------
ParticipantID   |
      var(_cons)|   3.252495   .1598389                      2.953831    3.581357
---------------------------------------------------------------------------------
LR test vs. Poisson model: chibar2(01) = 15741.37     Prob >= chibar2 = 0.0000

. mepoisson Searching_Total ProbationEver_L1 if sample == 1 || ParticipantID: // bivariate

Fitting fixed-effects model:

Iteration 0:   log likelihood = -46189.944  
Iteration 1:   log likelihood =  -21724.18  
Iteration 2:   log likelihood = -21718.592  
Iteration 3:   log likelihood = -21718.589  
Iteration 4:   log likelihood = -21718.589  

Refining starting values:

Grid node 0:   log likelihood = -14517.694

Fitting full model:

Iteration 0:   log likelihood = -14517.694  
Iteration 1:   log likelihood = -13928.118  
Iteration 2:   log likelihood = -13776.211  
Iteration 3:   log likelihood = -13760.389  
Iteration 4:   log likelihood = -13760.281  
Iteration 5:   log likelihood = -13760.294  
Iteration 6:   log likelihood = -13760.295  

Mixed-effects Poisson regression                Number of obs     =      5,394
Group variable: ParticipantID                   Number of groups  =      2,248

                                                Obs per group:
                                                              min =          1
                                                              avg =        2.4
                                                              max =          4

Integration method: mvaghermite                 Integration pts.  =          7

                                                Wald chi2(1)      =      52.51
Log likelihood = -13760.295                     Prob > chi2       =     0.0000
----------------------------------------------------------------------------------
 Searching_Total | Coefficient  Std. err.      z    P>|z|     [95% conf. interval]
-----------------+----------------------------------------------------------------
ProbationEver_L1 |   .4036193   .0556978     7.25   0.000     .2944536     .512785
           _cons |  -.2584485    .046592    -5.55   0.000    -.3497671     -.16713
-----------------+----------------------------------------------------------------
ParticipantID    |
       var(_cons)|   3.279121   .1612453                      2.977838    3.610887
----------------------------------------------------------------------------------
LR test vs. Poisson model: chibar2(01) = 15916.59     Prob >= chibar2 = 0.0000

. mepoisson Searching_Total WorryJob_L1c pm_WorryJob ProbationEver_L1 if sample == 1 || ParticipantID: // multivariate

Fitting fixed-effects model:

Iteration 0:   log likelihood = -45436.646  
Iteration 1:   log likelihood = -21503.375  
Iteration 2:   log likelihood =  -21483.03  
Iteration 3:   log likelihood = -21483.011  
Iteration 4:   log likelihood = -21483.011  

Refining starting values:

Grid node 0:   log likelihood = -14470.079

Fitting full model:

Iteration 0:   log likelihood = -14470.079  
Iteration 1:   log likelihood = -13897.302  
Iteration 2:   log likelihood = -13752.876  
Iteration 3:   log likelihood = -13738.848  
Iteration 4:   log likelihood = -13738.801  
Iteration 5:   log likelihood =  -13738.81  
Iteration 6:   log likelihood = -13738.811  

Mixed-effects Poisson regression                Number of obs     =      5,394
Group variable: ParticipantID                   Number of groups  =      2,248

                                                Obs per group:
                                                              min =          1
                                                              avg =        2.4
                                                              max =          4

Integration method: mvaghermite                 Integration pts.  =          7

                                                Wald chi2(3)      =      99.52
Log likelihood = -13738.811                     Prob > chi2       =     0.0000
----------------------------------------------------------------------------------
 Searching_Total | Coefficient  Std. err.      z    P>|z|     [95% conf. interval]
-----------------+----------------------------------------------------------------
    WorryJob_L1c |   .0153911    .006887     2.23   0.025     .0018928    .0288894
     pm_WorryJob |   .1719575   .0267766     6.42   0.000     .1194764    .2244386
ProbationEver_L1 |   .3869845   .0556506     6.95   0.000     .2779114    .4960576
           _cons |  -.8842037   .1105614    -8.00   0.000      -1.1009   -.6675074
-----------------+----------------------------------------------------------------
ParticipantID    |
       var(_cons)|   3.199232   .1574408                      2.905068    3.523182
----------------------------------------------------------------------------------
LR test vs. Poisson model: chibar2(01) = 15488.40     Prob >= chibar2 = 0.0000

. mepoisson Searching_Total WorryJob_L1c pm_WorryJob ProbationEver_L1 $l1controlpmc $l2control  if sample == 1 || ParticipantID: // multivar
> iate

Fitting fixed-effects model:

Iteration 0:   log likelihood = -39026.004  
Iteration 1:   log likelihood = -20013.505  
Iteration 2:   log likelihood = -19943.955  
Iteration 3:   log likelihood = -19943.507  
Iteration 4:   log likelihood = -19943.507  

Refining starting values:

Grid node 0:   log likelihood = -14233.606

Fitting full model:

Iteration 0:   log likelihood = -14233.606  
Iteration 1:   log likelihood = -13683.519  
Iteration 2:   log likelihood = -13569.588  
Iteration 3:   log likelihood =  -13560.05  
Iteration 4:   log likelihood = -13559.883  
Iteration 5:   log likelihood = -13559.896  
Iteration 6:   log likelihood = -13559.896  

Mixed-effects Poisson regression                Number of obs     =      5,394
Group variable: ParticipantID                   Number of groups  =      2,248

                                                Obs per group:
                                                              min =          1
                                                              avg =        2.4
                                                              max =          4

Integration method: mvaghermite                 Integration pts.  =          7

                                                Wald chi2(21)     =     469.70
Log likelihood = -13559.896                     Prob > chi2       =     0.0000
-------------------------------------------------------------------------------------
    Searching_Total | Coefficient  Std. err.      z    P>|z|     [95% conf. interval]
--------------------+----------------------------------------------------------------
       WorryJob_L1c |   .0148389   .0070567     2.10   0.035      .001008    .0286699
        pm_WorryJob |   .1740645   .0258845     6.72   0.000     .1233318    .2247973
   ProbationEver_L1 |   .3221366    .057557     5.60   0.000     .2093269    .4349462
                    |
     GraduatedHS_L1 |
High school degree  |  -.1944328   .0749755    -2.59   0.010    -.3413821   -.0474835
               GED  |   .0793114   .0773849     1.02   0.305    -.0723602    .2309829
                    |
       EnrollNow_L1 |   .0040199   .0302075     0.13   0.894    -.0551857    .0632255
    Relationship_L1 |  -.1436863   .0350991    -4.09   0.000    -.2124793   -.0748933
            Kids_L1 |   .1076076   .0387409     2.78   0.005     .0316769    .1835383
UnemploymentComp_L1 |   .1423726   .0527724     2.70   0.007     .0389405    .2458046
         Health_L1c |   .0019546     .01529     0.13   0.898    -.0280132    .0319225
          AlcUse_L1 |  -.0108992   .0293729    -0.37   0.711    -.0684689    .0466705
       FINScale_L1c |  -.1040367   .0139669    -7.45   0.000    -.1314113   -.0766621
       DISScale_L1c |  -.0380666   .0151642    -2.51   0.012    -.0677879   -.0083453
           Crash_L1 |   .3651713   .0364956    10.01   0.000     .2936413    .4367013
        ForceOut_L1 |   .0110528   .0490532     0.23   0.822    -.0850897    .1071954
          Risky_L1c |  -.0229427   .0224122    -1.02   0.306    -.0668699    .0209844
            AGE_L1c |  -.0376147    .008172    -4.60   0.000    -.0536315    -.021598
                Sex |  -.0526952   .0789462    -0.67   0.504     -.207427    .1020366
                    |
               Race |
             Black  |   .8969966   .0846268    10.60   0.000     .7311311    1.062862
          Hispanic  |   .0237353   .1603104     0.15   0.882    -.2904672    .3379379
             Other  |   .2565005   .1934022     1.33   0.185    -.1225608    .6355619
                    |
              _cons |  -1.363703   .1521997    -8.96   0.000    -1.662009   -1.065397
--------------------+----------------------------------------------------------------
ParticipantID       |
          var(_cons)|   2.833681   .1414376                      2.569597    3.124907
-------------------------------------------------------------------------------------
LR test vs. Poisson model: chibar2(01) = 12767.22     Prob >= chibar2 = 0.0000

.         
.         
. log close
      name:  <unnamed>
       log:  D:\Holly\Job Search\LMParticipation_PublicFiles\Log Output\SECTION 7 - Supplement - Main Models by Type of Contact.log
  log type:  text
 closed on:  30 Jan 2026, 08:44:14
--------------------------------------------------------------------------------------------------------------------------------------------
