---------------------------------------------------------------------------------------------------
      name:  <unnamed>
       log:  E:\Holly\Job Search\LMParticipation_PublicFiles\Log Output\SECTION 4 - Descriptive Sta
> tistics.log
  log type:  text
 opened on:  12 Jun 2025, 10:12:28

. 
. *Macros
. global state Employed_Total Searching_Total Discgd_Total

. global contact ArrestEver_L1 JailEver_L1 ProbationEver_L1

. global l1control GraduatedHS_L1 EnrollNow_L1 Relationship_L1 Kids_L1 ///
>         UnemploymentComp_L1 Health_L1 AlcUse_L1 FINScale_L1 DISScale_L1 Crash_L1 ///
>         ForceOut_L1 Risky_L1 AGE_L1

. global l1controlpmc GraduatedHS_L1 EnrollNow_L1 Relationship_L1 Kids_L1 ///
>         UnemploymentComp_L1 Health_L1c AlcUse_L1 FINScale_L1c DISScale_L1c Crash_L1 ///
>         ForceOut_L1 Risky_L1c AGE_L1c

. global l2control Sex Race

. 
. 
. *Assessing sample of analysis
. reg Searching_Total WorryJob_L1 $contact $l1control $l2control, cluster(ParticipantID)

Linear regression                               Number of obs     =      5,394
                                                F(19, 2247)       =      13.27
                                                Prob > F          =     0.0000
                                                R-squared         =     0.0631
                                                Root MSE          =      4.854

                             (Std. err. adjusted for 2,248 clusters in ParticipantID)
-------------------------------------------------------------------------------------
                    |               Robust
    Searching_Total | Coefficient  std. err.      t    P>|t|     [95% conf. interval]
--------------------+----------------------------------------------------------------
        WorryJob_L1 |   .1519998   .0388617     3.91   0.000     .0757912    .2282085
      ArrestEver_L1 |    .739878   .2800499     2.64   0.008     .1906945    1.289061
        JailEver_L1 |   .7685406   .4236258     1.81   0.070    -.0621982    1.599279
   ProbationEver_L1 |   .1956341   .3729399     0.52   0.600    -.5357086    .9269768
     GraduatedHS_L1 |  -.5548233   .2740821    -2.02   0.043    -1.092304   -.0173428
       EnrollNow_L1 |  -.8756612   .1571819    -5.57   0.000    -1.183898   -.5674242
    Relationship_L1 |  -.4697443    .197837    -2.37   0.018    -.8577067   -.0817818
            Kids_L1 |     1.1672   .2345627     4.98   0.000     .7072182    1.627183
UnemploymentComp_L1 |   1.770308   .5000376     3.54   0.000     .7897239    2.750892
          Health_L1 |   .0107382   .0819269     0.13   0.896    -.1499222    .1713985
          AlcUse_L1 |  -.4852611   .1634887    -2.97   0.003    -.8058658   -.1646564
        FINScale_L1 |  -.3830542   .0798677    -4.80   0.000    -.5396765   -.2264319
        DISScale_L1 |  -.0089497   .0828824    -0.11   0.914    -.1714837    .1535844
           Crash_L1 |   .6215247   .1526937     4.07   0.000     .3220893      .92096
        ForceOut_L1 |   .0147931   .2791166     0.05   0.958    -.5325602    .5621465
           Risky_L1 |  -.0568485   .1112881    -0.51   0.610    -.2750867    .1613896
             AGE_L1 |  -.0905033   .0427319    -2.12   0.034    -.1743014   -.0067053
                Sex |   .1289107   .1587014     0.81   0.417     -.182306    .4401273
               Race |   .3286446   .0908956     3.62   0.000     .1503965    .5068927
              _cons |   5.172911   .8881334     5.82   0.000     3.431264    6.914559
-------------------------------------------------------------------------------------

.         gen sample = e(sample)

.                 replace sample = . if sample != 1 & TAS == .
(12,612 real changes made, 12,612 to missing)

.         
.         /* Sample of analysis
>                 0 = Not in sample but wave is valid
>                 1 = In sample
>         */
.         
.         tab sample

     sample |      Freq.     Percent        Cum.
------------+-----------------------------------
          0 |      3,372       38.47       38.47
          1 |      5,394       61.53      100.00
------------+-----------------------------------
      Total |      8,766      100.00

. 
.         
. *Missingness
. misstable sum $state WorryJob_L1 $contact $l1control $l2control if sample != .
                                                               Obs<.
                                                +------------------------------
               |                                | Unique
      Variable |     Obs=.     Obs>.     Obs<.  | values        Min         Max
  -------------+--------------------------------+------------------------------
   WorryJob_L1 |     3,168               5,598  |      7          1           7
  ArrestEver~1 |     3,175               5,591  |      2          0           1
   JailEver_L1 |     3,176               5,590  |      2          0           1
  ProbationE~1 |     3,175               5,591  |      2          0           1
  GraduatedH~1 |     3,172               5,594  |      3          0           2
  EnrollNow_L1 |     3,232               5,534  |      2          0           1
  Relationsh~1 |     3,169               5,597  |      2          0           1
       Kids_L1 |     3,169               5,597  |      2          0           1
  Unemployme~1 |     3,174               5,592  |      2          0           1
     Health_L1 |     3,176               5,590  |      5          1           5
     AlcUse_L1 |     3,182               5,584  |      2          0           1
   FINScale_L1 |     3,267               5,499  |      5          1           5
   DISScale_L1 |     3,171               5,595  |      6          1           6
      Crash_L1 |       745               8,021  |      2          0           1
   ForceOut_L1 |     3,168               5,598  |      2          0           1
      Risky_L1 |     3,174               5,592  |      6          1           6
        AGE_L1 |       859               7,907  |     11         15          25
          Race |        20               8,746  |      4          1           4
  -----------------------------------------------------------------------------

. misstable pattern $state WorryJob_L1 $contact $l1control $l2control if sample != .

                        Missing-value patterns
                          (1 means complete)

              |   Pattern
    Percent   |  1  2  3  4    5  6  7  8    9 10 11 12   13 14 15 16
  ------------+-------------------------------------------------------
       62%    |  1  1  1  1    1  1  1  1    1  1  1  1    1  1  1  1
              |  1  1
              |
       26     |  1  1  1  0    0  0  0  0    0  0  0  0    0  0  0  0
              |  0  0
              |
        8     |  1  0  0  0    0  0  0  0    0  0  0  0    0  0  0  0
              |  0  0
              |
        1     |  1  1  0  0    0  0  0  0    0  0  0  0    0  0  0  0
              |  0  0
              |
        1     |  1  1  1  1    1  1  1  1    1  1  1  1    1  1  1  1
              |  1  0
              |
       <1     |  1  1  1  1    1  1  1  1    1  1  1  1    1  1  1  1
              |  0  1
              |
       <1     |  0  1  1  1    1  1  1  1    1  1  1  1    1  1  1  1
              |  1  1
              |
       <1     |  0  1  1  0    0  0  0  0    0  0  0  0    0  0  0  0
              |  0  0
              |
       <1     |  1  1  1  1    1  1  1  1    1  1  0  1    1  1  1  1
              |  1  1
              |
       <1     |  1  1  1  1    1  1  1  1    1  1  1  1    1  1  1  0
              |  1  1
              |
       <1     |  1  1  1  1    1  1  1  1    1  1  1  1    1  1  0  0
              |  1  1
              |
       <1     |  1  1  1  1    1  1  1  1    0  1  1  1    1  1  1  1
              |  0  1
              |
       <1     |  0  0  0  0    0  0  0  0    0  0  0  0    0  0  0  0
              |  0  0
              |
       <1     |  1  1  1  1    1  1  1  1    1  0  1  0    0  0  1  1
              |  1  1
              |
       <1     |  1  1  1  1    1  1  1  1    1  1  1  1    0  1  1  1
              |  1  1
              |
       <1     |  0  1  1  1    1  1  1  1    1  1  1  1    1  1  1  1
              |  1  0
              |
       <1     |  1  1  1  1    1  0  1  1    1  1  1  1    1  1  1  1
              |  1  1
              |
       <1     |  1  1  1  1    1  1  0  1    1  1  1  1    1  1  1  1
              |  1  1
              |
       <1     |  1  1  1  1    1  1  1  0    1  0  1  0    0  0  0  0
              |  1  1
              |
       <1     |  1  1  1  1    1  1  1  0    1  0  1  0    0  0  1  1
              |  1  1
              |
       <1     |  1  1  1  1    1  1  1  0    1  0  1  0    1  0  1  0
              |  1  1
              |
       <1     |  1  1  1  1    1  1  1  1    0  1  1  1    1  1  0  0
              |  0  1
              |
       <1     |  1  1  1  1    1  1  1  1    1  0  1  1    1  1  1  1
              |  1  1
              |
       <1     |  1  1  1  1    1  1  1  1    1  1  1  0    0  0  0  1
              |  1  1
              |
       <1     |  1  1  1  1    1  1  1  1    1  1  1  0    1  0  1  1
              |  1  1
              |
       <1     |  1  1  1  1    1  1  1  1    1  1  1  1    1  0  1  1
              |  1  1
              |
  ------------+-------------------------------------------------------
      100%    |

  Variables are
      Row 1:   (1) Race  (2) Crash_L1  (3) AGE_L1  (4) ForceOut_L1  (5) WorryJob_L1  (6) Kids_L1
               (7) Relationship_L1  (8) DISScale_L1  (9) GraduatedHS_L1  (10) Risky_L1
               (11) UnemploymentComp_L1  (12) ArrestEver_L1  (13) ProbationEver_L1
               (14) JailEver_L1  (15) Health_L1  (16) AlcUse_L1
      Row 2:   (1) EnrollNow_L1  (2) FINScale_L1

. 
. foreach x in $state WorryJob_L1 Health_L1 FINScale_L1 DISScale_L1 Risky_L1 AGE_L1 {
  2.         ttest `x', by(sample)
  3. }

Two-sample t test with equal variances
------------------------------------------------------------------------------
   Group |     Obs        Mean    Std. err.   Std. dev.   [95% conf. interval]
---------+--------------------------------------------------------------------
       0 |   3,372    11.02877    .1576907     9.15693    10.71959    11.33795
       1 |   5,394    18.05061     .103904    7.631111    17.84692    18.25431
---------+--------------------------------------------------------------------
Combined |   8,766    15.34953    .0953822    8.930338    15.16256     15.5365
---------+--------------------------------------------------------------------
    diff |           -7.021845    .1811475               -7.376937   -6.666754
------------------------------------------------------------------------------
    diff = mean(0) - mean(1)                                      t = -38.7631
H0: diff = 0                                     Degrees of freedom =     8764

    Ha: diff < 0                 Ha: diff != 0                 Ha: diff > 0
 Pr(T < t) = 0.0000         Pr(|T| > |t|) = 0.0000          Pr(T > t) = 1.0000

Two-sample t test with equal variances
------------------------------------------------------------------------------
   Group |     Obs        Mean    Std. err.   Std. dev.   [95% conf. interval]
---------+--------------------------------------------------------------------
       0 |   3,372    2.719454    .0864521    5.020179    2.549951    2.888958
       1 |   5,394    2.575269    .0681607    5.005985    2.441646    2.708891
---------+--------------------------------------------------------------------
Combined |   8,766    2.630732    .0535279    5.011654    2.525805     2.73566
---------+--------------------------------------------------------------------
    diff |            .1441855    .1100183               -.0714761    .3598471
------------------------------------------------------------------------------
    diff = mean(0) - mean(1)                                      t =   1.3106
H0: diff = 0                                     Degrees of freedom =     8764

    Ha: diff < 0                 Ha: diff != 0                 Ha: diff > 0
 Pr(T < t) = 0.9050         Pr(|T| > |t|) = 0.1900          Pr(T > t) = 0.0950

Two-sample t test with equal variances
------------------------------------------------------------------------------
   Group |     Obs        Mean    Std. err.   Std. dev.   [95% conf. interval]
---------+--------------------------------------------------------------------
       0 |   3,372    7.445433    .1451327    8.427698    7.160876     7.72999
       1 |   5,394    4.089915    .0930132    6.831247    3.907571    4.272258
---------+--------------------------------------------------------------------
Combined |   8,766    5.380675    .0818275    7.661259    5.220274    5.541076
---------+--------------------------------------------------------------------
    diff |            3.355518    .1643367                 3.03338    3.677657
------------------------------------------------------------------------------
    diff = mean(0) - mean(1)                                      t =  20.4186
H0: diff = 0                                     Degrees of freedom =     8764

    Ha: diff < 0                 Ha: diff != 0                 Ha: diff > 0
 Pr(T < t) = 1.0000         Pr(|T| > |t|) = 0.0000          Pr(T > t) = 0.0000

Two-sample t test with equal variances
------------------------------------------------------------------------------
   Group |     Obs        Mean    Std. err.   Std. dev.   [95% conf. interval]
---------+--------------------------------------------------------------------
       0 |     204    3.681373    .1437961    2.053819    3.397847    3.964898
       1 |   5,394    3.694661    .0268081     1.96889    3.642106    3.747215
---------+--------------------------------------------------------------------
Combined |   5,598    3.694176    .0263548     1.97186    3.642511    3.745842
---------+--------------------------------------------------------------------
    diff |           -.0132882    .1406567               -.2890299    .2624535
------------------------------------------------------------------------------
    diff = mean(0) - mean(1)                                      t =  -0.0945
H0: diff = 0                                     Degrees of freedom =     5596

    Ha: diff < 0                 Ha: diff != 0                 Ha: diff > 0
 Pr(T < t) = 0.4624         Pr(|T| > |t|) = 0.9247          Pr(T > t) = 0.5376

Two-sample t test with equal variances
------------------------------------------------------------------------------
   Group |     Obs        Mean    Std. err.   Std. dev.   [95% conf. interval]
---------+--------------------------------------------------------------------
       0 |     196    2.193878    .0679814    .9517397    2.059804    2.327951
       1 |   5,394    2.204857    .0123858    .9096627    2.180576    2.229138
---------+--------------------------------------------------------------------
Combined |   5,590    2.204472    .0121858    .9110844    2.180583    2.228361
---------+--------------------------------------------------------------------
    diff |           -.0109797     .066255               -.1408653    .1189059
------------------------------------------------------------------------------
    diff = mean(0) - mean(1)                                      t =  -0.1657
H0: diff = 0                                     Degrees of freedom =     5588

    Ha: diff < 0                 Ha: diff != 0                 Ha: diff > 0
 Pr(T < t) = 0.4342         Pr(|T| > |t|) = 0.8684          Pr(T > t) = 0.5658

Two-sample t test with equal variances
------------------------------------------------------------------------------
   Group |     Obs        Mean    Std. err.   Std. dev.   [95% conf. interval]
---------+--------------------------------------------------------------------
       0 |     105    4.171429    .0922423    .9452019    3.988509    4.354348
       1 |   5,394     3.90026    .0149646    1.099056    3.870923    3.929596
---------+--------------------------------------------------------------------
Combined |   5,499    3.905437    .0147916    1.096874     3.87644    3.934435
---------+--------------------------------------------------------------------
    diff |             .271169    .1080288                .0593899    .4829481
------------------------------------------------------------------------------
    diff = mean(0) - mean(1)                                      t =   2.5102
H0: diff = 0                                     Degrees of freedom =     5497

    Ha: diff < 0                 Ha: diff != 0                 Ha: diff > 0
 Pr(T < t) = 0.9940         Pr(|T| > |t|) = 0.0121          Pr(T > t) = 0.0060

Two-sample t test with equal variances
------------------------------------------------------------------------------
   Group |     Obs        Mean    Std. err.   Std. dev.   [95% conf. interval]
---------+--------------------------------------------------------------------
       0 |     201    2.472637    .0726368    1.029805    2.329405    2.615869
       1 |   5,394     2.57842    .0136415    1.001883    2.551678    2.605163
---------+--------------------------------------------------------------------
Combined |   5,595     2.57462    .0134091    1.002998    2.548333    2.600907
---------+--------------------------------------------------------------------
    diff |           -.1057837    .0720447               -.2470192    .0354519
------------------------------------------------------------------------------
    diff = mean(0) - mean(1)                                      t =  -1.4683
H0: diff = 0                                     Degrees of freedom =     5593

    Ha: diff < 0                 Ha: diff != 0                 Ha: diff > 0
 Pr(T < t) = 0.0710         Pr(|T| > |t|) = 0.1421          Pr(T > t) = 0.9290

Two-sample t test with equal variances
------------------------------------------------------------------------------
   Group |     Obs        Mean    Std. err.   Std. dev.   [95% conf. interval]
---------+--------------------------------------------------------------------
       0 |     198    1.353535    .0456407    .6422222    1.263528    1.443543
       1 |   5,394    1.401372    .0093112    .6838485    1.383118    1.419626
---------+--------------------------------------------------------------------
Combined |   5,592    1.399678    .0091258    .6824209    1.381788    1.417568
---------+--------------------------------------------------------------------
    diff |           -.0478365    .0493799               -.1446403    .0489673
------------------------------------------------------------------------------
    diff = mean(0) - mean(1)                                      t =  -0.9687
H0: diff = 0                                     Degrees of freedom =     5590

    Ha: diff < 0                 Ha: diff != 0                 Ha: diff > 0
 Pr(T < t) = 0.1664         Pr(|T| > |t|) = 0.3327          Pr(T > t) = 0.8336

Two-sample t test with equal variances
------------------------------------------------------------------------------
   Group |     Obs        Mean    Std. err.   Std. dev.   [95% conf. interval]
---------+--------------------------------------------------------------------
       0 |   2,513    17.39873    .0444249    2.227012    17.31161    17.48584
       1 |   5,394    20.60771    .0292404    2.147531    20.55039    20.66504
---------+--------------------------------------------------------------------
Combined |   7,907    19.58783    .0296574    2.637174     19.5297    19.64597
---------+--------------------------------------------------------------------
    diff |           -3.208986    .0524849                -3.31187   -3.106101
------------------------------------------------------------------------------
    diff = mean(0) - mean(1)                                      t = -61.1411
H0: diff = 0                                     Degrees of freedom =     7905

    Ha: diff < 0                 Ha: diff != 0                 Ha: diff > 0
 Pr(T < t) = 0.0000         Pr(|T| > |t|) = 0.0000          Pr(T > t) = 1.0000

. 
. foreach x in $contact GraduatedHS_L1 EnrollNow_L1 Relationship_L1 Kids_L1 ///
>         UnemploymentComp_L1 AlcUse_L1 Crash_L1 ForceOut_L1 Sex Race {
  2.                 tab `x' sample, col chi
  3. }

+-------------------+
| Key               |
|-------------------|
|     frequency     |
| column percentage |
+-------------------+

ArrestEver_L |        sample
           1 |         0          1 |     Total
-------------+----------------------+----------
Not arrested |       156      4,150 |     4,306 
             |     79.19      76.94 |     77.02 
-------------+----------------------+----------
    Arrested |        41      1,244 |     1,285 
             |     20.81      23.06 |     22.98 
-------------+----------------------+----------
       Total |       197      5,394 |     5,591 
             |    100.00     100.00 |    100.00 

          Pearson chi2(1) =   0.5438   Pr = 0.461

+-------------------+
| Key               |
|-------------------|
|     frequency     |
| column percentage |
+-------------------+

JailEver_L |        sample
         1 |         0          1 |     Total
-----------+----------------------+----------
Not jailed |       180      4,937 |     5,117 
           |     91.84      91.53 |     91.54 
-----------+----------------------+----------
    Jailed |        16        457 |       473 
           |      8.16       8.47 |      8.46 
-----------+----------------------+----------
     Total |       196      5,394 |     5,590 
           |    100.00     100.00 |    100.00 

          Pearson chi2(1) =   0.0233   Pr = 0.879

+-------------------+
| Key               |
|-------------------|
|     frequency     |
| column percentage |
+-------------------+

                     |        sample
    ProbationEver_L1 |         0          1 |     Total
---------------------+----------------------+----------
No probation history |       179      4,809 |     4,988 
                     |     90.86      89.15 |     89.21 
---------------------+----------------------+----------
   Probation history |        18        585 |       603 
                     |      9.14      10.85 |     10.79 
---------------------+----------------------+----------
               Total |       197      5,394 |     5,591 
                     |    100.00     100.00 |    100.00 

          Pearson chi2(1) =   0.5765   Pr = 0.448

+-------------------+
| Key               |
|-------------------|
|     frequency     |
| column percentage |
+-------------------+

                   |        sample
    GraduatedHS_L1 |         0          1 |     Total
-------------------+----------------------+----------
         No degree |        19        477 |       496 
                   |      9.50       8.84 |      8.87 
-------------------+----------------------+----------
High school degree |       158      4,576 |     4,734 
                   |     79.00      84.84 |     84.63 
-------------------+----------------------+----------
               GED |        23        341 |       364 
                   |     11.50       6.32 |      6.51 
-------------------+----------------------+----------
             Total |       200      5,394 |     5,594 
                   |    100.00     100.00 |    100.00 

          Pearson chi2(2) =   8.8165   Pr = 0.012

+-------------------+
| Key               |
|-------------------|
|     frequency     |
| column percentage |
+-------------------+

EnrollNow_ |        sample
        L1 |         0          1 |     Total
-----------+----------------------+----------
         0 |        70      3,048 |     3,118 
           |     50.00      56.51 |     56.34 
-----------+----------------------+----------
         1 |        70      2,346 |     2,416 
           |     50.00      43.49 |     43.66 
-----------+----------------------+----------
     Total |       140      5,394 |     5,534 
           |    100.00     100.00 |    100.00 

          Pearson chi2(1) =   2.3491   Pr = 0.125

+-------------------+
| Key               |
|-------------------|
|     frequency     |
| column percentage |
+-------------------+

                      |        sample
      Relationship_L1 |         0          1 |     Total
----------------------+----------------------+----------
Unmarried, not cohabi |       177      4,305 |     4,482 
                      |     87.19      79.81 |     80.08 
----------------------+----------------------+----------
Married or Cohabitati |        26      1,089 |     1,115 
                      |     12.81      20.19 |     19.92 
----------------------+----------------------+----------
                Total |       203      5,394 |     5,597 
                      |    100.00     100.00 |    100.00 

          Pearson chi2(1) =   6.6815   Pr = 0.010

+-------------------+
| Key               |
|-------------------|
|     frequency     |
| column percentage |
+-------------------+

           |        sample
   Kids_L1 |         0          1 |     Total
-----------+----------------------+----------
         0 |       157      4,296 |     4,453 
           |     77.34      79.64 |     79.56 
-----------+----------------------+----------
         1 |        46      1,098 |     1,144 
           |     22.66      20.36 |     20.44 
-----------+----------------------+----------
     Total |       203      5,394 |     5,597 
           |    100.00     100.00 |    100.00 

          Pearson chi2(1) =   0.6387   Pr = 0.424

+-------------------+
| Key               |
|-------------------|
|     frequency     |
| column percentage |
+-------------------+

Unemployme |        sample
 ntComp_L1 |         0          1 |     Total
-----------+----------------------+----------
         0 |       193      5,230 |     5,423 
           |     97.47      96.96 |     96.98 
-----------+----------------------+----------
         1 |         5        164 |       169 
           |      2.53       3.04 |      3.02 
-----------+----------------------+----------
     Total |       198      5,394 |     5,592 
           |    100.00     100.00 |    100.00 

          Pearson chi2(1) =   0.1729   Pr = 0.678

+-------------------+
| Key               |
|-------------------|
|     frequency     |
| column percentage |
+-------------------+

           |        sample
 AlcUse_L1 |         0          1 |     Total
-----------+----------------------+----------
         0 |        89      2,000 |     2,089 
           |     46.84      37.08 |     37.41 
-----------+----------------------+----------
         1 |       101      3,394 |     3,495 
           |     53.16      62.92 |     62.59 
-----------+----------------------+----------
     Total |       190      5,394 |     5,584 
           |    100.00     100.00 |    100.00 

          Pearson chi2(1) =   7.4725   Pr = 0.006

+-------------------+
| Key               |
|-------------------|
|     frequency     |
| column percentage |
+-------------------+

           |        sample
  Crash_L1 |         0          1 |     Total
-----------+----------------------+----------
         0 |     1,076      1,593 |     2,669 
           |     40.96      29.53 |     33.28 
-----------+----------------------+----------
         1 |     1,551      3,801 |     5,352 
           |     59.04      70.47 |     66.72 
-----------+----------------------+----------
     Total |     2,627      5,394 |     8,021 
           |    100.00     100.00 |    100.00 

          Pearson chi2(1) = 103.8862   Pr = 0.000

+-------------------+
| Key               |
|-------------------|
|     frequency     |
| column percentage |
+-------------------+

ForceOut_L |        sample
         1 |         0          1 |     Total
-----------+----------------------+----------
         0 |       193      5,092 |     5,285 
           |     94.61      94.40 |     94.41 
-----------+----------------------+----------
         1 |        11        302 |       313 
           |      5.39       5.60 |      5.59 
-----------+----------------------+----------
     Total |       204      5,394 |     5,598 
           |    100.00     100.00 |    100.00 

          Pearson chi2(1) =   0.0159   Pr = 0.900

+-------------------+
| Key               |
|-------------------|
|     frequency     |
| column percentage |
+-------------------+

    SEX OF |        sample
INDIVIDUAL |         0          1 |     Total
-----------+----------------------+----------
    Female |     1,688      2,899 |     4,587 
           |     50.06      53.74 |     52.33 
-----------+----------------------+----------
      Male |     1,684      2,495 |     4,179 
           |     49.94      46.26 |     47.67 
-----------+----------------------+----------
     Total |     3,372      5,394 |     8,766 
           |    100.00     100.00 |    100.00 

          Pearson chi2(1) =  11.2983   Pr = 0.001

+-------------------+
| Key               |
|-------------------|
|     frequency     |
| column percentage |
+-------------------+

Race/ethni |        sample
      city |         0          1 |     Total
-----------+----------------------+----------
     White |     1,482      2,535 |     4,017 
           |     44.21      47.00 |     45.93 
-----------+----------------------+----------
     Black |     1,439      2,249 |     3,688 
           |     42.93      41.69 |     42.17 
-----------+----------------------+----------
  Hispanic |       245        381 |       626 
           |      7.31       7.06 |      7.16 
-----------+----------------------+----------
     Other |       186        229 |       415 
           |      5.55       4.25 |      4.75 
-----------+----------------------+----------
     Total |     3,352      5,394 |     8,746 
           |    100.00     100.00 |    100.00 

          Pearson chi2(3) =  11.8138   Pr = 0.008

. 
. 
. *Descriptive values
. sum $state WorryJob_L1 Health_L1 FINScale_L1 DISScale_L1 Risky_L1 AGE_L1 ///
>         if sample == 1

    Variable |        Obs        Mean    Std. dev.       Min        Max
-------------+---------------------------------------------------------
Employed_T~l |      5,394    18.05061    7.631111          0         24
Searching_~l |      5,394    2.575269    5.005985          0         24
Discgd_Total |      5,394    4.089915    6.831247          0         24
 WorryJob_L1 |      5,394    3.694661     1.96889          1          7
   Health_L1 |      5,394    2.204857    .9096627          1          5
-------------+---------------------------------------------------------
 FINScale_L1 |      5,394     3.90026    1.099056          1          5
 DISScale_L1 |      5,394     2.57842    1.001883          1          6
    Risky_L1 |      5,394    1.401372    .6838485          1          6
      AGE_L1 |      5,394    20.60771    2.147531         16         25

. tab1 $contact GraduatedHS_L1 EnrollNow_L1 Relationship_L1 Kids_L1 ///
>         UnemploymentComp_L1 AlcUse_L1 Crash_L1 ForceOut_L1 Sex Race ///
>         if sample == 1

-> tabulation of ArrestEver_L1 if sample == 1 

ArrestEver_L |
           1 |      Freq.     Percent        Cum.
-------------+-----------------------------------
Not arrested |      4,150       76.94       76.94
    Arrested |      1,244       23.06      100.00
-------------+-----------------------------------
       Total |      5,394      100.00

-> tabulation of JailEver_L1 if sample == 1 

JailEver_L1 |      Freq.     Percent        Cum.
------------+-----------------------------------
 Not jailed |      4,937       91.53       91.53
     Jailed |        457        8.47      100.00
------------+-----------------------------------
      Total |      5,394      100.00

-> tabulation of ProbationEver_L1 if sample == 1 

    ProbationEver_L1 |      Freq.     Percent        Cum.
---------------------+-----------------------------------
No probation history |      4,809       89.15       89.15
   Probation history |        585       10.85      100.00
---------------------+-----------------------------------
               Total |      5,394      100.00

-> tabulation of GraduatedHS_L1 if sample == 1 

    GraduatedHS_L1 |      Freq.     Percent        Cum.
-------------------+-----------------------------------
         No degree |        477        8.84        8.84
High school degree |      4,576       84.84       93.68
               GED |        341        6.32      100.00
-------------------+-----------------------------------
             Total |      5,394      100.00

-> tabulation of EnrollNow_L1 if sample == 1 

EnrollNow_L |
          1 |      Freq.     Percent        Cum.
------------+-----------------------------------
          0 |      3,048       56.51       56.51
          1 |      2,346       43.49      100.00
------------+-----------------------------------
      Total |      5,394      100.00

-> tabulation of Relationship_L1 if sample == 1 

            Relationship_L1 |      Freq.     Percent        Cum.
----------------------------+-----------------------------------
Unmarried, not cohabitating |      4,305       79.81       79.81
    Married or Cohabitating |      1,089       20.19      100.00
----------------------------+-----------------------------------
                      Total |      5,394      100.00

-> tabulation of Kids_L1 if sample == 1 

    Kids_L1 |      Freq.     Percent        Cum.
------------+-----------------------------------
          0 |      4,296       79.64       79.64
          1 |      1,098       20.36      100.00
------------+-----------------------------------
      Total |      5,394      100.00

-> tabulation of UnemploymentComp_L1 if sample == 1 

Unemploymen |
   tComp_L1 |      Freq.     Percent        Cum.
------------+-----------------------------------
          0 |      5,230       96.96       96.96
          1 |        164        3.04      100.00
------------+-----------------------------------
      Total |      5,394      100.00

-> tabulation of AlcUse_L1 if sample == 1 

  AlcUse_L1 |      Freq.     Percent        Cum.
------------+-----------------------------------
          0 |      2,000       37.08       37.08
          1 |      3,394       62.92      100.00
------------+-----------------------------------
      Total |      5,394      100.00

-> tabulation of Crash_L1 if sample == 1 

   Crash_L1 |      Freq.     Percent        Cum.
------------+-----------------------------------
          0 |      1,593       29.53       29.53
          1 |      3,801       70.47      100.00
------------+-----------------------------------
      Total |      5,394      100.00

-> tabulation of ForceOut_L1 if sample == 1 

ForceOut_L1 |      Freq.     Percent        Cum.
------------+-----------------------------------
          0 |      5,092       94.40       94.40
          1 |        302        5.60      100.00
------------+-----------------------------------
      Total |      5,394      100.00

-> tabulation of Sex if sample == 1 

     SEX OF |
 INDIVIDUAL |      Freq.     Percent        Cum.
------------+-----------------------------------
     Female |      2,899       53.74       53.74
       Male |      2,495       46.26      100.00
------------+-----------------------------------
      Total |      5,394      100.00

-> tabulation of Race if sample == 1 

Race/ethnic |
        ity |      Freq.     Percent        Cum.
------------+-----------------------------------
      White |      2,535       47.00       47.00
      Black |      2,249       41.69       88.69
   Hispanic |        381        7.06       95.75
      Other |        229        4.25      100.00
------------+-----------------------------------
      Total |      5,394      100.00

. 
. 
. *Correlations
. corr $state WorryJob_L1 $contact $l1control $l2control if sample == 1
(obs=5,394)

             | Employ~l Search~l Discgd~l WorryJ~1 Arrest~1 JailEv~1 Probat~1 Gradua~1 Enroll~1
-------------+---------------------------------------------------------------------------------
Employed_T~l |   1.0000
Searching_~l |  -0.3658   1.0000
Discgd_Total |  -0.5908  -0.0779   1.0000
 WorryJob_L1 |  -0.0869   0.0824   0.0456   1.0000
ArrestEver~1 |  -0.0010   0.1167  -0.0782   0.0635   1.0000
 JailEver_L1 |  -0.0036   0.1101  -0.0446   0.0712   0.5557   1.0000
ProbationE~1 |   0.0030   0.0889  -0.0566   0.0638   0.6370   0.5918   1.0000
GraduatedH~1 |   0.1220  -0.0762  -0.0479  -0.0207  -0.0607  -0.0796  -0.0234   1.0000
EnrollNow_L1 |  -0.0729  -0.1108   0.1708  -0.0588  -0.2335  -0.1743  -0.1665   0.0964   1.0000
Relationsh~1 |   0.0508  -0.0016   0.0063   0.0224   0.0744   0.0692   0.0741  -0.0125  -0.2270
     Kids_L1 |  -0.0782   0.1196   0.0389   0.0351   0.1593   0.1455   0.1109  -0.0395  -0.2643
Unemployme~1 |   0.0070   0.0655  -0.0279  -0.0011   0.0235   0.0159   0.0077  -0.0024  -0.0552
   Health_L1 |  -0.0229   0.0291   0.0105   0.1671   0.0533   0.0281   0.0322   0.0005  -0.0792
   AlcUse_L1 |   0.1853  -0.0786  -0.0707   0.0133   0.0786   0.0475   0.0838   0.0608   0.0192
 FINScale_L1 |   0.3626  -0.0561  -0.3124  -0.0628   0.1442   0.0846   0.1174   0.0670  -0.2797
 DISScale_L1 |   0.0584   0.0094  -0.0363   0.2042   0.1201   0.0935   0.0926   0.0256  -0.0321
    Crash_L1 |  -0.0485   0.0612  -0.0060   0.0521   0.0370   0.0262   0.0376   0.0333  -0.0813
 ForceOut_L1 |  -0.0156   0.0010   0.0146   0.0365   0.0313   0.0359   0.0162  -0.0174   0.0124
    Risky_L1 |   0.0468  -0.0004  -0.0288   0.0793   0.2212   0.1427   0.1772  -0.0003  -0.0085
      AGE_L1 |   0.1900  -0.0061  -0.1318   0.0144   0.1660   0.1362   0.1301   0.0617  -0.3019
         Sex |   0.0157   0.0161  -0.0672  -0.0435   0.2230   0.1437   0.1679  -0.0240  -0.0496
        Race |  -0.1209   0.0894  -0.0086   0.0122   0.0350   0.0636   0.0091  -0.0651  -0.0370

             | Relati~1  Kids_L1 Unempl~1 Health~1 AlcUse~1 FINSca~1 DISSca~1 Crash_L1 ForceO~1
-------------+---------------------------------------------------------------------------------
Relationsh~1 |   1.0000
     Kids_L1 |   0.3135   1.0000
Unemployme~1 |   0.0212   0.0606   1.0000
   Health_L1 |   0.0406   0.0593   0.0218   1.0000
   AlcUse_L1 |   0.0294  -0.0819   0.0130   0.0408   1.0000
 FINScale_L1 |   0.1797   0.1670   0.0848  -0.0248   0.1280   1.0000
 DISScale_L1 |   0.0236  -0.0005  -0.0052   0.1340   0.1187   0.0637   1.0000
    Crash_L1 |   0.0705   0.0649   0.0365   0.0051   0.0070   0.0511  -0.0258   1.0000
 ForceOut_L1 |  -0.0381  -0.0270   0.0273   0.0019   0.0100  -0.0183   0.0574  -0.1623   1.0000
    Risky_L1 |  -0.0656  -0.0732   0.0066   0.0714   0.2524   0.0318   0.2516  -0.0461   0.0552
      AGE_L1 |   0.2541   0.2345   0.1098   0.0141   0.2276   0.4030   0.0028   0.2966  -0.0839
         Sex |  -0.0905  -0.1356   0.0003  -0.0773   0.0878   0.0798   0.1098   0.0023   0.0328
        Race |  -0.0334   0.1238   0.0532   0.0369  -0.1575   0.0088  -0.0265   0.0401  -0.0155

             | Risky_L1   AGE_L1      Sex     Race
-------------+------------------------------------
    Risky_L1 |   1.0000
      AGE_L1 |  -0.0392   1.0000
         Sex |   0.2695  -0.0177   1.0000
        Race |  -0.0732  -0.0158   0.0036   1.0000


. 
. log close
      name:  <unnamed>
       log:  E:\Holly\Job Search\LMParticipation_PublicFiles\Log Output\SECTION 4 - Descriptive Sta
> tistics.log
  log type:  text
 closed on:  12 Jun 2025, 10:12:33
---------------------------------------------------------------------------------------------------
