----------------------------------------------------------------------------------------------------
      name:  <unnamed>
       log:  E:\Holly\Job Search\LMParticipation_PublicFiles\Log Output\SECTION 13 - Supplement - Jo
> b Quality wo Market State Vars.log
  log type:  text
 opened on:  24 Jun 2025, 14:18:37

. ****************************************************************************
. *SUPPLEMENTAL ESTIMATES: JOB QUALITY ESTIMATES WITHOUT TIME IN MARKET STATES
. ****************************************************************************
. 
. *Macros for Models
. global state Employed_Total Searching_Total Discgd_Total

. global contact ArrestEver_L1 JailEver_L1 ProbationEver_L1

. global l1control i.GraduatedHS_L1 EnrollNow_L1 Relationship_L1 Kids_L1 ///
>         UnemploymentComp_L1 Health_L1 AlcUse_L1 FINScale_L1 DISScale_L1 Crash_L1 ///
>         ForceOut_L1 Risky_L1 AGE_L1

. global l2control Sex i.Race

. 
. ****
. **JOB PLACEMENT IN SECONDARY MARKET
. ****
. 
. *Arrest
. logit Secondary ArrestEver_L1 if TransitionEmploy == 1 & sample == 1, cluster(ParticipantID) or

Iteration 0:   log pseudolikelihood = -582.67945  
Iteration 1:   log pseudolikelihood = -572.89347  
Iteration 2:   log pseudolikelihood = -572.89274  
Iteration 3:   log pseudolikelihood = -572.89274  

Logistic regression                                     Number of obs =    842
                                                        Wald chi2(1)  =  18.99
                                                        Prob > chi2   = 0.0000
Log pseudolikelihood = -572.89274                       Pseudo R2     = 0.0168

                         (Std. err. adjusted for 707 clusters in ParticipantID)
-------------------------------------------------------------------------------
              |               Robust
    Secondary | Odds ratio   std. err.      z    P>|z|     [95% conf. interval]
--------------+----------------------------------------------------------------
ArrestEver_L1 |   2.001509   .3186869     4.36   0.000     1.464963    2.734568
        _cons |   .7549858    .062485    -3.40   0.001     .6419344    .8879467
-------------------------------------------------------------------------------
Note: _cons estimates baseline odds.

. logit Secondary WorryJob_L1 if TransitionEmploy == 1 & sample == 1, cluster(ParticipantID) or

Iteration 0:   log pseudolikelihood = -582.67945  
Iteration 1:   log pseudolikelihood = -581.36262  
Iteration 2:   log pseudolikelihood =  -581.3626  

Logistic regression                                     Number of obs =    842
                                                        Wald chi2(1)  =   2.69
                                                        Prob > chi2   = 0.1012
Log pseudolikelihood = -581.3626                        Pseudo R2     = 0.0023

                        (Std. err. adjusted for 707 clusters in ParticipantID)
------------------------------------------------------------------------------
             |               Robust
   Secondary | Odds ratio   std. err.      z    P>|z|     [95% conf. interval]
-------------+----------------------------------------------------------------
 WorryJob_L1 |   1.056329   .0353165     1.64   0.101     .9893292    1.127866
       _cons |   .7339134   .1077817    -2.11   0.035     .5503492    .9787038
------------------------------------------------------------------------------
Note: _cons estimates baseline odds.

. logit Secondary ArrestEver_L1 WorryJob_L1 if TransitionEmploy == 1 & sample == 1, cluster(Particip
> antID) or

Iteration 0:   log pseudolikelihood = -582.67945  
Iteration 1:   log pseudolikelihood = -572.26078  
Iteration 2:   log pseudolikelihood = -572.25942  
Iteration 3:   log pseudolikelihood = -572.25942  

Logistic regression                                     Number of obs =    842
                                                        Wald chi2(2)  =  20.06
                                                        Prob > chi2   = 0.0000
Log pseudolikelihood = -572.25942                       Pseudo R2     = 0.0179

                         (Std. err. adjusted for 707 clusters in ParticipantID)
-------------------------------------------------------------------------------
              |               Robust
    Secondary | Odds ratio   std. err.      z    P>|z|     [95% conf. interval]
--------------+----------------------------------------------------------------
ArrestEver_L1 |   1.962178   .3150737     4.20   0.000     1.432379    2.687935
  WorryJob_L1 |    1.03944   .0353988     1.14   0.256     .9723242    1.111188
        _cons |   .6525273   .0980473    -2.84   0.004     .4860702    .8759885
-------------------------------------------------------------------------------
Note: _cons estimates baseline odds.

. logit Secondary ArrestEver_L1 WorryJob_L1 $l1control $l2control ///
>         if TransitionEmploy == 1 & sample == 1, cluster(ParticipantID) or

Iteration 0:   log pseudolikelihood = -582.67945  
Iteration 1:   log pseudolikelihood = -526.78555  
Iteration 2:   log pseudolikelihood = -526.73673  
Iteration 3:   log pseudolikelihood = -526.73673  

Logistic regression                                     Number of obs =    842
                                                        Wald chi2(20) =  84.83
                                                        Prob > chi2   = 0.0000
Log pseudolikelihood = -526.73673                       Pseudo R2     = 0.0960

                               (Std. err. adjusted for 707 clusters in ParticipantID)
-------------------------------------------------------------------------------------
                    |               Robust
          Secondary | Odds ratio   std. err.      z    P>|z|     [95% conf. interval]
--------------------+----------------------------------------------------------------
      ArrestEver_L1 |   1.487723   .2828688     2.09   0.037     1.024893    2.159562
        WorryJob_L1 |   1.025303   .0395397     0.65   0.517     .9506634    1.105804
                    |
     GraduatedHS_L1 |
High school degree  |   .4025523   .1347998    -2.72   0.007     .2088269    .7759936
               GED  |   .5896896   .2397024    -1.30   0.194     .2658393     1.30806
                    |
       EnrollNow_L1 |   .6753727   .1140268    -2.32   0.020     .4850992    .9402783
    Relationship_L1 |   .6399643   .1399058    -2.04   0.041     .4169369    .9822931
            Kids_L1 |   1.157056   .2454237     0.69   0.492     .7634939    1.753489
UnemploymentComp_L1 |   .7485789   .2682073    -0.81   0.419     .3709042    1.510822
          Health_L1 |   1.138946   .0981054     1.51   0.131     .9620182    1.348414
          AlcUse_L1 |   .7487271   .1279549    -1.69   0.090     .5356193    1.046625
        FINScale_L1 |   .9970169   .0704897    -0.04   0.966     .8680047    1.145204
        DISScale_L1 |     1.0024   .0765985     0.03   0.975      .862971    1.164356
           Crash_L1 |   1.260015   .2236594     1.30   0.193     .8897807    1.784303
        ForceOut_L1 |   1.149005   .4044024     0.39   0.693     .5764133    2.290392
           Risky_L1 |   1.111646   .1269501     0.93   0.354     .8887085    1.390509
             AGE_L1 |   .8287563   .0368398    -4.23   0.000     .7596077    .9041997
                Sex |   1.637873   .2683496     3.01   0.003     1.188007     2.25809
                    |
               Race |
             Black  |   1.544762   .2630375     2.55   0.011     1.106423    2.156759
          Hispanic  |   .8429362   .3460025    -0.42   0.677     .3770505    1.884473
             Other  |    .768489   .2958359    -0.68   0.494     .3613774    1.634234
                    |
              _cons |   40.75406   37.30933     4.05   0.000      6.77512    245.1459
-------------------------------------------------------------------------------------
Note: _cons estimates baseline odds.

. 
. *Jail
. logit Secondary JailEver_L1 if TransitionEmploy == 1 & sample == 1, cluster(ParticipantID) or

Iteration 0:   log pseudolikelihood = -582.67945  
Iteration 1:   log pseudolikelihood = -576.03131  
Iteration 2:   log pseudolikelihood = -576.02798  
Iteration 3:   log pseudolikelihood = -576.02798  

Logistic regression                                     Number of obs =    842
                                                        Wald chi2(1)  =  12.57
                                                        Prob > chi2   = 0.0004
Log pseudolikelihood = -576.02798                       Pseudo R2     = 0.0114

                        (Std. err. adjusted for 707 clusters in ParticipantID)
------------------------------------------------------------------------------
             |               Robust
   Secondary | Odds ratio   std. err.      z    P>|z|     [95% conf. interval]
-------------+----------------------------------------------------------------
 JailEver_L1 |   2.231204   .5051007     3.55   0.000     1.431674    3.477239
       _cons |   .8304668   .0622533    -2.48   0.013     .7169926       .9619
------------------------------------------------------------------------------
Note: _cons estimates baseline odds.

. logit Secondary WorryJob_L1 if TransitionEmploy == 1 & sample == 1, cluster(ParticipantID) or

Iteration 0:   log pseudolikelihood = -582.67945  
Iteration 1:   log pseudolikelihood = -581.36262  
Iteration 2:   log pseudolikelihood =  -581.3626  

Logistic regression                                     Number of obs =    842
                                                        Wald chi2(1)  =   2.69
                                                        Prob > chi2   = 0.1012
Log pseudolikelihood = -581.3626                        Pseudo R2     = 0.0023

                        (Std. err. adjusted for 707 clusters in ParticipantID)
------------------------------------------------------------------------------
             |               Robust
   Secondary | Odds ratio   std. err.      z    P>|z|     [95% conf. interval]
-------------+----------------------------------------------------------------
 WorryJob_L1 |   1.056329   .0353165     1.64   0.101     .9893292    1.127866
       _cons |   .7339134   .1077817    -2.11   0.035     .5503492    .9787038
------------------------------------------------------------------------------
Note: _cons estimates baseline odds.

. logit Secondary JailEver_L1 WorryJob_L1 if TransitionEmploy == 1 & sample == 1, cluster(Participan
> tID) or

Iteration 0:   log pseudolikelihood = -582.67945  
Iteration 1:   log pseudolikelihood = -575.21122  
Iteration 2:   log pseudolikelihood = -575.20711  
Iteration 3:   log pseudolikelihood = -575.20711  

Logistic regression                                     Number of obs =    842
                                                        Wald chi2(2)  =  13.73
                                                        Prob > chi2   = 0.0010
Log pseudolikelihood = -575.20711                       Pseudo R2     = 0.0128

                        (Std. err. adjusted for 707 clusters in ParticipantID)
------------------------------------------------------------------------------
             |               Robust
   Secondary | Odds ratio   std. err.      z    P>|z|     [95% conf. interval]
-------------+----------------------------------------------------------------
 JailEver_L1 |   2.173982   .4978109     3.39   0.001     1.387851    3.405407
 WorryJob_L1 |   1.044783   .0356337     1.28   0.199     .9772255    1.117011
       _cons |   .7018693     .10415    -2.39   0.017     .5247433    .9387839
------------------------------------------------------------------------------
Note: _cons estimates baseline odds.

. logit Secondary JailEver_L1 WorryJob_L1 $l1control $l2control ///
>         if TransitionEmploy == 1 & sample == 1, cluster(ParticipantID) or

Iteration 0:   log pseudolikelihood = -582.67945  
Iteration 1:   log pseudolikelihood = -526.31115  
Iteration 2:   log pseudolikelihood = -526.25343  
Iteration 3:   log pseudolikelihood = -526.25342  

Logistic regression                                     Number of obs =    842
                                                        Wald chi2(20) =  83.10
                                                        Prob > chi2   = 0.0000
Log pseudolikelihood = -526.25342                       Pseudo R2     = 0.0968

                               (Std. err. adjusted for 707 clusters in ParticipantID)
-------------------------------------------------------------------------------------
                    |               Robust
          Secondary | Odds ratio   std. err.      z    P>|z|     [95% conf. interval]
--------------------+----------------------------------------------------------------
        JailEver_L1 |   1.818453   .5047218     2.15   0.031     1.055471    3.132982
        WorryJob_L1 |   1.025879   .0394943     0.66   0.507     .9513198    1.106281
                    |
     GraduatedHS_L1 |
High school degree  |   .3979488   .1339021    -2.74   0.006     .2057853    .7695558
               GED  |   .6070635   .2499589    -1.21   0.225      .270864    1.360558
                    |
       EnrollNow_L1 |   .6670186   .1121973    -2.41   0.016      .479689    .9275046
    Relationship_L1 |    .633535   .1401106    -2.06   0.039      .410697    .9772815
            Kids_L1 |   1.177232   .2522155     0.76   0.446     .7735648    1.791543
UnemploymentComp_L1 |   .7802599   .2824666    -0.69   0.493     .3837873    1.586309
          Health_L1 |   1.145782   .0986026     1.58   0.114     .9679433    1.356294
          AlcUse_L1 |   .7550379   .1294349    -1.64   0.101     .5395711    1.056547
        FINScale_L1 |   1.001656   .0711445     0.02   0.981     .8714863    1.151269
        DISScale_L1 |   .9903987   .0759125    -0.13   0.900     .8522495    1.150942
           Crash_L1 |   1.272128   .2257335     1.36   0.175     .8984396    1.801245
        ForceOut_L1 |   1.137163   .3960894     0.37   0.712     .5745625    2.250649
           Risky_L1 |    1.11103   .1285708     0.91   0.363     .8855701    1.393891
             AGE_L1 |   .8257786   .0371959    -4.25   0.000     .7560014    .9019961
                Sex |   1.670698   .2741699     3.13   0.002     1.211188     2.30454
                    |
               Race |
             Black  |   1.584786   .2688794     2.71   0.007     1.136458    2.209979
          Hispanic  |   .8401938   .3430037    -0.43   0.670     .3774695    1.870152
             Other  |   .7168276   .2805403    -0.85   0.395     .3328781    1.543633
                    |
              _cons |   44.59588   41.34232     4.10   0.000     7.247594    274.4073
-------------------------------------------------------------------------------------
Note: _cons estimates baseline odds.

. 
. *Probation
. logit Secondary ProbationEver_L1 if TransitionEmploy == 1 & sample == 1, cluster(ParticipantID) or

Iteration 0:   log pseudolikelihood = -582.67945  
Iteration 1:   log pseudolikelihood =   -578.614  
Iteration 2:   log pseudolikelihood = -578.61376  
Iteration 3:   log pseudolikelihood = -578.61376  

Logistic regression                                     Number of obs =    842
                                                        Wald chi2(1)  =   7.81
                                                        Prob > chi2   = 0.0052
Log pseudolikelihood = -578.61376                       Pseudo R2     = 0.0070

                            (Std. err. adjusted for 707 clusters in ParticipantID)
----------------------------------------------------------------------------------
                 |               Robust
       Secondary | Odds ratio   std. err.      z    P>|z|     [95% conf. interval]
-----------------+----------------------------------------------------------------
ProbationEver_L1 |   1.772835   .3632185     2.79   0.005     1.186518    2.648882
           _cons |   .8401015   .0642802    -2.28   0.023     .7231065    .9760257
----------------------------------------------------------------------------------
Note: _cons estimates baseline odds.

. logit Secondary WorryJob_L1 if TransitionEmploy == 1 & sample == 1, cluster(ParticipantID) or

Iteration 0:   log pseudolikelihood = -582.67945  
Iteration 1:   log pseudolikelihood = -581.36262  
Iteration 2:   log pseudolikelihood =  -581.3626  

Logistic regression                                     Number of obs =    842
                                                        Wald chi2(1)  =   2.69
                                                        Prob > chi2   = 0.1012
Log pseudolikelihood = -581.3626                        Pseudo R2     = 0.0023

                        (Std. err. adjusted for 707 clusters in ParticipantID)
------------------------------------------------------------------------------
             |               Robust
   Secondary | Odds ratio   std. err.      z    P>|z|     [95% conf. interval]
-------------+----------------------------------------------------------------
 WorryJob_L1 |   1.056329   .0353165     1.64   0.101     .9893292    1.127866
       _cons |   .7339134   .1077817    -2.11   0.035     .5503492    .9787038
------------------------------------------------------------------------------
Note: _cons estimates baseline odds.

. logit Secondary ProbationEver_L1 WorryJob_L1 if TransitionEmploy == 1 & sample == 1, cluster(Parti
> cipantID) or

Iteration 0:   log pseudolikelihood = -582.67945  
Iteration 1:   log pseudolikelihood = -577.63488  
Iteration 2:   log pseudolikelihood = -577.63436  
Iteration 3:   log pseudolikelihood = -577.63436  

Logistic regression                                     Number of obs =    842
                                                        Wald chi2(2)  =   9.59
                                                        Prob > chi2   = 0.0083
Log pseudolikelihood = -577.63436                       Pseudo R2     = 0.0087

                            (Std. err. adjusted for 707 clusters in ParticipantID)
----------------------------------------------------------------------------------
                 |               Robust
       Secondary | Odds ratio   std. err.      z    P>|z|     [95% conf. interval]
-----------------+----------------------------------------------------------------
ProbationEver_L1 |   1.734638   .3588521     2.66   0.008     1.156424     2.60196
     WorryJob_L1 |    1.04879   .0352601     1.42   0.157     .9819087    1.120226
           _cons |   .6994808   .1035075    -2.42   0.016     .5233799    .9348341
----------------------------------------------------------------------------------
Note: _cons estimates baseline odds.

. logit Secondary ProbationEver_L1 WorryJob_L1 $l1control $l2control ///
>         if TransitionEmploy == 1 & sample == 1, cluster(ParticipantID) or

Iteration 0:   log pseudolikelihood = -582.67945  
Iteration 1:   log pseudolikelihood = -528.57886  
Iteration 2:   log pseudolikelihood = -528.53162  
Iteration 3:   log pseudolikelihood = -528.53162  

Logistic regression                                     Number of obs =    842
                                                        Wald chi2(20) =  82.71
                                                        Prob > chi2   = 0.0000
Log pseudolikelihood = -528.53162                       Pseudo R2     = 0.0929

                               (Std. err. adjusted for 707 clusters in ParticipantID)
-------------------------------------------------------------------------------------
                    |               Robust
          Secondary | Odds ratio   std. err.      z    P>|z|     [95% conf. interval]
--------------------+----------------------------------------------------------------
   ProbationEver_L1 |   1.214585   .2971168     0.79   0.427      .751975    1.961789
        WorryJob_L1 |   1.029368   .0394175     0.76   0.450     .9549393    1.109598
                    |
     GraduatedHS_L1 |
High school degree  |   .3759471    .125371    -2.93   0.003     .1955545     .722746
               GED  |   .5941491   .2417879    -1.28   0.201     .2676089    1.319138
                    |
       EnrollNow_L1 |   .6541251   .1100976    -2.52   0.012     .4703193    .9097644
    Relationship_L1 |   .6532979   .1426794    -1.95   0.051     .4258043    1.002334
            Kids_L1 |   1.182399   .2518914     0.79   0.432     .7788058    1.795143
UnemploymentComp_L1 |   .7580717   .2702721    -0.78   0.437     .3769077    1.524704
          Health_L1 |   1.135913   .0972618     1.49   0.137     .9604211    1.343473
          AlcUse_L1 |   .7598998   .1294882    -1.61   0.107     .5441394    1.061213
        FINScale_L1 |      .9986   .0707055    -0.02   0.984     .8692057    1.147257
        DISScale_L1 |   1.008272   .0769707     0.11   0.914      .868156    1.171003
           Crash_L1 |   1.271454   .2253135     1.36   0.175     .8983789    1.799457
        ForceOut_L1 |   1.137143   .3934636     0.37   0.710     .5771525    2.240474
           Risky_L1 |   1.132983   .1298116     1.09   0.276      .905101    1.418241
             AGE_L1 |   .8323845   .0369572    -4.13   0.000     .7630119    .9080645
                Sex |   1.708673   .2785891     3.29   0.001     1.241297    2.352028
                    |
               Race |
             Black  |   1.601457   .2710831     2.78   0.005     1.149291    2.231519
          Hispanic  |   .8440823   .3413029    -0.42   0.675     .3821231    1.864517
             Other  |    .801125   .3160247    -0.56   0.574     .3697613    1.735717
                    |
              _cons |   38.38807   34.97901     4.00   0.000     6.435551    228.9849
-------------------------------------------------------------------------------------
Note: _cons estimates baseline odds.

. 
. 
. ****
. **EARNINGS
. ****
. 
. *Arrest
. reg log_Earnings ArrestEver_L1 if TransitionEmploy == 1 & sample == 1, cluster(ParticipantID)

Linear regression                               Number of obs     =        864
                                                F(1, 720)         =      13.75
                                                Prob > F          =     0.0002
                                                R-squared         =     0.0173
                                                Root MSE          =     6.5571

                         (Std. err. adjusted for 721 clusters in ParticipantID)
-------------------------------------------------------------------------------
              |               Robust
 log_Earnings | Coefficient  std. err.      t    P>|t|     [95% conf. interval]
--------------+----------------------------------------------------------------
ArrestEver_L1 |  -1.954524    .527041    -3.71   0.000    -2.989245   -.9198037
        _cons |   3.270775    .257807    12.69   0.000     2.764632    3.776918
-------------------------------------------------------------------------------

. reg log_Earnings WorryJob_L1 if TransitionEmploy == 1 & sample == 1, cluster(ParticipantID)

Linear regression                               Number of obs     =        864
                                                F(1, 720)         =       4.12
                                                Prob > F          =     0.0427
                                                R-squared         =     0.0047
                                                Root MSE          =     6.5991

                        (Std. err. adjusted for 721 clusters in ParticipantID)
------------------------------------------------------------------------------
             |               Robust
log_Earnings | Coefficient  std. err.      t    P>|t|     [95% conf. interval]
-------------+----------------------------------------------------------------
 WorryJob_L1 |   -.221101   .1089162    -2.03   0.043    -.4349323   -.0072697
       _cons |   3.606933   .4815308     7.49   0.000      2.66156    4.552305
------------------------------------------------------------------------------

. reg log_Earnings ArrestEver_L1 WorryJob_L1 if TransitionEmploy == 1 & sample == 1, cluster(Partici
> pantID)

Linear regression                               Number of obs     =        864
                                                F(2, 720)         =       8.47
                                                Prob > F          =     0.0002
                                                R-squared         =     0.0201
                                                Root MSE          =     6.5516

                         (Std. err. adjusted for 721 clusters in ParticipantID)
-------------------------------------------------------------------------------
              |               Robust
 log_Earnings | Coefficient  std. err.      t    P>|t|     [95% conf. interval]
--------------+----------------------------------------------------------------
ArrestEver_L1 |  -1.856861   .5353556    -3.47   0.001    -2.907906   -.8058169
  WorryJob_L1 |  -.1710537   .1106514    -1.55   0.123    -.3882916    .0461843
        _cons |   3.915557    .480075     8.16   0.000     2.973043    4.858071
-------------------------------------------------------------------------------

. reg log_Earnings ArrestEver_L1 WorryJob_L1 $l1control $l2control ///
>         if TransitionEmploy == 1 & sample == 1, cluster(ParticipantID)

Linear regression                               Number of obs     =        864
                                                F(20, 720)        =       2.94
                                                Prob > F          =     0.0000
                                                R-squared         =     0.0635
                                                Root MSE          =     6.4729

                               (Std. err. adjusted for 721 clusters in ParticipantID)
-------------------------------------------------------------------------------------
                    |               Robust
       log_Earnings | Coefficient  std. err.      t    P>|t|     [95% conf. interval]
--------------------+----------------------------------------------------------------
      ArrestEver_L1 |  -1.245521    .606942    -2.05   0.041    -2.437108    -.053933
        WorryJob_L1 |  -.1523714   .1141487    -1.33   0.182    -.3764754    .0717326
                    |
     GraduatedHS_L1 |
High school degree  |   .3129654   .8588909     0.36   0.716    -1.373264    1.999195
               GED  |   .8072567   1.126959     0.72   0.474    -1.405262    3.019775
                    |
       EnrollNow_L1 |   .2791949   .5140355     0.54   0.587    -.7299927    1.288383
    Relationship_L1 |  -.4966716   .6589763    -0.75   0.451    -1.790416    .7970731
            Kids_L1 |  -1.695092   .6667769    -2.54   0.011    -3.004151   -.3860324
UnemploymentComp_L1 |   .4929408   1.060159     0.46   0.642    -1.588431    2.574312
          Health_L1 |   .1214536   .2556271     0.48   0.635    -.3804099    .6233171
          AlcUse_L1 |   .5411147   .5016803     1.08   0.281    -.4438163    1.526046
        FINScale_L1 |  -.1365238   .2083223    -0.66   0.512    -.5455154    .2724679
        DISScale_L1 |  -.0849497   .2253586    -0.38   0.706    -.5273882    .3574889
           Crash_L1 |  -1.191713    .507095    -2.35   0.019    -2.187275   -.1961517
        ForceOut_L1 |   .0375506   .8270931     0.05   0.964    -1.586252    1.661353
           Risky_L1 |  -.5560519   .3599773    -1.54   0.123    -1.262782    .1506787
             AGE_L1 |   .0215356   .1185482     0.18   0.856    -.2112059    .2542771
                Sex |   .6328734   .4798973     1.32   0.188    -.3092917    1.575039
                    |
               Race |
             Black  |  -1.039601    .507669    -2.05   0.041     -2.03629    -.042913
          Hispanic  |  -.0934545   1.064345    -0.09   0.930    -2.183045    1.996136
             Other  |  -.3298771   1.154919    -0.29   0.775    -2.597288    1.937533
                    |
              _cons |   5.370923   2.481395     2.16   0.031     .4992876    10.24256
-------------------------------------------------------------------------------------

. 
. *Jail
. reg log_Earnings JailEver_L1 if TransitionEmploy == 1 & sample == 1, cluster(ParticipantID)

Linear regression                               Number of obs     =        864
                                                F(1, 720)         =       1.48
                                                Prob > F          =     0.2247
                                                R-squared         =     0.0018
                                                Root MSE          =     6.6088

                        (Std. err. adjusted for 721 clusters in ParticipantID)
------------------------------------------------------------------------------
             |               Robust
log_Earnings | Coefficient  std. err.      t    P>|t|     [95% conf. interval]
-------------+----------------------------------------------------------------
 JailEver_L1 |  -.8703086   .7162726    -1.22   0.225    -2.276541    .5359238
       _cons |   2.838885   .2424659    11.71   0.000     2.362861     3.31491
------------------------------------------------------------------------------

. reg log_Earnings WorryJob_L1 if TransitionEmploy == 1 & sample == 1, cluster(ParticipantID)

Linear regression                               Number of obs     =        864
                                                F(1, 720)         =       4.12
                                                Prob > F          =     0.0427
                                                R-squared         =     0.0047
                                                Root MSE          =     6.5991

                        (Std. err. adjusted for 721 clusters in ParticipantID)
------------------------------------------------------------------------------
             |               Robust
log_Earnings | Coefficient  std. err.      t    P>|t|     [95% conf. interval]
-------------+----------------------------------------------------------------
 WorryJob_L1 |   -.221101   .1089162    -2.03   0.043    -.4349323   -.0072697
       _cons |   3.606933   .4815308     7.49   0.000      2.66156    4.552305
------------------------------------------------------------------------------

. reg log_Earnings JailEver_L1 WorryJob_L1 if TransitionEmploy == 1 & sample == 1, cluster(Participa
> ntID)

Linear regression                               Number of obs     =        864
                                                F(2, 720)         =       2.67
                                                Prob > F          =     0.0697
                                                R-squared         =     0.0059
                                                Root MSE          =     6.5988

                        (Std. err. adjusted for 721 clusters in ParticipantID)
------------------------------------------------------------------------------
             |               Robust
log_Earnings | Coefficient  std. err.      t    P>|t|     [95% conf. interval]
-------------+----------------------------------------------------------------
 JailEver_L1 |  -.7353016   .7273454    -1.01   0.312    -2.163273    .6926695
 WorryJob_L1 |  -.2096482   .1100147    -1.91   0.057    -.4256362    .0063398
       _cons |   3.646236    .480854     7.58   0.000     2.702193     4.59028
------------------------------------------------------------------------------

. reg log_Earnings JailEver_L1 WorryJob_L1 $l1control $l2control ///
>         if TransitionEmploy == 1 & sample == 1, cluster(ParticipantID)

Linear regression                               Number of obs     =        864
                                                F(20, 720)        =       2.72
                                                Prob > F          =     0.0001
                                                R-squared         =     0.0585
                                                Root MSE          =     6.4903

                               (Std. err. adjusted for 721 clusters in ParticipantID)
-------------------------------------------------------------------------------------
                    |               Robust
       log_Earnings | Coefficient  std. err.      t    P>|t|     [95% conf. interval]
--------------------+----------------------------------------------------------------
        JailEver_L1 |   .2614576   .7938279     0.33   0.742    -1.297036    1.819952
        WorryJob_L1 |  -.1692353   .1141321    -1.48   0.139    -.3933069    .0548362
                    |
     GraduatedHS_L1 |
High school degree  |   .7571061   .8714049     0.87   0.385    -.9536921    2.467904
               GED  |   .8216103   1.143633     0.72   0.473    -1.423644    3.066864
                    |
       EnrollNow_L1 |    .434719   .5127749     0.85   0.397    -.5719936    1.441432
    Relationship_L1 |  -.5414794   .6610281    -0.82   0.413    -1.839252    .7562935
            Kids_L1 |  -1.769265   .6651829    -2.66   0.008    -3.075195   -.4633354
UnemploymentComp_L1 |   .4878659   1.077716     0.45   0.651    -1.627975    2.603707
          Health_L1 |   .1299677    .256161     0.51   0.612     -.372944    .6328795
          AlcUse_L1 |   .4658064   .5041494     0.92   0.356    -.5239722    1.455585
        FINScale_L1 |  -.1427791   .2080291    -0.69   0.493    -.5511952     .265637
        DISScale_L1 |  -.1144615    .226607    -0.51   0.614     -.559351     .330428
           Crash_L1 |  -1.207088   .5134388    -2.35   0.019    -2.215104   -.1990719
        ForceOut_L1 |   .0670848   .8208667     0.08   0.935    -1.544493    1.678663
           Risky_L1 |  -.6651199   .3661746    -1.82   0.070    -1.384017    .0537776
             AGE_L1 |  -.0083954   .1189368    -0.07   0.944    -.2418997    .2251089
                Sex |   .4154606   .4814179     0.86   0.388      -.52969    1.360611
                    |
               Race |
             Black  |  -1.166979   .5080944    -2.30   0.022    -2.164502   -.1694552
          Hispanic  |  -.0994003   1.057189    -0.09   0.925    -2.174941     1.97614
             Other  |  -.5586381   1.163333    -0.48   0.631    -2.842568    1.725292
                    |
              _cons |   5.735816   2.503321     2.29   0.022     .8211348     10.6505
-------------------------------------------------------------------------------------

. 
. *Probation
. reg log_Earnings ProbationEver_L1 if TransitionEmploy == 1 & sample == 1, cluster(ParticipantID)

Linear regression                               Number of obs     =        864
                                                F(1, 720)         =       0.91
                                                Prob > F          =     0.3397
                                                R-squared         =     0.0010
                                                Root MSE          =     6.6113

                            (Std. err. adjusted for 721 clusters in ParticipantID)
----------------------------------------------------------------------------------
                 |               Robust
    log_Earnings | Coefficient  std. err.      t    P>|t|     [95% conf. interval]
-----------------+----------------------------------------------------------------
ProbationEver_L1 |  -.6085401   .6369587    -0.96   0.340    -1.859058    .6419782
           _cons |   2.823682   .2487927    11.35   0.000     2.335236    3.312128
----------------------------------------------------------------------------------

. reg log_Earnings WorryJob_L1 if TransitionEmploy == 1 & sample == 1, cluster(ParticipantID)

Linear regression                               Number of obs     =        864
                                                F(1, 720)         =       4.12
                                                Prob > F          =     0.0427
                                                R-squared         =     0.0047
                                                Root MSE          =     6.5991

                        (Std. err. adjusted for 721 clusters in ParticipantID)
------------------------------------------------------------------------------
             |               Robust
log_Earnings | Coefficient  std. err.      t    P>|t|     [95% conf. interval]
-------------+----------------------------------------------------------------
 WorryJob_L1 |   -.221101   .1089162    -2.03   0.043    -.4349323   -.0072697
       _cons |   3.606933   .4815308     7.49   0.000      2.66156    4.552305
------------------------------------------------------------------------------

. reg log_Earnings ProbationEver_L1 WorryJob_L1 if TransitionEmploy == 1 & sample == 1, cluster(Part
> icipantID)

Linear regression                               Number of obs     =        864
                                                F(2, 720)         =       2.53
                                                Prob > F          =     0.0803
                                                R-squared         =     0.0054
                                                Root MSE          =     6.6006

                            (Std. err. adjusted for 721 clusters in ParticipantID)
----------------------------------------------------------------------------------
                 |               Robust
    log_Earnings | Coefficient  std. err.      t    P>|t|     [95% conf. interval]
-----------------+----------------------------------------------------------------
ProbationEver_L1 |  -.5028529     .65043    -0.77   0.440    -1.779819     .774113
     WorryJob_L1 |  -.2140208   .1102464    -1.94   0.053    -.4304636     .002422
           _cons |   3.648985   .4804793     7.59   0.000     2.705677    4.592293
----------------------------------------------------------------------------------

. reg log_Earnings ProbationEver_L1 WorryJob_L1 $l1control $l2control ///
>         if TransitionEmploy == 1 & sample == 1, cluster(ParticipantID)

Linear regression                               Number of obs     =        864
                                                F(20, 720)        =       2.72
                                                Prob > F          =     0.0001
                                                R-squared         =     0.0584
                                                Root MSE          =     6.4906

                               (Std. err. adjusted for 721 clusters in ParticipantID)
-------------------------------------------------------------------------------------
                    |               Robust
       log_Earnings | Coefficient  std. err.      t    P>|t|     [95% conf. interval]
--------------------+----------------------------------------------------------------
   ProbationEver_L1 |   .1255869   .7379715     0.17   0.865    -1.323246     1.57442
        WorryJob_L1 |  -.1683257   .1140235    -1.48   0.140     -.392184    .0555326
                    |
     GraduatedHS_L1 |
High school degree  |   .7397507   .8738887     0.85   0.398    -.9759238    2.455425
               GED  |   .8127606    1.14415     0.71   0.478    -1.433508    3.059029
                    |
       EnrollNow_L1 |   .4279806   .5121676     0.84   0.404    -.5775399    1.433501
    Relationship_L1 |  -.5287193    .662495    -0.80   0.425    -1.829372    .7719335
            Kids_L1 |  -1.765394   .6652477    -2.65   0.008     -3.07145   -.4593365
UnemploymentComp_L1 |   .4736131   1.080384     0.44   0.661    -1.647466    2.594692
          Health_L1 |   .1259536   .2568028     0.49   0.624    -.3782182    .6301255
          AlcUse_L1 |   .4657398   .5039305     0.92   0.356    -.5236089    1.455088
        FINScale_L1 |  -.1446763   .2083791    -0.69   0.488    -.5537796     .264427
        DISScale_L1 |  -.1065609   .2280126    -0.47   0.640    -.5542099    .3410882
           Crash_L1 |   -1.20598   .5128521    -2.35   0.019    -2.212844   -.1991157
        ForceOut_L1 |   .0696667   .8212409     0.08   0.932    -1.542646     1.68198
           Risky_L1 |  -.6580619   .3698189    -1.78   0.076    -1.384114    .0679903
             AGE_L1 |  -.0056561   .1190173    -0.05   0.962    -.2393185    .2280063
                Sex |   .4222429   .4856657     0.87   0.385    -.5312471    1.375733
                    |
               Race |
             Black  |  -1.161204   .5073645    -2.29   0.022    -2.157294    -.165113
          Hispanic  |  -.0971888    1.05922    -0.09   0.927    -2.176717    1.982339
             Other  |  -.5148867   1.156392    -0.45   0.656     -2.78519    1.755417
                    |
              _cons |   5.680623   2.508522     2.26   0.024     .7557307    10.60552
-------------------------------------------------------------------------------------

. 
. log close
      name:  <unnamed>
       log:  E:\Holly\Job Search\LMParticipation_PublicFiles\Log Output\SECTION 13 - Supplement - Jo
> b Quality wo Market State Vars.log
  log type:  text
 closed on:  24 Jun 2025, 14:18:38
----------------------------------------------------------------------------------------------------
