---------------------------------------------------------------------------------------------------
      name:  <unnamed>
       log:  E:\Holly\Job Search\LMParticipation_PublicFiles\Log Output\SECTION 9 - Supplement - Un
> transformed Earnings Outcome.log
  log type:  text
 opened on:  12 Jun 2025, 10:13:27

. ****************************************************
. *SUPPLEMENTAL MODELS: UNTRANSFORMED EARNINGS OUTCOME
. ****************************************************
. *       Earnings models without natural log transformation.
. 
. *Macros for Models
. global state Employed_Total Searching_Total Discgd_Total

. global contact ArrestEver_L1 JailEver_L1 ProbationEver_L1

. global l1control i.GraduatedHS_L1 EnrollNow_L1 Relationship_L1 Kids_L1 ///
>         UnemploymentComp_L1 Health_L1 AlcUse_L1 FINScale_L1 DISScale_L1 Crash_L1 ///
>         ForceOut_L1 Risky_L1 AGE_L1

. global l1controlpmc i.GraduatedHS_L1 EnrollNow_L1 Relationship_L1 Kids_L1 ///
>         UnemploymentComp_L1 Health_L1c AlcUse_L1 FINScale_L1c DISScale_L1c Crash_L1 ///
>         ForceOut_L1 Risky_L1c AGE_L1c

. global l2control Sex i.Race

. 
. *Arrest
. reg EarningsPerMo_z ArrestEver_L1 if TransitionEmploy == 1 & sample == 1, cluster(ParticipantID)

Linear regression                               Number of obs     =        864
                                                F(1, 720)         =       7.04
                                                Prob > F          =     0.0082
                                                R-squared         =     0.0074
                                                Root MSE          =     705.59

                         (Std. err. adjusted for 721 clusters in ParticipantID)
-------------------------------------------------------------------------------
              |               Robust
EarningsPer~z | Coefficient  std. err.      t    P>|t|     [95% conf. interval]
--------------+----------------------------------------------------------------
ArrestEver_L1 |  -136.6548   51.51371    -2.65   0.008    -237.7899    -35.5198
        _cons |   675.7427   30.14715    22.41   0.000     616.5559    734.9295
-------------------------------------------------------------------------------

. reg EarningsPerMo_z WorryJob_L1 if TransitionEmploy == 1 & sample == 1, cluster(ParticipantID)

Linear regression                               Number of obs     =        864
                                                F(1, 720)         =       6.08
                                                Prob > F          =     0.0139
                                                R-squared         =     0.0069
                                                Root MSE          =     705.76

                        (Std. err. adjusted for 721 clusters in ParticipantID)
------------------------------------------------------------------------------
             |               Robust
EarningsPe~z | Coefficient  std. err.      t    P>|t|     [95% conf. interval]
-------------+----------------------------------------------------------------
 WorryJob_L1 |   -28.6897   11.63625    -2.47   0.014    -51.53474   -5.844653
       _cons |   751.1742   54.90751    13.68   0.000     643.3763    858.9722
------------------------------------------------------------------------------

. reg EarningsPerMo_z ArrestEver_L1 WorryJob_L1 if TransitionEmploy == 1 & sample == 1, cluster(Par
> ticipantID)

Linear regression                               Number of obs     =        864
                                                F(2, 720)         =       6.01
                                                Prob > F          =     0.0026
                                                R-squared         =     0.0127
                                                Root MSE          =      704.1

                         (Std. err. adjusted for 721 clusters in ParticipantID)
-------------------------------------------------------------------------------
              |               Robust
EarningsPer~z | Coefficient  std. err.      t    P>|t|     [95% conf. interval]
--------------+----------------------------------------------------------------
ArrestEver_L1 |  -122.1542   51.93197    -2.35   0.019    -224.1104   -20.19804
  WorryJob_L1 |  -25.39731   11.76631    -2.16   0.031    -48.49769   -2.296936
        _cons |   771.4772   55.79895    13.83   0.000     661.9291    881.0253
-------------------------------------------------------------------------------

. reg EarningsPerMo_z ArrestEver_L1 WorryJob_L1 Discgd_Total Searching_Total ///
>         $l1control $l2control if TransitionEmploy == 1 & sample == 1, cluster(ParticipantID)

Linear regression                               Number of obs     =        864
                                                F(22, 720)        =       5.60
                                                Prob > F          =     0.0000
                                                R-squared         =     0.1300
                                                Root MSE          =     668.79

                               (Std. err. adjusted for 721 clusters in ParticipantID)
-------------------------------------------------------------------------------------
                    |               Robust
    EarningsPerMo_z | Coefficient  std. err.      t    P>|t|     [95% conf. interval]
--------------------+----------------------------------------------------------------
      ArrestEver_L1 |   -101.456   58.95325    -1.72   0.086    -217.1968    14.28476
        WorryJob_L1 |  -17.96895   11.72287    -1.53   0.126    -40.98404    5.046148
       Discgd_Total |  -12.35131   4.741702    -2.60   0.009    -21.66052   -3.042093
    Searching_Total |  -29.17183   3.832733    -7.61   0.000     -36.6965   -21.64716
                    |
     GraduatedHS_L1 |
High school degree  |   115.0795   68.59718     1.68   0.094    -19.59484    249.7539
               GED  |   162.9947   89.65026     1.82   0.069    -13.01241    339.0019
                    |
       EnrollNow_L1 |  -126.0782   55.71663    -2.26   0.024    -235.4647   -16.69174
    Relationship_L1 |  -11.84693   72.93963    -0.16   0.871    -155.0467    131.3528
            Kids_L1 |  -138.5289   63.96722    -2.17   0.031    -264.1135   -12.94438
UnemploymentComp_L1 |   107.9646   106.0353     1.02   0.309    -100.2107    316.1398
          Health_L1 |  -1.965362   26.34793    -0.07   0.941    -53.69332     49.7626
          AlcUse_L1 |   65.92673   49.62892     1.33   0.184    -31.50796    163.3614
        FINScale_L1 |  -3.415968   26.62292    -0.13   0.898     -55.6838    48.85186
        DISScale_L1 |  -23.50803   21.34794    -1.10   0.271    -65.41967    18.40361
           Crash_L1 |  -61.25389   51.06481    -1.20   0.231    -161.5076    38.99982
        ForceOut_L1 |  -54.03572   76.04775    -0.71   0.478    -203.3376    95.26611
           Risky_L1 |  -11.67945   37.82671    -0.31   0.758    -85.94327    62.58437
             AGE_L1 |   44.98634   15.70285     2.86   0.004      14.1575    75.81518
                Sex |   47.64988   51.66701     0.92   0.357     -53.7861    149.0859
                    |
               Race |
             Black  |  -47.64405    53.9841    -0.88   0.378    -153.6291    58.34099
          Hispanic  |   176.5243   128.0654     1.38   0.169    -74.90197    427.9505
             Other  |   185.6711   183.3282     1.01   0.312    -174.2507    545.5928
                    |
              _cons |   158.0882   267.6472     0.59   0.555    -367.3739    683.5503
-------------------------------------------------------------------------------------

. 
. *Jail
. reg EarningsPerMo_z JailEver_L1 if TransitionEmploy == 1 & sample == 1, cluster(ParticipantID)

Linear regression                               Number of obs     =        864
                                                F(1, 720)         =       1.28
                                                Prob > F          =     0.2588
                                                R-squared         =     0.0013
                                                Root MSE          =     707.76

                        (Std. err. adjusted for 721 clusters in ParticipantID)
------------------------------------------------------------------------------
             |               Robust
EarningsPe~z | Coefficient  std. err.      t    P>|t|     [95% conf. interval]
-------------+----------------------------------------------------------------
 JailEver_L1 |  -79.56044   70.39904    -1.13   0.259    -217.7724    58.65147
       _cons |   647.6901   26.70094    24.26   0.000     595.2691    700.1111
------------------------------------------------------------------------------

. reg EarningsPerMo_z WorryJob_L1 if TransitionEmploy == 1 & sample == 1, cluster(ParticipantID)

Linear regression                               Number of obs     =        864
                                                F(1, 720)         =       6.08
                                                Prob > F          =     0.0139
                                                R-squared         =     0.0069
                                                Root MSE          =     705.76

                        (Std. err. adjusted for 721 clusters in ParticipantID)
------------------------------------------------------------------------------
             |               Robust
EarningsPe~z | Coefficient  std. err.      t    P>|t|     [95% conf. interval]
-------------+----------------------------------------------------------------
 WorryJob_L1 |   -28.6897   11.63625    -2.47   0.014    -51.53474   -5.844653
       _cons |   751.1742   54.90751    13.68   0.000     643.3763    858.9722
------------------------------------------------------------------------------

. reg EarningsPerMo_z JailEver_L1 WorryJob_L1 if TransitionEmploy == 1 & sample == 1, cluster(Parti
> cipantID)

Linear regression                               Number of obs     =        864
                                                F(2, 720)         =       3.73
                                                Prob > F          =     0.0244
                                                R-squared         =     0.0077
                                                Root MSE          =      705.9

                        (Std. err. adjusted for 721 clusters in ParticipantID)
------------------------------------------------------------------------------
             |               Robust
EarningsPe~z | Coefficient  std. err.      t    P>|t|     [95% conf. interval]
-------------+----------------------------------------------------------------
 JailEver_L1 |  -61.70407   71.35557    -0.86   0.387    -201.7939    78.38578
 WorryJob_L1 |  -27.72861   11.83246    -2.34   0.019    -50.95886   -4.498372
       _cons |   754.4725   54.80512    13.77   0.000     646.8755    862.0694
------------------------------------------------------------------------------

. reg EarningsPerMo_z JailEver_L1 WorryJob_L1 Discgd_Total Searching_Total ///
>         $l1control $l2control if TransitionEmploy == 1 & sample == 1, cluster(ParticipantID)

Linear regression                               Number of obs     =        864
                                                F(22, 720)        =       5.44
                                                Prob > F          =     0.0000
                                                R-squared         =     0.1276
                                                Root MSE          =     669.71

                               (Std. err. adjusted for 721 clusters in ParticipantID)
-------------------------------------------------------------------------------------
                    |               Robust
    EarningsPerMo_z | Coefficient  std. err.      t    P>|t|     [95% conf. interval]
--------------------+----------------------------------------------------------------
        JailEver_L1 |  -57.74576   73.46474    -0.79   0.432    -201.9765    86.48495
        WorryJob_L1 |  -18.94471   11.70584    -1.62   0.106    -41.92637     4.03695
       Discgd_Total |  -12.18392   4.744308    -2.57   0.010    -21.49825   -2.869585
    Searching_Total |  -29.69014   3.831247    -7.75   0.000    -37.21189   -22.16839
                    |
     GraduatedHS_L1 |
High school degree  |   134.1444   66.68827     2.01   0.045     3.217757    265.0711
               GED  |    159.799   91.12339     1.75   0.080    -19.10028    338.6983
                    |
       EnrollNow_L1 |  -118.4654   55.83322    -2.12   0.034    -228.0808   -8.850053
    Relationship_L1 |  -11.99739   73.15404    -0.16   0.870    -155.6181    131.6233
            Kids_L1 |  -143.4101   63.76969    -2.25   0.025    -268.6069   -18.21335
UnemploymentComp_L1 |   102.1912    107.491     0.95   0.342    -108.8422    313.2245
          Health_L1 |  -2.275131   26.41317    -0.09   0.931    -54.13116     49.5809
          AlcUse_L1 |   61.77443   49.83384     1.24   0.216    -36.06257    159.6114
        FINScale_L1 |   -4.45024   26.84754    -0.17   0.868    -57.15905    48.25857
        DISScale_L1 |  -23.24879   21.69838    -1.07   0.284    -65.84846    19.35087
           Crash_L1 |  -62.17231   51.45438    -1.21   0.227    -163.1909    38.84624
        ForceOut_L1 |  -51.70723     75.483    -0.69   0.494    -199.9003    96.48584
           Risky_L1 |  -15.97445   37.67671    -0.42   0.672    -89.94379    57.99489
             AGE_L1 |   44.05932   15.75617     2.80   0.005      13.1258    74.99285
                Sex |   36.00357   51.43817     0.70   0.484    -64.98315    136.9903
                    |
               Race |
             Black  |   -54.1743   54.19605    -1.00   0.318    -160.5755    52.22687
          Hispanic  |     178.99   127.6217     1.40   0.161     -71.5652    429.5451
             Other  |   183.3227    185.956     0.99   0.325     -181.758    548.4035
                    |
              _cons |   167.5945   269.3038     0.62   0.534      -361.12     696.309
-------------------------------------------------------------------------------------

. 
. *Probation
. reg EarningsPerMo_z ProbationEver_L1 if TransitionEmploy == 1 & sample == 1, cluster(ParticipantI
> D)

Linear regression                               Number of obs     =        864
                                                F(1, 720)         =       1.30
                                                Prob > F          =     0.2548
                                                R-squared         =     0.0013
                                                Root MSE          =     707.75

                            (Std. err. adjusted for 721 clusters in ParticipantID)
----------------------------------------------------------------------------------
                 |               Robust
 EarningsPerMo_z | Coefficient  std. err.      t    P>|t|     [95% conf. interval]
-----------------+----------------------------------------------------------------
ProbationEver_L1 |  -74.10832   65.02343    -1.14   0.255    -201.7665    53.54986
           _cons |   648.8666   27.18308    23.87   0.000     595.4991    702.2342
----------------------------------------------------------------------------------

. reg EarningsPerMo_z WorryJob_L1 if TransitionEmploy == 1 & sample == 1, cluster(ParticipantID)

Linear regression                               Number of obs     =        864
                                                F(1, 720)         =       6.08
                                                Prob > F          =     0.0139
                                                R-squared         =     0.0069
                                                Root MSE          =     705.76

                        (Std. err. adjusted for 721 clusters in ParticipantID)
------------------------------------------------------------------------------
             |               Robust
EarningsPe~z | Coefficient  std. err.      t    P>|t|     [95% conf. interval]
-------------+----------------------------------------------------------------
 WorryJob_L1 |   -28.6897   11.63625    -2.47   0.014    -51.53474   -5.844653
       _cons |   751.1742   54.90751    13.68   0.000     643.3763    858.9722
------------------------------------------------------------------------------

. reg EarningsPerMo_z ProbationEver_L1 WorryJob_L1 if TransitionEmploy == 1 & sample == 1, cluster(
> ParticipantID)

Linear regression                               Number of obs     =        864
                                                F(2, 720)         =       3.73
                                                Prob > F          =     0.0244
                                                R-squared         =     0.0078
                                                Root MSE          =     705.87

                            (Std. err. adjusted for 721 clusters in ParticipantID)
----------------------------------------------------------------------------------
                 |               Robust
 EarningsPerMo_z | Coefficient  std. err.      t    P>|t|     [95% conf. interval]
-----------------+----------------------------------------------------------------
ProbationEver_L1 |  -60.36054    65.4631    -0.92   0.357    -188.8819    68.16083
     WorryJob_L1 |  -27.83981   11.76576    -2.37   0.018     -50.9391   -4.740525
           _cons |   756.2221   54.93213    13.77   0.000     648.3758    864.0683
----------------------------------------------------------------------------------

. reg EarningsPerMo_z ProbationEver_L1 WorryJob_L1 Discgd_Total Searching_Total ///
>         $l1control $l2control if TransitionEmploy == 1 & sample == 1, cluster(ParticipantID)

Linear regression                               Number of obs     =        864
                                                F(22, 720)        =       5.57
                                                Prob > F          =     0.0000
                                                R-squared         =     0.1282
                                                Root MSE          =     669.47

                               (Std. err. adjusted for 721 clusters in ParticipantID)
-------------------------------------------------------------------------------------
                    |               Robust
    EarningsPerMo_z | Coefficient  std. err.      t    P>|t|     [95% conf. interval]
--------------------+----------------------------------------------------------------
   ProbationEver_L1 |  -78.75277   72.54257    -1.09   0.278     -221.173    63.66746
        WorryJob_L1 |  -19.00805   11.67632    -1.63   0.104    -41.93176     3.91566
       Discgd_Total |  -12.35575   4.747656    -2.60   0.009    -21.67666   -3.034851
    Searching_Total |  -29.73775    3.83646    -7.75   0.000    -37.26974   -22.20577
                    |
     GraduatedHS_L1 |
High school degree  |   123.0412   69.54518     1.77   0.077    -13.49442    259.5767
               GED  |   159.2614   89.41616     1.78   0.075    -16.28611     334.809
                    |
       EnrollNow_L1 |  -119.6017   55.60699    -2.15   0.032    -228.7729   -10.43051
    Relationship_L1 |  -15.21879   73.21434    -0.21   0.835    -158.9579    128.5203
            Kids_L1 |  -144.4753   63.78256    -2.27   0.024    -269.6973   -19.25329
UnemploymentComp_L1 |   104.5147    106.673     0.98   0.328    -104.9126    313.9421
          Health_L1 |  -.9709873   26.28365    -0.04   0.971    -52.57273    50.63076
          AlcUse_L1 |   64.52018   49.77253     1.30   0.195    -33.19645    162.2368
        FINScale_L1 |   -4.21182   26.74608    -0.16   0.875    -56.72145    48.29781
        DISScale_L1 |  -24.56912   21.39219    -1.15   0.251    -66.56764     17.4294
           Crash_L1 |  -63.33132   51.54225    -1.23   0.220    -164.5224    37.85972
        ForceOut_L1 |  -53.44918   75.81221    -0.71   0.481    -202.2886    95.39023
           Risky_L1 |  -14.37983   37.92256    -0.38   0.705    -88.83184    60.07218
             AGE_L1 |   44.29911   15.75012     2.81   0.005     13.37747    75.22075
                Sex |   39.51154    51.7922     0.76   0.446    -62.17024    141.1933
                    |
               Race |
             Black  |  -54.70673   53.95512    -1.01   0.311    -160.6349    51.22143
          Hispanic  |   180.0675   127.7867     1.41   0.159    -70.81151    430.9466
             Other  |   177.8301   183.7402     0.97   0.333    -182.9004    538.5607
                    |
              _cons |   174.3833   267.8039     0.65   0.515    -351.3866    700.1532
-------------------------------------------------------------------------------------

.         
. log close
      name:  <unnamed>
       log:  E:\Holly\Job Search\LMParticipation_PublicFiles\Log Output\SECTION 9 - Supplement - Un
> transformed Earnings Outcome.log
  log type:  text
 closed on:  12 Jun 2025, 10:13:27
---------------------------------------------------------------------------------------------------
