---------------------------------------------------------------------------------------------------
      name:  <unnamed>
       log:  E:\Holly\Job Search\LMParticipation_PublicFiles\Log Output\SECTION 8 - Supplement - Ti
> me Employed Outcome.log
  log type:  text
 opened on:  12 Jun 2025, 10:13:20

. *********************************
. *SUPPLEMENTAL OUTCOME: EMPLOYMENT
. *********************************
. *       Estimates mirror those in text.
. *       Outcome represents total number of months employed in a recall period.
. 
. *Macros for Models
. global state Employed_Total Searching_Total Discgd_Total

. global contact ArrestEver_L1 JailEver_L1 ProbationEver_L1

. global l1control i.GraduatedHS_L1 EnrollNow_L1 Relationship_L1 Kids_L1 ///
>         UnemploymentComp_L1 Health_L1 AlcUse_L1 FINScale_L1 DISScale_L1 Crash_L1 ///
>         ForceOut_L1 Risky_L1 AGE_L1

. global l1controlpmc i.GraduatedHS_L1 EnrollNow_L1 Relationship_L1 Kids_L1 ///
>         UnemploymentComp_L1 Health_L1c AlcUse_L1 FINScale_L1c DISScale_L1c Crash_L1 ///
>         ForceOut_L1 Risky_L1c AGE_L1c

. global l2control Sex i.Race

. 
. **Arrest
. mepoisson Employed_Total WorryJob_L1 if sample == 1 || ParticipantID: // bivariate

Fitting fixed-effects model:

Iteration 0:   log likelihood = -24850.838  
Iteration 1:   log likelihood = -24313.501  
Iteration 2:   log likelihood = -24312.123  
Iteration 3:   log likelihood = -24312.123  

Refining starting values:

Grid node 0:   log likelihood = -21419.717

Fitting full model:

Iteration 0:   log likelihood = -21419.717  (not concave)
Iteration 1:   log likelihood = -20918.733  
Iteration 2:   log likelihood = -20824.338  
Iteration 3:   log likelihood = -20812.734  
Iteration 4:   log likelihood = -20812.691  
Iteration 5:   log likelihood = -20812.691  

Mixed-effects Poisson regression                Number of obs     =      5,394
Group variable: ParticipantID                   Number of groups  =      2,248

                                                Obs per group:
                                                              min =          1
                                                              avg =        2.4
                                                              max =          4

Integration method: mvaghermite                 Integration pts.  =          7

                                                Wald chi2(1)      =       6.97
Log likelihood = -20812.691                     Prob > chi2       =     0.0083
--------------------------------------------------------------------------------
Employed_Total | Coefficient  Std. err.      z    P>|z|     [95% conf. interval]
---------------+----------------------------------------------------------------
   WorryJob_L1 |  -.0067747   .0025658    -2.64   0.008    -.0118036   -.0017457
         _cons |      2.812   .0143086   196.52   0.000     2.783956    2.840045
---------------+----------------------------------------------------------------
ParticipantID  |
     var(_cons)|   .2156635   .0091159                      .1985167    .2342914
--------------------------------------------------------------------------------
LR test vs. Poisson model: chibar2(01) = 6998.86      Prob >= chibar2 = 0.0000

. mepoisson Employed_Total ArrestEver_L1 if sample == 1 || ParticipantID: // bivariate

Fitting fixed-effects model:

Iteration 0:   log likelihood =  -24913.22  
Iteration 1:   log likelihood =  -24379.26  
Iteration 2:   log likelihood = -24377.975  
Iteration 3:   log likelihood = -24377.975  

Refining starting values:

Grid node 0:   log likelihood = -21404.796

Fitting full model:

Iteration 0:   log likelihood = -21404.796  (not concave)
Iteration 1:   log likelihood =  -20906.88  
Iteration 2:   log likelihood =  -20820.37  
Iteration 3:   log likelihood = -20812.885  
Iteration 4:   log likelihood =  -20812.77  
Iteration 5:   log likelihood =  -20812.77  

Mixed-effects Poisson regression                Number of obs     =      5,394
Group variable: ParticipantID                   Number of groups  =      2,248

                                                Obs per group:
                                                              min =          1
                                                              avg =        2.4
                                                              max =          4

Integration method: mvaghermite                 Integration pts.  =          7

                                                Wald chi2(1)      =       6.80
Log likelihood = -20812.77                      Prob > chi2       =     0.0091
--------------------------------------------------------------------------------
Employed_Total | Coefficient  Std. err.      z    P>|z|     [95% conf. interval]
---------------+----------------------------------------------------------------
 ArrestEver_L1 |   .0427581   .0163953     2.61   0.009     .0106238    .0748924
         _cons |   2.776926    .011358   244.49   0.000     2.754665    2.799188
---------------+----------------------------------------------------------------
ParticipantID  |
     var(_cons)|   .2174956   .0091655                      .2002535    .2362223
--------------------------------------------------------------------------------
LR test vs. Poisson model: chibar2(01) = 7130.41      Prob >= chibar2 = 0.0000

. mepoisson Employed_Total WorryJob_L1 ArrestEver_L1 if sample == 1 || ParticipantID: // multivaria
> te

Fitting fixed-effects model:

Iteration 0:   log likelihood = -24850.748  
Iteration 1:   log likelihood = -24313.335  
Iteration 2:   log likelihood = -24311.955  
Iteration 3:   log likelihood = -24311.955  

Refining starting values:

Grid node 0:   log likelihood = -21419.138

Fitting full model:

Iteration 0:   log likelihood = -21419.138  (not concave)
Iteration 1:   log likelihood = -20918.103  
Iteration 2:   log likelihood = -20822.296  
Iteration 3:   log likelihood = -20809.064  
Iteration 4:   log likelihood = -20809.012  
Iteration 5:   log likelihood = -20809.012  

Mixed-effects Poisson regression                Number of obs     =      5,394
Group variable: ParticipantID                   Number of groups  =      2,248

                                                Obs per group:
                                                              min =          1
                                                              avg =        2.4
                                                              max =          4

Integration method: mvaghermite                 Integration pts.  =          7

                                                Wald chi2(2)      =      14.34
Log likelihood = -20809.012                     Prob > chi2       =     0.0008
--------------------------------------------------------------------------------
Employed_Total | Coefficient  Std. err.      z    P>|z|     [95% conf. interval]
---------------+----------------------------------------------------------------
   WorryJob_L1 |  -.0070425   .0025679    -2.74   0.006    -.0120755   -.0020095
 ArrestEver_L1 |   .0444307    .016388     2.71   0.007     .0123108    .0765506
         _cons |   2.802793   .0147235   190.36   0.000     2.773935     2.83165
---------------+----------------------------------------------------------------
ParticipantID  |
     var(_cons)|   .2159754   .0091268                      .1988079    .2346253
--------------------------------------------------------------------------------
LR test vs. Poisson model: chibar2(01) = 7005.89      Prob >= chibar2 = 0.0000

. mepoisson Employed_Total WorryJob_L1 ArrestEver_L1 $l1controlpmc $l2control  if sample == 1 || Pa
> rticipantID: // multivariate

Fitting fixed-effects model:

Iteration 0:   log likelihood = -23783.905  
Iteration 1:   log likelihood = -23199.453  
Iteration 2:   log likelihood =   -23197.9  
Iteration 3:   log likelihood =   -23197.9  

Refining starting values:

Grid node 0:   log likelihood = -21100.266

Fitting full model:

Iteration 0:   log likelihood = -21100.266  (not concave)
Iteration 1:   log likelihood = -20588.549  
Iteration 2:   log likelihood = -20436.049  (backed up)
Iteration 3:   log likelihood = -20382.654  
Iteration 4:   log likelihood = -20364.836  
Iteration 5:   log likelihood = -20364.748  
Iteration 6:   log likelihood = -20364.748  

Mixed-effects Poisson regression                Number of obs     =      5,394
Group variable: ParticipantID                   Number of groups  =      2,248

                                                Obs per group:
                                                              min =          1
                                                              avg =        2.4
                                                              max =          4

Integration method: mvaghermite                 Integration pts.  =          7

                                                Wald chi2(20)     =     906.48
Log likelihood = -20364.748                     Prob > chi2       =     0.0000
-------------------------------------------------------------------------------------
     Employed_Total | Coefficient  Std. err.      z    P>|z|     [95% conf. interval]
--------------------+----------------------------------------------------------------
        WorryJob_L1 |  -.0059111     .00257    -2.30   0.021    -.0109481   -.0008741
      ArrestEver_L1 |   .0262246   .0169087     1.55   0.121    -.0069159    .0593651
                    |
     GraduatedHS_L1 |
High school degree  |   .2861253   .0282364    10.13   0.000      .230783    .3414676
               GED  |   .1361918   .0315809     4.31   0.000     .0742944    .1980892
                    |
       EnrollNow_L1 |  -.0899971    .010331    -8.71   0.000    -.1102454   -.0697488
    Relationship_L1 |    .008641   .0123089     0.70   0.483     -.015484    .0327659
            Kids_L1 |  -.0594287   .0152698    -3.89   0.000    -.0893568   -.0295005
UnemploymentComp_L1 |  -.0234901   .0236181    -0.99   0.320    -.0697807    .0228005
         Health_L1c |   .0104447   .0061076     1.71   0.087    -.0015259    .0224153
          AlcUse_L1 |   .0554921   .0108448     5.12   0.000     .0342366    .0767476
       FINScale_L1c |   .1046146   .0055458    18.86   0.000      .093745    .1154842
       DISScale_L1c |   .0053906   .0058217     0.93   0.354    -.0060198    .0168009
           Crash_L1 |  -.0636556   .0130524    -4.88   0.000    -.0892378   -.0380733
        ForceOut_L1 |    -.04319   .0176371    -2.45   0.014    -.0777581    -.008622
          Risky_L1c |   .0115453    .008141     1.42   0.156    -.0044109    .0275014
            AGE_L1c |   .0031716   .0029232     1.08   0.278    -.0025578     .008901
                Sex |  -.0077302   .0202082    -0.38   0.702    -.0473376    .0318772
                    |
               Race |
             Black  |  -.1113089   .0217083    -5.13   0.000    -.1538564   -.0687615
          Hispanic  |  -.1745554   .0397606    -4.39   0.000    -.2524847    -.096626
             Other  |  -.1382453   .0489999    -2.82   0.005    -.2342834   -.0422073
                    |
              _cons |   2.706674   .0357503    75.71   0.000     2.636605    2.776744
--------------------+----------------------------------------------------------------
ParticipantID       |
          var(_cons)|   .1870603   .0082332                         .1716    .2039134
-------------------------------------------------------------------------------------
LR test vs. Poisson model: chibar2(01) = 5666.30      Prob >= chibar2 = 0.0000

. 
. **Jail
. mepoisson Employed_Total WorryJob_L1 if sample == 1 || ParticipantID: // bivariate

Fitting fixed-effects model:

Iteration 0:   log likelihood = -24850.838  
Iteration 1:   log likelihood = -24313.501  
Iteration 2:   log likelihood = -24312.123  
Iteration 3:   log likelihood = -24312.123  

Refining starting values:

Grid node 0:   log likelihood = -21419.717

Fitting full model:

Iteration 0:   log likelihood = -21419.717  (not concave)
Iteration 1:   log likelihood = -20918.733  
Iteration 2:   log likelihood = -20824.338  
Iteration 3:   log likelihood = -20812.734  
Iteration 4:   log likelihood = -20812.691  
Iteration 5:   log likelihood = -20812.691  

Mixed-effects Poisson regression                Number of obs     =      5,394
Group variable: ParticipantID                   Number of groups  =      2,248

                                                Obs per group:
                                                              min =          1
                                                              avg =        2.4
                                                              max =          4

Integration method: mvaghermite                 Integration pts.  =          7

                                                Wald chi2(1)      =       6.97
Log likelihood = -20812.691                     Prob > chi2       =     0.0083
--------------------------------------------------------------------------------
Employed_Total | Coefficient  Std. err.      z    P>|z|     [95% conf. interval]
---------------+----------------------------------------------------------------
   WorryJob_L1 |  -.0067747   .0025658    -2.64   0.008    -.0118036   -.0017457
         _cons |      2.812   .0143086   196.52   0.000     2.783956    2.840045
---------------+----------------------------------------------------------------
ParticipantID  |
     var(_cons)|   .2156635   .0091159                      .1985167    .2342914
--------------------------------------------------------------------------------
LR test vs. Poisson model: chibar2(01) = 6998.86      Prob >= chibar2 = 0.0000

. mepoisson Employed_Total JailEver_L1 if sample == 1 || ParticipantID: // bivariate

Fitting fixed-effects model:

Iteration 0:   log likelihood = -24913.109  
Iteration 1:   log likelihood = -24379.157  
Iteration 2:   log likelihood = -24377.873  
Iteration 3:   log likelihood = -24377.873  

Refining starting values:

Grid node 0:   log likelihood = -21404.912

Fitting full model:

Iteration 0:   log likelihood = -21404.912  (not concave)
Iteration 1:   log likelihood = -20907.052  
Iteration 2:   log likelihood =  -20821.51  
Iteration 3:   log likelihood = -20815.437  
Iteration 4:   log likelihood = -20815.335  
Iteration 5:   log likelihood = -20815.335  

Mixed-effects Poisson regression                Number of obs     =      5,394
Group variable: ParticipantID                   Number of groups  =      2,248

                                                Obs per group:
                                                              min =          1
                                                              avg =        2.4
                                                              max =          4

Integration method: mvaghermite                 Integration pts.  =          7

                                                Wald chi2(1)      =       1.68
Log likelihood = -20815.335                     Prob > chi2       =     0.1951
--------------------------------------------------------------------------------
Employed_Total | Coefficient  Std. err.      z    P>|z|     [95% conf. interval]
---------------+----------------------------------------------------------------
   JailEver_L1 |   .0311656   .0240547     1.30   0.195    -.0159808     .078312
         _cons |   2.784079   .0108958   255.52   0.000     2.762724    2.805435
---------------+----------------------------------------------------------------
ParticipantID  |
     var(_cons)|   .2171731   .0091529                      .1999547    .2358742
--------------------------------------------------------------------------------
LR test vs. Poisson model: chibar2(01) = 7125.07      Prob >= chibar2 = 0.0000

. mepoisson Employed_Total WorryJob_L1 JailEver_L1 if sample == 1 || ParticipantID: // multivariate

Fitting fixed-effects model:

Iteration 0:   log likelihood = -24850.808  
Iteration 1:   log likelihood = -24313.447  
Iteration 2:   log likelihood = -24312.068  
Iteration 3:   log likelihood = -24312.068  

Refining starting values:

Grid node 0:   log likelihood = -21419.596

Fitting full model:

Iteration 0:   log likelihood = -21419.596  (not concave)
Iteration 1:   log likelihood = -20918.596  
Iteration 2:   log likelihood = -20823.718  
Iteration 3:   log likelihood = -20811.753  
Iteration 4:   log likelihood = -20811.709  
Iteration 5:   log likelihood = -20811.709  

Mixed-effects Poisson regression                Number of obs     =      5,394
Group variable: ParticipantID                   Number of groups  =      2,248

                                                Obs per group:
                                                              min =          1
                                                              avg =        2.4
                                                              max =          4

Integration method: mvaghermite                 Integration pts.  =          7

                                                Wald chi2(2)      =       8.94
Log likelihood = -20811.709                     Prob > chi2       =     0.0115
--------------------------------------------------------------------------------
Employed_Total | Coefficient  Std. err.      z    P>|z|     [95% conf. interval]
---------------+----------------------------------------------------------------
   WorryJob_L1 |  -.0069174   .0025677    -2.69   0.007    -.0119501   -.0018847
   JailEver_L1 |   .0337052   .0240488     1.40   0.161    -.0134295      .08084
         _cons |   2.809646   .0144102   194.98   0.000     2.781402    2.837889
---------------+----------------------------------------------------------------
ParticipantID  |
     var(_cons)|   .2156731   .0091152                      .1985275    .2342994
--------------------------------------------------------------------------------
LR test vs. Poisson model: chibar2(01) = 7000.72      Prob >= chibar2 = 0.0000

. mepoisson Employed_Total WorryJob_L1 JailEver_L1 $l1controlpmc $l2control  if sample == 1 || Part
> icipantID: // multivariate

Fitting fixed-effects model:

Iteration 0:   log likelihood = -23777.258  
Iteration 1:   log likelihood = -23193.132  
Iteration 2:   log likelihood = -23191.578  
Iteration 3:   log likelihood = -23191.578  

Refining starting values:

Grid node 0:   log likelihood = -21100.487

Fitting full model:

Iteration 0:   log likelihood = -21100.487  (not concave)
Iteration 1:   log likelihood = -20588.601  
Iteration 2:   log likelihood = -20445.809  (backed up)
Iteration 3:   log likelihood =   -20430.2  
Iteration 4:   log likelihood = -20364.881  
Iteration 5:   log likelihood = -20363.942  
Iteration 6:   log likelihood = -20363.942  

Mixed-effects Poisson regression                Number of obs     =      5,394
Group variable: ParticipantID                   Number of groups  =      2,248

                                                Obs per group:
                                                              min =          1
                                                              avg =        2.4
                                                              max =          4

Integration method: mvaghermite                 Integration pts.  =          7

                                                Wald chi2(20)     =     908.30
Log likelihood = -20363.942                     Prob > chi2       =     0.0000
-------------------------------------------------------------------------------------
     Employed_Total | Coefficient  Std. err.      z    P>|z|     [95% conf. interval]
--------------------+----------------------------------------------------------------
        WorryJob_L1 |  -.0059566   .0025698    -2.32   0.020    -.0109933   -.0009198
        JailEver_L1 |    .048859   .0243681     2.01   0.045     .0010983    .0966196
                    |
     GraduatedHS_L1 |
High school degree  |   .2875334   .0282323    10.18   0.000     .2321991    .3428677
               GED  |   .1377245   .0315888     4.36   0.000     .0758116    .1996373
                    |
       EnrollNow_L1 |  -.0903721   .0103231    -8.75   0.000    -.1106049   -.0701393
    Relationship_L1 |   .0086236   .0123083     0.70   0.484    -.0155003    .0327475
            Kids_L1 |  -.0599737   .0152677    -3.93   0.000    -.0898979   -.0300494
UnemploymentComp_L1 |  -.0240166   .0236194    -1.02   0.309    -.0703099    .0222767
         Health_L1c |   .0110477   .0061033     1.81   0.070    -.0009146      .02301
          AlcUse_L1 |   .0555217   .0108438     5.12   0.000     .0342682    .0767752
       FINScale_L1c |   .1049873    .005546    18.93   0.000     .0941174    .1158573
       DISScale_L1c |   .0050694    .005825     0.87   0.384    -.0063473    .0164862
           Crash_L1 |  -.0638121   .0130519    -4.89   0.000    -.0893932   -.0382309
        ForceOut_L1 |  -.0423945   .0176403    -2.40   0.016    -.0769689   -.0078201
          Risky_L1c |   .0117559   .0081417     1.44   0.149    -.0042016    .0277134
            AGE_L1c |   .0031812   .0029188     1.09   0.276    -.0025395    .0089019
                Sex |  -.0070347   .0200723    -0.35   0.726    -.0463756    .0323062
                    |
               Race |
             Black  |  -.1111242   .0216823    -5.13   0.000    -.1536207   -.0686277
          Hispanic  |  -.1753657   .0397225    -4.41   0.000    -.2532203    -.097511
             Other  |  -.1407716   .0489998    -2.87   0.004    -.2368094   -.0447339
                    |
              _cons |   2.707586   .0356056    76.04   0.000       2.6378    2.777371
--------------------+----------------------------------------------------------------
ParticipantID       |
          var(_cons)|   .1867869   .0082258                      .1713408    .2036254
-------------------------------------------------------------------------------------
LR test vs. Poisson model: chibar2(01) = 5655.27      Prob >= chibar2 = 0.0000

. 
. **Probation
. mepoisson Employed_Total WorryJob_L1 if sample == 1 || ParticipantID: // bivariate

Fitting fixed-effects model:

Iteration 0:   log likelihood = -24850.838  
Iteration 1:   log likelihood = -24313.501  
Iteration 2:   log likelihood = -24312.123  
Iteration 3:   log likelihood = -24312.123  

Refining starting values:

Grid node 0:   log likelihood = -21419.717

Fitting full model:

Iteration 0:   log likelihood = -21419.717  (not concave)
Iteration 1:   log likelihood = -20918.733  
Iteration 2:   log likelihood = -20824.338  
Iteration 3:   log likelihood = -20812.734  
Iteration 4:   log likelihood = -20812.691  
Iteration 5:   log likelihood = -20812.691  

Mixed-effects Poisson regression                Number of obs     =      5,394
Group variable: ParticipantID                   Number of groups  =      2,248

                                                Obs per group:
                                                              min =          1
                                                              avg =        2.4
                                                              max =          4

Integration method: mvaghermite                 Integration pts.  =          7

                                                Wald chi2(1)      =       6.97
Log likelihood = -20812.691                     Prob > chi2       =     0.0083
--------------------------------------------------------------------------------
Employed_Total | Coefficient  Std. err.      z    P>|z|     [95% conf. interval]
---------------+----------------------------------------------------------------
   WorryJob_L1 |  -.0067747   .0025658    -2.64   0.008    -.0118036   -.0017457
         _cons |      2.812   .0143086   196.52   0.000     2.783956    2.840045
---------------+----------------------------------------------------------------
ParticipantID  |
     var(_cons)|   .2156635   .0091159                      .1985167    .2342914
--------------------------------------------------------------------------------
LR test vs. Poisson model: chibar2(01) = 6998.86      Prob >= chibar2 = 0.0000

. mepoisson Employed_Total ProbationEver_L1 if sample == 1 || ParticipantID: // bivariate

Fitting fixed-effects model:

Iteration 0:   log likelihood = -24913.257  
Iteration 1:   log likelihood = -24379.193  
Iteration 2:   log likelihood = -24377.907  
Iteration 3:   log likelihood = -24377.907  

Refining starting values:

Grid node 0:   log likelihood =  -21404.52

Fitting full model:

Iteration 0:   log likelihood =  -21404.52  (not concave)
Iteration 1:   log likelihood =  -20906.65  
Iteration 2:   log likelihood = -20821.368  
Iteration 3:   log likelihood = -20815.747  
Iteration 4:   log likelihood = -20815.651  
Iteration 5:   log likelihood = -20815.651  

Mixed-effects Poisson regression                Number of obs     =      5,394
Group variable: ParticipantID                   Number of groups  =      2,248

                                                Obs per group:
                                                              min =          1
                                                              avg =        2.4
                                                              max =          4

Integration method: mvaghermite                 Integration pts.  =          7

                                                Wald chi2(1)      =       1.05
Log likelihood = -20815.651                     Prob > chi2       =     0.3059
----------------------------------------------------------------------------------
  Employed_Total | Coefficient  Std. err.      z    P>|z|     [95% conf. interval]
-----------------+----------------------------------------------------------------
ProbationEver_L1 |   .0222262     .02171     1.02   0.306    -.0203246    .0647771
           _cons |   2.784324   .0109563   254.13   0.000      2.76285    2.805797
-----------------+----------------------------------------------------------------
ParticipantID    |
       var(_cons)|   .2170823   .0091494                      .1998704    .2357764
----------------------------------------------------------------------------------
LR test vs. Poisson model: chibar2(01) = 7124.51      Prob >= chibar2 = 0.0000

. mepoisson Employed_Total WorryJob_L1 ProbationEver_L1 if sample == 1 || ParticipantID: // multiva
> riate

Fitting fixed-effects model:

Iteration 0:   log likelihood = -24850.504  
Iteration 1:   log likelihood = -24312.878  
Iteration 2:   log likelihood = -24311.496  
Iteration 3:   log likelihood = -24311.496  

Refining starting values:

Grid node 0:   log likelihood = -21419.617

Fitting full model:

Iteration 0:   log likelihood = -21419.617  (not concave)
Iteration 1:   log likelihood = -20918.579  
Iteration 2:   log likelihood = -20823.804  
Iteration 3:   log likelihood = -20812.116  
Iteration 4:   log likelihood = -20812.075  
Iteration 5:   log likelihood = -20812.075  

Mixed-effects Poisson regression                Number of obs     =      5,394
Group variable: ParticipantID                   Number of groups  =      2,248

                                                Obs per group:
                                                              min =          1
                                                              avg =        2.4
                                                              max =          4

Integration method: mvaghermite                 Integration pts.  =          7

                                                Wald chi2(2)      =       8.21
Log likelihood = -20812.075                     Prob > chi2       =     0.0165
----------------------------------------------------------------------------------
  Employed_Total | Coefficient  Std. err.      z    P>|z|     [95% conf. interval]
-----------------+----------------------------------------------------------------
     WorryJob_L1 |  -.0068676   .0025672    -2.68   0.007    -.0118993    -.001836
ProbationEver_L1 |   .0240929   .0216978     1.11   0.267     -.018434    .0666198
           _cons |   2.809718   .0144576   194.34   0.000     2.781382    2.838054
-----------------+----------------------------------------------------------------
ParticipantID    |
       var(_cons)|   .2155888   .0091122                       .198449    .2342089
----------------------------------------------------------------------------------
LR test vs. Poisson model: chibar2(01) = 6998.84      Prob >= chibar2 = 0.0000

. mepoisson Employed_Total WorryJob_L1 ProbationEver_L1 $l1controlpmc $l2control  if sample == 1 ||
>  ParticipantID: // multivariate

Fitting fixed-effects model:

Iteration 0:   log likelihood = -23784.333  
Iteration 1:   log likelihood = -23200.003  
Iteration 2:   log likelihood = -23198.447  
Iteration 3:   log likelihood = -23198.447  

Refining starting values:

Grid node 0:   log likelihood = -21102.556

Fitting full model:

Iteration 0:   log likelihood = -21102.556  (not concave)
Iteration 1:   log likelihood = -20590.727  
Iteration 2:   log likelihood = -20435.553  (backed up)
Iteration 3:   log likelihood = -20377.636  
Iteration 4:   log likelihood = -20365.945  
Iteration 5:   log likelihood = -20365.898  
Iteration 6:   log likelihood = -20365.898  

Mixed-effects Poisson regression                Number of obs     =      5,394
Group variable: ParticipantID                   Number of groups  =      2,248

                                                Obs per group:
                                                              min =          1
                                                              avg =        2.4
                                                              max =          4

Integration method: mvaghermite                 Integration pts.  =          7

                                                Wald chi2(20)     =     903.99
Log likelihood = -20365.898                     Prob > chi2       =     0.0000
-------------------------------------------------------------------------------------
     Employed_Total | Coefficient  Std. err.      z    P>|z|     [95% conf. interval]
--------------------+----------------------------------------------------------------
        WorryJob_L1 |  -.0058232   .0025701    -2.27   0.023    -.0108605   -.0007858
   ProbationEver_L1 |    .007107   .0220106     0.32   0.747    -.0360329     .050247
                    |
     GraduatedHS_L1 |
High school degree  |   .2819009   .0281909    10.00   0.000     .2266478     .337154
               GED  |   .1359514   .0315916     4.30   0.000      .074033    .1978698
                    |
       EnrollNow_L1 |  -.0905103   .0103307    -8.76   0.000     -.110758   -.0702626
    Relationship_L1 |   .0086506    .012314     0.70   0.482    -.0154843    .0327855
            Kids_L1 |  -.0578105   .0152486    -3.79   0.000    -.0876973   -.0279237
UnemploymentComp_L1 |  -.0235325   .0236246    -1.00   0.319    -.0698358    .0227708
         Health_L1c |   .0107941   .0061043     1.77   0.077    -.0011701    .0227584
          AlcUse_L1 |     .05558   .0108525     5.12   0.000     .0343094    .0768506
       FINScale_L1c |   .1047486   .0055459    18.89   0.000     .0938788    .1156183
       DISScale_L1c |   .0054953   .0058217     0.94   0.345     -.005915    .0169055
           Crash_L1 |  -.0632265   .0130507    -4.84   0.000    -.0888054   -.0376477
        ForceOut_L1 |   -.043307   .0176393    -2.46   0.014    -.0778795   -.0087345
          Risky_L1c |   .0114768   .0081422     1.41   0.159    -.0044816    .0274352
            AGE_L1c |   .0034791   .0029223     1.19   0.234    -.0022484    .0092067
                Sex |  -.0038462   .0201273    -0.19   0.848     -.043295    .0356027
                    |
               Race |
             Black  |  -.1098348    .021707    -5.06   0.000    -.1523796   -.0672899
          Hispanic  |  -.1760543   .0397953    -4.42   0.000    -.2540518   -.0980569
             Other  |   -.137219   .0490458    -2.80   0.005     -.233347    -.041091
                    |
              _cons |    2.71227   .0356439    76.09   0.000      2.64241    2.782131
--------------------+----------------------------------------------------------------
ParticipantID       |
          var(_cons)|   .1874993   .0082591                      .1719908    .2044062
-------------------------------------------------------------------------------------
LR test vs. Poisson model: chibar2(01) = 5665.10      Prob >= chibar2 = 0.0000

. 
. log close
      name:  <unnamed>
       log:  E:\Holly\Job Search\LMParticipation_PublicFiles\Log Output\SECTION 8 - Supplement - Ti
> me Employed Outcome.log
  log type:  text
 closed on:  12 Jun 2025, 10:13:27
---------------------------------------------------------------------------------------------------
