----------------------------------------------------------------------------------------------------
      name:  <unnamed>
       log:  E:\Holly\Job Search\LMParticipation_PublicFiles\Log Output\SECTION 6 - Supplement - Sin
> gle Level Models.log
  log type:  text
 opened on:  24 Jun 2025, 14:16:41

.         
. *****************************************
. *SUPPLEMENTAL MODELS: SINGLE LEVEL MODELS
. *****************************************
. *       Models specified without multilevel or random intercept values.
. *       Models clustered by participant to estimate robust standard errors.
.         
. *Macros for Models
. global state Employed_Total Searching_Total Discgd_Total

. global contact ArrestEver_L1 JailEver_L1 ProbationEver_L1

. global l1control i.GraduatedHS_L1 EnrollNow_L1 Relationship_L1 Kids_L1 ///
>         UnemploymentComp_L1 Health_L1 AlcUse_L1 FINScale_L1 DISScale_L1 Crash_L1 ///
>         ForceOut_L1 Risky_L1 AGE_L1

. global l1controlpmc i.GraduatedHS_L1 EnrollNow_L1 Relationship_L1 Kids_L1 ///
>         UnemploymentComp_L1 Health_L1c AlcUse_L1 FINScale_L1c DISScale_L1c Crash_L1 ///
>         ForceOut_L1 Risky_L1c AGE_L1c

. global l2control Sex i.Race

. 
. 
. ****
. **LABOR MARKET INSECURITY
. ****
. 
. **Arrest
. poisson WorryJob ArrestEver_L1 if sample == 1, cluster(ParticipantID) // bivariate

Iteration 0:   log pseudolikelihood = -11080.177  
Iteration 1:   log pseudolikelihood = -11080.177  

Poisson regression                                      Number of obs =  5,394
                                                        Wald chi2(1)  =   5.12
Log pseudolikelihood = -11080.177                       Prob > chi2   = 0.0237

                       (Std. err. adjusted for 2,248 clusters in ParticipantID)
-------------------------------------------------------------------------------
              |               Robust
     WorryJob | Coefficient  std. err.      z    P>|z|     [95% conf. interval]
--------------+----------------------------------------------------------------
ArrestEver_L1 |   .0492387   .0217631     2.26   0.024     .0065838    .0918935
        _cons |   1.277649   .0108407   117.86   0.000     1.256401    1.298896
-------------------------------------------------------------------------------

. poisson WorryJob ArrestEver_L1 $l1control $l2control  if sample == 1, cluster(ParticipantID) // mu
> ltivariate

Iteration 0:   log pseudolikelihood =   -10892.7  
Iteration 1:   log pseudolikelihood =   -10892.7  

Poisson regression                                      Number of obs =  5,394
                                                        Wald chi2(19) = 304.69
Log pseudolikelihood = -10892.7                         Prob > chi2   = 0.0000

                             (Std. err. adjusted for 2,248 clusters in ParticipantID)
-------------------------------------------------------------------------------------
                    |               Robust
           WorryJob | Coefficient  std. err.      z    P>|z|     [95% conf. interval]
--------------------+----------------------------------------------------------------
      ArrestEver_L1 |   .0226921      .0236     0.96   0.336     -.023563    .0689472
                    |
     GraduatedHS_L1 |
High school degree  |   -.126301   .0329382    -3.83   0.000    -.1908586   -.0617434
               GED  |  -.0304249   .0402722    -0.76   0.450    -.1093569    .0485071
                    |
       EnrollNow_L1 |   -.025162   .0180439    -1.39   0.163    -.0605274    .0102034
    Relationship_L1 |  -.0208719   .0217019    -0.96   0.336    -.0634068     .021663
            Kids_L1 |  -.0128106   .0235195    -0.54   0.586    -.0589079    .0332868
UnemploymentComp_L1 |  -.0057613   .0407281    -0.14   0.888    -.0855868    .0740643
          Health_L1 |    .065085   .0089385     7.28   0.000     .0475659    .0826041
          AlcUse_L1 |   -.031515   .0178826    -1.76   0.078    -.0665643    .0035343
        FINScale_L1 |  -.0394921   .0081161    -4.87   0.000    -.0553995   -.0235848
        DISScale_L1 |   .0815858    .008558     9.53   0.000     .0648125    .0983592
           Crash_L1 |  -.0019063   .0176451    -0.11   0.914    -.0364901    .0326774
        ForceOut_L1 |    .027526   .0302432     0.91   0.363    -.0317496    .0868016
           Risky_L1 |   .0272469   .0121275     2.25   0.025     .0034775    .0510164
             AGE_L1 |  -.0014207   .0046038    -0.31   0.758    -.0104441    .0076026
                Sex |  -.0919585   .0193628    -4.75   0.000    -.1299088   -.0540082
                    |
               Race |
             Black  |  -.0398342   .0205726    -1.94   0.053    -.0801558    .0004875
          Hispanic  |   .0376729   .0350524     1.07   0.282    -.0310286    .1063743
             Other  |   -.000858   .0460211    -0.02   0.985    -.0910577    .0893418
                    |
              _cons |   1.268756    .090736    13.98   0.000     1.090917    1.446595
-------------------------------------------------------------------------------------

. 
. **Jail
. poisson WorryJob JailEver_L1 if sample == 1, cluster(ParticipantID) // bivariate

Iteration 0:   log pseudolikelihood = -11078.932  
Iteration 1:   log pseudolikelihood = -11078.932  

Poisson regression                                      Number of obs =  5,394
                                                        Wald chi2(1)  =   7.20
Log pseudolikelihood = -11078.932                       Prob > chi2   = 0.0073

                      (Std. err. adjusted for 2,248 clusters in ParticipantID)
------------------------------------------------------------------------------
             |               Robust
    WorryJob | Coefficient  std. err.      z    P>|z|     [95% conf. interval]
-------------+----------------------------------------------------------------
 JailEver_L1 |   .0834089   .0310785     2.68   0.007     .0224961    .1443217
       _cons |   1.281879   .0100759   127.22   0.000      1.26213    1.301627
------------------------------------------------------------------------------

. poisson WorryJob JailEver_L1 $l1control $l2control  if sample == 1, cluster(ParticipantID) // mult
> ivariate

Iteration 0:   log pseudolikelihood = -10892.355  
Iteration 1:   log pseudolikelihood = -10892.355  

Poisson regression                                      Number of obs =  5,394
                                                        Wald chi2(19) = 303.35
Log pseudolikelihood = -10892.355                       Prob > chi2   = 0.0000

                             (Std. err. adjusted for 2,248 clusters in ParticipantID)
-------------------------------------------------------------------------------------
                    |               Robust
           WorryJob | Coefficient  std. err.      z    P>|z|     [95% conf. interval]
--------------------+----------------------------------------------------------------
        JailEver_L1 |   .0391823   .0317171     1.24   0.217     -.022982    .1013466
                    |
     GraduatedHS_L1 |
High school degree  |  -.1245036   .0331159    -3.76   0.000    -.1894096   -.0595976
               GED  |  -.0287157   .0404156    -0.71   0.477    -.1079288    .0504974
                    |
       EnrollNow_L1 |  -.0258203   .0179921    -1.44   0.151    -.0610842    .0094436
    Relationship_L1 |  -.0208555   .0216902    -0.96   0.336    -.0633675    .0216565
            Kids_L1 |  -.0128256   .0235409    -0.54   0.586     -.058965    .0333137
UnemploymentComp_L1 |  -.0055091    .040706    -0.14   0.892    -.0852913    .0742731
          Health_L1 |   .0653657   .0089278     7.32   0.000     .0478675    .0828639
          AlcUse_L1 |  -.0313746   .0178527    -1.76   0.079    -.0663653    .0036161
        FINScale_L1 |  -.0391795   .0081103    -4.83   0.000    -.0550754   -.0232837
        DISScale_L1 |   .0814725   .0085513     9.53   0.000     .0647122    .0982328
           Crash_L1 |  -.0017203   .0176422    -0.10   0.922    -.0362983    .0328578
        ForceOut_L1 |   .0270754   .0301795     0.90   0.370    -.0320754    .0862263
           Risky_L1 |   .0278496   .0120001     2.32   0.020     .0043298    .0513694
             AGE_L1 |  -.0015268   .0046273    -0.33   0.741    -.0105962    .0075425
                Sex |  -.0911209   .0194185    -4.69   0.000    -.1291805   -.0530613
                    |
               Race |
             Black  |  -.0396266   .0205511    -1.93   0.054    -.0799059    .0006527
          Hispanic  |   .0363872   .0350352     1.04   0.299    -.0322806     .105055
             Other  |  -.0027459   .0460152    -0.06   0.952     -.092934    .0874422
                    |
              _cons |   1.268597   .0907493    13.98   0.000     1.090732    1.446462
-------------------------------------------------------------------------------------

. 
. **Probation
. poisson WorryJob ProbationEver_L1 if sample == 1, cluster(ParticipantID) // bivariate

Iteration 0:   log pseudolikelihood = -11077.969  
Iteration 1:   log pseudolikelihood = -11077.969  

Poisson regression                                      Number of obs =  5,394
                                                        Wald chi2(1)  =   8.55
Log pseudolikelihood = -11077.969                       Prob > chi2   = 0.0035

                          (Std. err. adjusted for 2,248 clusters in ParticipantID)
----------------------------------------------------------------------------------
                 |               Robust
        WorryJob | Coefficient  std. err.      z    P>|z|     [95% conf. interval]
-----------------+----------------------------------------------------------------
ProbationEver_L1 |    .081094   .0277305     2.92   0.003     .0267432    .1354447
           _cons |   1.280102   .0102315   125.11   0.000     1.260048    1.300155
----------------------------------------------------------------------------------

. poisson WorryJob ProbationEver_L1 $l1control $l2control  if sample == 1, cluster(ParticipantID) //
>  multivariate

Iteration 0:   log pseudolikelihood = -10890.952  
Iteration 1:   log pseudolikelihood = -10890.952  

Poisson regression                                      Number of obs =  5,394
                                                        Wald chi2(19) = 308.38
Log pseudolikelihood = -10890.952                       Prob > chi2   = 0.0000

                             (Std. err. adjusted for 2,248 clusters in ParticipantID)
-------------------------------------------------------------------------------------
                    |               Robust
           WorryJob | Coefficient  std. err.      z    P>|z|     [95% conf. interval]
--------------------+----------------------------------------------------------------
   ProbationEver_L1 |   .0537004   .0283244     1.90   0.058    -.0018145    .1092153
                    |
     GraduatedHS_L1 |
High school degree  |  -.1227664    .032798    -3.74   0.000    -.1870494   -.0584835
               GED  |  -.0324291   .0403413    -0.80   0.421    -.1114966    .0466384
                    |
       EnrollNow_L1 |  -.0254727   .0180167    -1.41   0.157    -.0607848    .0098393
    Relationship_L1 |  -.0217546   .0216721    -1.00   0.315    -.0642312     .020722
            Kids_L1 |  -.0127722   .0234682    -0.54   0.586     -.058769    .0332246
UnemploymentComp_L1 |  -.0047266   .0407619    -0.12   0.908    -.0846184    .0751652
          Health_L1 |   .0651482   .0089278     7.30   0.000       .04765    .0826464
          AlcUse_L1 |  -.0322716   .0178761    -1.81   0.071    -.0673081     .002765
        FINScale_L1 |   -.039812   .0081081    -4.91   0.000    -.0557037   -.0239204
        DISScale_L1 |   .0814492   .0085445     9.53   0.000     .0647024    .0981961
           Crash_L1 |  -.0024534   .0176181    -0.14   0.889    -.0369842    .0320774
        ForceOut_L1 |    .027687    .030237     0.92   0.360    -.0315764    .0869504
           Risky_L1 |   .0265544   .0119904     2.21   0.027     .0030538    .0500551
             AGE_L1 |  -.0015624   .0045955    -0.34   0.734    -.0105695    .0074447
                Sex |  -.0929353   .0193971    -4.79   0.000    -.1309529   -.0549177
                    |
               Race |
             Black  |  -.0390648   .0205018    -1.91   0.057    -.0792476    .0011181
          Hispanic  |   .0383745   .0350244     1.10   0.273     -.030272     .107021
             Other  |  -.0009613    .046208    -0.02   0.983    -.0915273    .0896046
                    |
              _cons |   1.271769     .09063    14.03   0.000     1.094137    1.449401
-------------------------------------------------------------------------------------

. 
. 
. 
. ****
. **TIME OUT OF THE LABOR FORCE
. ****
. 
. **Arrest
. poisson Discgd_Total WorryJob_L1 if sample == 1, cluster(ParticipantID) // bivariate

Iteration 0:   log pseudolikelihood = -30315.544  
Iteration 1:   log pseudolikelihood = -30315.544  

Poisson regression                                      Number of obs =  5,394
                                                        Wald chi2(1)  =   9.87
Log pseudolikelihood = -30315.544                       Prob > chi2   = 0.0017

                      (Std. err. adjusted for 2,248 clusters in ParticipantID)
------------------------------------------------------------------------------
             |               Robust
Discgd_Total | Coefficient  std. err.      z    P>|z|     [95% conf. interval]
-------------+----------------------------------------------------------------
 WorryJob_L1 |   .0384302   .0122344     3.14   0.002     .0144513    .0624091
       _cons |   1.263663   .0563567    22.42   0.000     1.153206    1.374121
------------------------------------------------------------------------------

. poisson Discgd_Total ArrestEver_L1 if sample == 1, cluster(ParticipantID) // bivariate

Iteration 0:   log pseudolikelihood = -30178.859  
Iteration 1:   log pseudolikelihood = -30178.859  

Poisson regression                                      Number of obs =  5,394
                                                        Wald chi2(1)  =  22.13
Log pseudolikelihood = -30178.859                       Prob > chi2   = 0.0000

                       (Std. err. adjusted for 2,248 clusters in ParticipantID)
-------------------------------------------------------------------------------
              |               Robust
 Discgd_Total | Coefficient  std. err.      z    P>|z|     [95% conf. interval]
--------------+----------------------------------------------------------------
ArrestEver_L1 |  -.3416431    .072632    -4.70   0.000    -.4839991   -.1992871
        _cons |   1.477599   .0301112    49.07   0.000     1.418582    1.536616
-------------------------------------------------------------------------------

. poisson Discgd_Total WorryJob_L1 ArrestEver_L1 if sample == 1, cluster(ParticipantID) // multivari
> ate

Iteration 0:   log pseudolikelihood =   -30099.6  
Iteration 1:   log pseudolikelihood =   -30099.6  

Poisson regression                                      Number of obs =  5,394
                                                        Wald chi2(2)  =  33.93
Log pseudolikelihood = -30099.6                         Prob > chi2   = 0.0000

                       (Std. err. adjusted for 2,248 clusters in ParticipantID)
-------------------------------------------------------------------------------
              |               Robust
 Discgd_Total | Coefficient  std. err.      z    P>|z|     [95% conf. interval]
--------------+----------------------------------------------------------------
  WorryJob_L1 |   .0431538   .0123146     3.50   0.000     .0190176      .06729
ArrestEver_L1 |   -.355013   .0726753    -4.88   0.000    -.4974539   -.2125721
        _cons |   1.317633   .0570599    23.09   0.000     1.205798    1.429469
-------------------------------------------------------------------------------

. poisson Discgd_Total WorryJob_L1 ArrestEver_L1 $l1control $l2control  if sample == 1, cluster(Part
> icipantID) // multivariate

Iteration 0:   log pseudolikelihood = -26530.434  
Iteration 1:   log pseudolikelihood = -26530.338  
Iteration 2:   log pseudolikelihood = -26530.338  

Poisson regression                                      Number of obs =  5,394
                                                        Wald chi2(20) = 794.34
Log pseudolikelihood = -26530.338                       Prob > chi2   = 0.0000

                             (Std. err. adjusted for 2,248 clusters in ParticipantID)
-------------------------------------------------------------------------------------
                    |               Robust
       Discgd_Total | Coefficient  std. err.      z    P>|z|     [95% conf. interval]
--------------------+----------------------------------------------------------------
        WorryJob_L1 |   .0253611   .0121869     2.08   0.037     .0014752     .049247
      ArrestEver_L1 |  -.1447631   .0761385    -1.90   0.057    -.2939917    .0044656
                    |
     GraduatedHS_L1 |
High school degree  |  -.3878877   .0997418    -3.89   0.000     -.583378   -.1923974
               GED  |  -.2945427   .1290589    -2.28   0.022    -.5474936   -.0415919
                    |
       EnrollNow_L1 |   .5339869   .0572813     9.32   0.000     .4217176    .6462562
    Relationship_L1 |   .2103706   .0657814     3.20   0.001     .0814414    .3392997
            Kids_L1 |   .4890195   .0712925     6.86   0.000     .3492887    .6287502
UnemploymentComp_L1 |   -.018841   .1537232    -0.12   0.902     -.320133     .282451
          Health_L1 |   .0121563   .0266264     0.46   0.648    -.0400304    .0643431
          AlcUse_L1 |  -.1189838   .0490492    -2.43   0.015    -.2151185   -.0228491
        FINScale_L1 |  -.3680339   .0224173   -16.42   0.000     -.411971   -.3240967
        DISScale_L1 |  -.0254809   .0268499    -0.95   0.343    -.0781056    .0271439
           Crash_L1 |   .0599682   .0504499     1.19   0.235    -.0389117    .1588482
        ForceOut_L1 |   .1266799   .0881646     1.44   0.151    -.0461195    .2994794
           Risky_L1 |   .0224389   .0401577     0.56   0.576    -.0562688    .1011466
             AGE_L1 |  -.0156375   .0132643    -1.18   0.238    -.0416349      .01036
                Sex |  -.0305551   .0533544    -0.57   0.567    -.1351278    .0740177
                    |
               Race |
             Black  |  -.1841367   .0590586    -3.12   0.002    -.2998895    -.068384
          Hispanic  |  -.0978439   .0941416    -1.04   0.299    -.2823581    .0866702
             Other  |   .0564297   .1095528     0.52   0.606    -.1582898    .2711492
                    |
              _cons |   3.034803   .2705877    11.22   0.000     2.504461    3.565145
-------------------------------------------------------------------------------------

. 
. **Jail
. poisson Discgd_Total WorryJob_L1 if sample == 1, cluster(ParticipantID) // bivariate

Iteration 0:   log pseudolikelihood = -30315.544  
Iteration 1:   log pseudolikelihood = -30315.544  

Poisson regression                                      Number of obs =  5,394
                                                        Wald chi2(1)  =   9.87
Log pseudolikelihood = -30315.544                       Prob > chi2   = 0.0017

                      (Std. err. adjusted for 2,248 clusters in ParticipantID)
------------------------------------------------------------------------------
             |               Robust
Discgd_Total | Coefficient  std. err.      z    P>|z|     [95% conf. interval]
-------------+----------------------------------------------------------------
 WorryJob_L1 |   .0384302   .0122344     3.14   0.002     .0144513    .0624091
       _cons |   1.263663   .0563567    22.42   0.000     1.153206    1.374121
------------------------------------------------------------------------------

. poisson Discgd_Total JailEver_L1 if sample == 1, cluster(ParticipantID) // bivariate

Iteration 0:   log pseudolikelihood =  -30312.95  
Iteration 1:   log pseudolikelihood =  -30312.95  

Poisson regression                                      Number of obs =  5,394
                                                        Wald chi2(1)  =   6.24
Log pseudolikelihood = -30312.95                        Prob > chi2   = 0.0125

                      (Std. err. adjusted for 2,248 clusters in ParticipantID)
------------------------------------------------------------------------------
             |               Robust
Discgd_Total | Coefficient  std. err.      z    P>|z|     [95% conf. interval]
-------------+----------------------------------------------------------------
 JailEver_L1 |  -.3028299   .1211972    -2.50   0.012     -.540372   -.0652877
       _cons |   1.430909   .0284485    50.30   0.000     1.375151    1.486667
------------------------------------------------------------------------------

. poisson Discgd_Total WorryJob_L1 JailEver_L1 if sample == 1, cluster(ParticipantID) // multivariat
> e

Iteration 0:   log pseudolikelihood = -30239.459  
Iteration 1:   log pseudolikelihood = -30239.459  

Poisson regression                                      Number of obs =  5,394
                                                        Wald chi2(2)  =  16.35
Log pseudolikelihood = -30239.459                       Prob > chi2   = 0.0003

                      (Std. err. adjusted for 2,248 clusters in ParticipantID)
------------------------------------------------------------------------------
             |               Robust
Discgd_Total | Coefficient  std. err.      z    P>|z|     [95% conf. interval]
-------------+----------------------------------------------------------------
 WorryJob_L1 |   .0414869   .0123541     3.36   0.001     .0172733    .0657006
 JailEver_L1 |  -.3243834   .1219651    -2.66   0.008    -.5634305   -.0853363
       _cons |   1.276122   .0563916    22.63   0.000     1.165597    1.386648
------------------------------------------------------------------------------

. poisson Discgd_Total WorryJob_L1 JailEver_L1 $l1control $l2control  if sample == 1, cluster(Partic
> ipantID) // multivariate

Iteration 0:   log pseudolikelihood = -26540.689  
Iteration 1:   log pseudolikelihood = -26540.593  
Iteration 2:   log pseudolikelihood = -26540.593  

Poisson regression                                      Number of obs =  5,394
                                                        Wald chi2(20) = 792.61
Log pseudolikelihood = -26540.593                       Prob > chi2   = 0.0000

                             (Std. err. adjusted for 2,248 clusters in ParticipantID)
-------------------------------------------------------------------------------------
                    |               Robust
       Discgd_Total | Coefficient  std. err.      z    P>|z|     [95% conf. interval]
--------------------+----------------------------------------------------------------
        WorryJob_L1 |   .0255701   .0122334     2.09   0.037      .001593    .0495472
        JailEver_L1 |  -.1664141   .1228748    -1.35   0.176    -.4072444    .0744161
                    |
     GraduatedHS_L1 |
High school degree  |  -.3800308   .0973856    -3.90   0.000     -.570903   -.1891586
               GED  |  -.2968956   .1291463    -2.30   0.022    -.5500177   -.0437734
                    |
       EnrollNow_L1 |   .5407331   .0572379     9.45   0.000     .4285489    .6529173
    Relationship_L1 |   .2103629    .065903     3.19   0.001     .0811955    .3395303
            Kids_L1 |   .4861966   .0711954     6.83   0.000     .3466561     .625737
UnemploymentComp_L1 |  -.0195236    .154043    -0.13   0.899    -.3214424    .2823951
          Health_L1 |   .0104767   .0267378     0.39   0.695    -.0419285    .0628819
          AlcUse_L1 |  -.1207739   .0490724    -2.46   0.014     -.216954   -.0245937
        FINScale_L1 |  -.3702047    .022478   -16.47   0.000    -.4142608   -.3261485
        DISScale_L1 |  -.0258927   .0269006    -0.96   0.336     -.078617    .0268315
           Crash_L1 |   .0595671   .0504515     1.18   0.238     -.039316    .1584502
        ForceOut_L1 |   .1274092   .0883835     1.44   0.149    -.0458192    .3006377
           Risky_L1 |    .015208   .0397158     0.38   0.702    -.0626335    .0930495
             AGE_L1 |  -.0164604   .0132255    -1.24   0.213    -.0423819    .0094611
                Sex |  -.0388731   .0530121    -0.73   0.463    -.1427749    .0650286
                    |
               Race |
             Black  |  -.1876041    .059156    -3.17   0.002    -.3035476   -.0716605
          Hispanic  |   -.091839   .0941214    -0.98   0.329    -.2763135    .0926356
             Other  |   .0625942   .1100304     0.57   0.569    -.1530614    .2782499
                    |
              _cons |    3.05259   .2705906    11.28   0.000     2.522242    3.582938
-------------------------------------------------------------------------------------

. 
. **Probation
. poisson Discgd_Total WorryJob_L1 if sample == 1, cluster(ParticipantID) // bivariate

Iteration 0:   log pseudolikelihood = -30315.544  
Iteration 1:   log pseudolikelihood = -30315.544  

Poisson regression                                      Number of obs =  5,394
                                                        Wald chi2(1)  =   9.87
Log pseudolikelihood = -30315.544                       Prob > chi2   = 0.0017

                      (Std. err. adjusted for 2,248 clusters in ParticipantID)
------------------------------------------------------------------------------
             |               Robust
Discgd_Total | Coefficient  std. err.      z    P>|z|     [95% conf. interval]
-------------+----------------------------------------------------------------
 WorryJob_L1 |   .0384302   .0122344     3.14   0.002     .0144513    .0624091
       _cons |   1.263663   .0563567    22.42   0.000     1.153206    1.374121
------------------------------------------------------------------------------

. poisson Discgd_Total ProbationEver_L1 if sample == 1, cluster(ParticipantID) // bivariate

Iteration 0:   log pseudolikelihood = -30271.461  
Iteration 1:   log pseudolikelihood = -30271.461  

Poisson regression                                      Number of obs =  5,394
                                                        Wald chi2(1)  =  13.51
Log pseudolikelihood = -30271.461                       Prob > chi2   = 0.0002

                          (Std. err. adjusted for 2,248 clusters in ParticipantID)
----------------------------------------------------------------------------------
                 |               Robust
    Discgd_Total | Coefficient  std. err.      z    P>|z|     [95% conf. interval]
-----------------+----------------------------------------------------------------
ProbationEver_L1 |  -.3486437   .0948707    -3.67   0.000     -.534587   -.1627005
           _cons |   1.440969   .0289846    49.71   0.000      1.38416    1.497778
----------------------------------------------------------------------------------

. poisson Discgd_Total WorryJob_L1 ProbationEver_L1 if sample == 1, cluster(ParticipantID) // multiv
> ariate

Iteration 0:   log pseudolikelihood = -30196.673  
Iteration 1:   log pseudolikelihood = -30196.673  

Poisson regression                                      Number of obs =  5,394
                                                        Wald chi2(2)  =  26.54
Log pseudolikelihood = -30196.673                       Prob > chi2   = 0.0000

                          (Std. err. adjusted for 2,248 clusters in ParticipantID)
----------------------------------------------------------------------------------
                 |               Robust
    Discgd_Total | Coefficient  std. err.      z    P>|z|     [95% conf. interval]
-----------------+----------------------------------------------------------------
     WorryJob_L1 |   .0418404   .0122323     3.42   0.001     .0178655    .0658153
ProbationEver_L1 |  -.3660975   .0943548    -3.88   0.000    -.5510295   -.1811656
           _cons |   1.284882   .0567987    22.62   0.000     1.173559    1.396206
----------------------------------------------------------------------------------

. poisson Discgd_Total WorryJob_L1 ProbationEver_L1 $l1control $l2control  if sample == 1, cluster(P
> articipantID) // multivariate

Iteration 0:   log pseudolikelihood = -26542.037  
Iteration 1:   log pseudolikelihood = -26541.941  
Iteration 2:   log pseudolikelihood = -26541.941  

Poisson regression                                      Number of obs =  5,394
                                                        Wald chi2(20) = 793.34
Log pseudolikelihood = -26541.941                       Prob > chi2   = 0.0000

                             (Std. err. adjusted for 2,248 clusters in ParticipantID)
-------------------------------------------------------------------------------------
                    |               Robust
       Discgd_Total | Coefficient  std. err.      z    P>|z|     [95% conf. interval]
--------------------+----------------------------------------------------------------
        WorryJob_L1 |   .0254588   .0121712     2.09   0.036     .0016038    .0493139
   ProbationEver_L1 |  -.1446376    .095692    -1.51   0.131    -.3321905    .0429152
                    |
     GraduatedHS_L1 |
High school degree  |  -.3756827   .1006137    -3.73   0.000    -.5728819   -.1784835
               GED  |  -.2880483   .1292127    -2.23   0.026    -.5413005   -.0347961
                    |
       EnrollNow_L1 |   .5405219   .0571237     9.46   0.000     .4285615    .6524824
    Relationship_L1 |   .2109376   .0656434     3.21   0.001     .0822789    .3395963
            Kids_L1 |   .4830858   .0711931     6.79   0.000     .3435498    .6226217
UnemploymentComp_L1 |  -.0206686   .1536777    -0.13   0.893    -.3218715    .2805342
          Health_L1 |   .0108946   .0265767     0.41   0.682    -.0411948    .0629839
          AlcUse_L1 |  -.1191422   .0489431    -2.43   0.015    -.2150688   -.0232155
        FINScale_L1 |  -.3688483    .022511   -16.39   0.000    -.4129691   -.3247274
        DISScale_L1 |  -.0267996   .0267547    -1.00   0.316    -.0792377    .0256386
           Crash_L1 |    .059799    .050553     1.18   0.237    -.0392831    .1588811
        ForceOut_L1 |   .1244461   .0883348     1.41   0.159    -.0486869    .2975791
           Risky_L1 |    .016048   .0397376     0.40   0.686    -.0618363    .0939323
             AGE_L1 |  -.0169727   .0131262    -1.29   0.196    -.0426997    .0087543
                Sex |  -.0389752    .052583    -0.74   0.459     -.142036    .0640857
                    |
               Race |
             Black  |  -.1901111    .059246    -3.21   0.001    -.3062313    -.073991
          Hispanic  |  -.0942313   .0942491    -1.00   0.317    -.2789563    .0904936
             Other  |   .0538331   .1094764     0.49   0.623    -.1607367    .2684029
                    |
              _cons |   3.057071   .2678302    11.41   0.000     2.532133    3.582008
-------------------------------------------------------------------------------------

. 
. 
. 
. ****
. **TIME SEARCHING FOR WORK
. ****
. 
. **Arrest
. poisson Searching_Total WorryJob_L1 if sample == 1, cluster(ParticipantID) // bivariate

Iteration 0:   log pseudolikelihood = -21724.879  
Iteration 1:   log pseudolikelihood = -21724.879  

Poisson regression                                      Number of obs =  5,394
                                                        Wald chi2(1)  =  29.55
Log pseudolikelihood = -21724.879                       Prob > chi2   = 0.0000

                         (Std. err. adjusted for 2,248 clusters in ParticipantID)
---------------------------------------------------------------------------------
                |               Robust
Searching_Total | Coefficient  std. err.      z    P>|z|     [95% conf. interval]
----------------+----------------------------------------------------------------
    WorryJob_L1 |   .0805581   .0148201     5.44   0.000     .0515113    .1096049
          _cons |   .6356467   .0676939     9.39   0.000     .5029691    .7683243
---------------------------------------------------------------------------------

. poisson Searching_Total ArrestEver_L1 if sample == 1, cluster(ParticipantID) // bivariate

Iteration 0:   log pseudolikelihood = -21572.403  
Iteration 1:   log pseudolikelihood = -21572.402  

Poisson regression                                      Number of obs =  5,394
                                                        Wald chi2(1)  =  55.07
Log pseudolikelihood = -21572.402                       Prob > chi2   = 0.0000

                         (Std. err. adjusted for 2,248 clusters in ParticipantID)
---------------------------------------------------------------------------------
                |               Robust
Searching_Total | Coefficient  std. err.      z    P>|z|     [95% conf. interval]
----------------+----------------------------------------------------------------
  ArrestEver_L1 |    .479274   .0645814     7.42   0.000     .3526967    .6058513
          _cons |    .813337   .0354099    22.97   0.000     .7439348    .8827392
---------------------------------------------------------------------------------

. poisson Searching_Total WorryJob_L1 ArrestEver_L1 if sample == 1, cluster(ParticipantID) // multiv
> ariate

Iteration 0:   log pseudolikelihood = -21427.221  
Iteration 1:   log pseudolikelihood = -21427.219  

Poisson regression                                      Number of obs =  5,394
                                                        Wald chi2(2)  =  82.80
Log pseudolikelihood = -21427.219                       Prob > chi2   = 0.0000

                         (Std. err. adjusted for 2,248 clusters in ParticipantID)
---------------------------------------------------------------------------------
                |               Robust
Searching_Total | Coefficient  std. err.      z    P>|z|     [95% conf. interval]
----------------+----------------------------------------------------------------
    WorryJob_L1 |   .0726874   .0146091     4.98   0.000      .044054    .1013207
  ArrestEver_L1 |   .4561336   .0643947     7.08   0.000     .3299224    .5823448
          _cons |   .5398545   .0676233     7.98   0.000     .4073154    .6723937
---------------------------------------------------------------------------------

. poisson Searching_Total WorryJob_L1 ArrestEver_L1 $l1control $l2control  if sample == 1, cluster(P
> articipantID) // multivariate

Iteration 0:   log pseudolikelihood = -19849.618  
Iteration 1:   log pseudolikelihood = -19848.935  
Iteration 2:   log pseudolikelihood = -19848.935  

Poisson regression                                      Number of obs =  5,394
                                                        Wald chi2(20) = 460.44
Log pseudolikelihood = -19848.935                       Prob > chi2   = 0.0000

                             (Std. err. adjusted for 2,248 clusters in ParticipantID)
-------------------------------------------------------------------------------------
                    |               Robust
    Searching_Total | Coefficient  std. err.      z    P>|z|     [95% conf. interval]
--------------------+----------------------------------------------------------------
        WorryJob_L1 |   .0542146   .0135088     4.01   0.000     .0277378    .0806914
      ArrestEver_L1 |   .2567522   .0676199     3.80   0.000     .1242198    .3892847
                    |
     GraduatedHS_L1 |
High school degree  |  -.3348295   .0957066    -3.50   0.000    -.5224109    -.147248
               GED  |  -.1026168   .1228846    -0.84   0.404    -.3434662    .1382327
                    |
       EnrollNow_L1 |   -.247192   .0677934    -3.65   0.000    -.3800646   -.1143195
    Relationship_L1 |  -.0480612    .074254    -0.65   0.517    -.1935963    .0974739
            Kids_L1 |   .2374935   .0700581     3.39   0.001      .100182    .3748049
UnemploymentComp_L1 |   .4860266   .1151038     4.22   0.000     .2604273    .7116259
          Health_L1 |   .0072091   .0292889     0.25   0.806     -.050196    .0646142
          AlcUse_L1 |  -.0920387   .0594122    -1.55   0.121    -.2084844     .024407
        FINScale_L1 |  -.1652674   .0277515    -5.96   0.000    -.2196594   -.1108754
        DISScale_L1 |  -.0053939   .0286189    -0.19   0.851    -.0614859    .0506982
           Crash_L1 |   .2794996   .0633297     4.41   0.000     .1553757    .4036235
        ForceOut_L1 |  -.0312807   .1077559    -0.29   0.772    -.2424783    .1799168
           Risky_L1 |  -.0060038   .0416139    -0.14   0.885    -.0875656     .075558
             AGE_L1 |  -.0277018   .0154729    -1.79   0.073    -.0580282    .0026245
                Sex |   .0201912   .0599729     0.34   0.736    -.0973535    .1377359
                    |
               Race |
             Black  |   .6229674   .0660486     9.43   0.000     .4935146    .7524202
          Hispanic  |   .0735358   .1369811     0.54   0.591    -.1949422    .3420137
             Other  |   .2013439   .1579308     1.27   0.202    -.1081947    .5108825
                    |
              _cons |   1.690643   .3088414     5.47   0.000     1.085325    2.295961
-------------------------------------------------------------------------------------

. 
. **Jail
. poisson Searching_Total WorryJob_L1 if sample == 1, cluster(ParticipantID) // bivariate

Iteration 0:   log pseudolikelihood = -21724.879  
Iteration 1:   log pseudolikelihood = -21724.879  

Poisson regression                                      Number of obs =  5,394
                                                        Wald chi2(1)  =  29.55
Log pseudolikelihood = -21724.879                       Prob > chi2   = 0.0000

                         (Std. err. adjusted for 2,248 clusters in ParticipantID)
---------------------------------------------------------------------------------
                |               Robust
Searching_Total | Coefficient  std. err.      z    P>|z|     [95% conf. interval]
----------------+----------------------------------------------------------------
    WorryJob_L1 |   .0805581   .0148201     5.44   0.000     .0515113    .1096049
          _cons |   .6356467   .0676939     9.39   0.000     .5029691    .7683243
---------------------------------------------------------------------------------

. poisson Searching_Total JailEver_L1 if sample == 1, cluster(ParticipantID) // bivariate

Iteration 0:   log pseudolikelihood = -21634.244  
Iteration 1:   log pseudolikelihood = -21634.149  
Iteration 2:   log pseudolikelihood = -21634.149  

Poisson regression                                      Number of obs =  5,394
                                                        Wald chi2(1)  =  50.41
Log pseudolikelihood = -21634.149                       Prob > chi2   = 0.0000

                         (Std. err. adjusted for 2,248 clusters in ParticipantID)
---------------------------------------------------------------------------------
                |               Robust
Searching_Total | Coefficient  std. err.      z    P>|z|     [95% conf. interval]
----------------+----------------------------------------------------------------
    JailEver_L1 |   .6001126    .084525     7.10   0.000     .4344466    .7657786
          _cons |   .8786034   .0331499    26.50   0.000     .8136308     .943576
---------------------------------------------------------------------------------

. poisson Searching_Total WorryJob_L1 JailEver_L1 if sample == 1, cluster(ParticipantID) // multivar
> iate

Iteration 0:   log pseudolikelihood = -21490.135  
Iteration 1:   log pseudolikelihood = -21490.035  
Iteration 2:   log pseudolikelihood = -21490.035  

Poisson regression                                      Number of obs =  5,394
                                                        Wald chi2(2)  =  82.60
Log pseudolikelihood = -21490.035                       Prob > chi2   = 0.0000

                         (Std. err. adjusted for 2,248 clusters in ParticipantID)
---------------------------------------------------------------------------------
                |               Robust
Searching_Total | Coefficient  std. err.      z    P>|z|     [95% conf. interval]
----------------+----------------------------------------------------------------
    WorryJob_L1 |   .0725826   .0148664     4.88   0.000     .0434451    .1017202
    JailEver_L1 |   .5616111   .0854785     6.57   0.000     .3940762    .7291459
          _cons |   .6034732   .0666575     9.05   0.000      .472827    .7341195
---------------------------------------------------------------------------------

. poisson Searching_Total WorryJob_L1 JailEver_L1 $l1control $l2control  if sample == 1, cluster(Par
> ticipantID) // multivariate

Iteration 0:   log pseudolikelihood = -19866.876  
Iteration 1:   log pseudolikelihood = -19865.917  
Iteration 2:   log pseudolikelihood = -19865.917  

Poisson regression                                      Number of obs =  5,394
                                                        Wald chi2(20) = 475.89
Log pseudolikelihood = -19865.917                       Prob > chi2   = 0.0000

                             (Std. err. adjusted for 2,248 clusters in ParticipantID)
-------------------------------------------------------------------------------------
                    |               Robust
    Searching_Total | Coefficient  std. err.      z    P>|z|     [95% conf. interval]
--------------------+----------------------------------------------------------------
        WorryJob_L1 |   .0541424   .0136514     3.97   0.000     .0273861    .0808987
        JailEver_L1 |   .2938067   .0964993     3.04   0.002     .1046715     .482942
                    |
     GraduatedHS_L1 |
High school degree  |  -.3400731   .1014312    -3.35   0.001    -.5388746   -.1412716
               GED  |  -.0957907   .1246221    -0.77   0.442    -.3400455    .1484641
                    |
       EnrollNow_L1 |  -.2615453     .06796    -3.85   0.000    -.3947445   -.1283461
    Relationship_L1 |  -.0508913   .0744516    -0.68   0.494    -.1968137    .0950312
            Kids_L1 |   .2434611   .0706427     3.45   0.001      .105004    .3819183
UnemploymentComp_L1 |   .4856593   .1162228     4.18   0.000     .2578669    .7134518
          Health_L1 |   .0101921   .0291783     0.35   0.727    -.0469964    .0673806
          AlcUse_L1 |  -.0915181   .0594146    -1.54   0.123    -.2079687    .0249324
        FINScale_L1 |   -.160975   .0279052    -5.77   0.000    -.2156681   -.1062818
        DISScale_L1 |  -.0056226   .0288193    -0.20   0.845    -.0621073    .0508622
           Crash_L1 |   .2831874   .0635626     4.46   0.000      .158607    .4077679
        ForceOut_L1 |   -.036194   .1079495    -0.34   0.737    -.2477711     .175383
           Risky_L1 |   .0025295   .0406645     0.06   0.950    -.0771715    .0822305
             AGE_L1 |   -.026988   .0157318    -1.72   0.086    -.0578217    .0038457
                Sex |   .0396583   .0597122     0.66   0.507    -.0773755    .1566922
                    |
               Race |
             Black  |    .627052   .0662664     9.46   0.000     .4971723    .7569318
          Hispanic  |   .0557289   .1365454     0.41   0.683    -.2118951    .3233529
             Other  |   .1876558   .1569571     1.20   0.232    -.1199745    .4952861
                    |
              _cons |   1.675738    .306397     5.47   0.000     1.075211    2.276265
-------------------------------------------------------------------------------------

. 
. **Probation
. poisson Searching_Total WorryJob_L1 if sample == 1, cluster(ParticipantID) // bivariate

Iteration 0:   log pseudolikelihood = -21724.879  
Iteration 1:   log pseudolikelihood = -21724.879  

Poisson regression                                      Number of obs =  5,394
                                                        Wald chi2(1)  =  29.55
Log pseudolikelihood = -21724.879                       Prob > chi2   = 0.0000

                         (Std. err. adjusted for 2,248 clusters in ParticipantID)
---------------------------------------------------------------------------------
                |               Robust
Searching_Total | Coefficient  std. err.      z    P>|z|     [95% conf. interval]
----------------+----------------------------------------------------------------
    WorryJob_L1 |   .0805581   .0148201     5.44   0.000     .0515113    .1096049
          _cons |   .6356467   .0676939     9.39   0.000     .5029691    .7683243
---------------------------------------------------------------------------------

. poisson Searching_Total ProbationEver_L1 if sample == 1, cluster(ParticipantID) // bivariate

Iteration 0:   log pseudolikelihood = -21718.598  
Iteration 1:   log pseudolikelihood = -21718.589  
Iteration 2:   log pseudolikelihood = -21718.589  

Poisson regression                                      Number of obs =  5,394
                                                        Wald chi2(1)  =  35.56
Log pseudolikelihood = -21718.589                       Prob > chi2   = 0.0000

                          (Std. err. adjusted for 2,248 clusters in ParticipantID)
----------------------------------------------------------------------------------
                 |               Robust
 Searching_Total | Coefficient  std. err.      z    P>|z|     [95% conf. interval]
-----------------+----------------------------------------------------------------
ProbationEver_L1 |   .4646196   .0779097     5.96   0.000     .3119194    .6173199
           _cons |   .8837864   .0335803    26.32   0.000     .8179702    .9496027
----------------------------------------------------------------------------------

. poisson Searching_Total WorryJob_L1 ProbationEver_L1 if sample == 1, cluster(ParticipantID) // mul
> tivariate

Iteration 0:   log pseudolikelihood = -21565.715  
Iteration 1:   log pseudolikelihood = -21565.705  
Iteration 2:   log pseudolikelihood = -21565.705  

Poisson regression                                      Number of obs =  5,394
                                                        Wald chi2(2)  =  65.76
Log pseudolikelihood = -21565.705                       Prob > chi2   = 0.0000

                          (Std. err. adjusted for 2,248 clusters in ParticipantID)
----------------------------------------------------------------------------------
                 |               Robust
 Searching_Total | Coefficient  std. err.      z    P>|z|     [95% conf. interval]
-----------------+----------------------------------------------------------------
     WorryJob_L1 |   .0748004   .0147768     5.06   0.000     .0458384    .1037623
ProbationEver_L1 |   .4326969   .0782837     5.53   0.000     .2792636    .5861301
           _cons |   .6000146   .0670907     8.94   0.000     .4685191      .73151
----------------------------------------------------------------------------------

. poisson Searching_Total WorryJob_L1 ProbationEver_L1 $l1control $l2control  if sample == 1, cluste
> r(ParticipantID) // multivariate

Iteration 0:   log pseudolikelihood = -19876.291  
Iteration 1:   log pseudolikelihood = -19875.588  
Iteration 2:   log pseudolikelihood = -19875.588  

Poisson regression                                      Number of obs =  5,394
                                                        Wald chi2(20) = 480.06
Log pseudolikelihood = -19875.588                       Prob > chi2   = 0.0000

                             (Std. err. adjusted for 2,248 clusters in ParticipantID)
-------------------------------------------------------------------------------------
                    |               Robust
    Searching_Total | Coefficient  std. err.      z    P>|z|     [95% conf. interval]
--------------------+----------------------------------------------------------------
        WorryJob_L1 |   .0540545   .0135754     3.98   0.000     .0274472    .0806618
   ProbationEver_L1 |   .2510817   .0851645     2.95   0.003     .0841623     .418001
                    |
     GraduatedHS_L1 |
High school degree  |   -.357754   .0988837    -3.62   0.000    -.5515625   -.1639455
               GED  |  -.1184713   .1228097    -0.96   0.335    -.3591738    .1222313
                    |
       EnrollNow_L1 |   -.260836   .0679325    -3.84   0.000    -.3939812   -.1276908
    Relationship_L1 |  -.0486789   .0745945    -0.65   0.514    -.1948815    .0975236
            Kids_L1 |   .2467697   .0706451     3.49   0.000     .1083078    .3852316
UnemploymentComp_L1 |   .4905607   .1147615     4.27   0.000     .2656322    .7154892
          Health_L1 |   .0090711   .0291661     0.31   0.756    -.0480934    .0662356
          AlcUse_L1 |  -.0949123   .0595629    -1.59   0.111    -.2116535     .021829
        FINScale_L1 |  -.1652864   .0276832    -5.97   0.000    -.2195445   -.1110283
        DISScale_L1 |  -.0026421   .0287331    -0.09   0.927    -.0589579    .0536737
           Crash_L1 |    .279535   .0636116     4.39   0.000     .1548586    .4042114
        ForceOut_L1 |  -.0258281   .1073557    -0.24   0.810    -.2362413    .1845851
           Risky_L1 |   .0035092   .0411069     0.09   0.932    -.0770589    .0840773
             AGE_L1 |  -.0245698   .0155824    -1.58   0.115    -.0551107    .0059711
                Sex |   .0383484   .0599014     0.64   0.522    -.0790563    .1557531
                    |
               Race |
             Black  |   .6348003   .0660845     9.61   0.000     .5052771    .7643236
          Hispanic  |   .0669275   .1365575     0.49   0.624    -.2007202    .3345752
             Other  |   .2100173   .1567616     1.34   0.180    -.0972298    .5172644
                    |
              _cons |   1.648786   .3078097     5.36   0.000      1.04549    2.252082
-------------------------------------------------------------------------------------

. 
. log close
      name:  <unnamed>
       log:  E:\Holly\Job Search\LMParticipation_PublicFiles\Log Output\SECTION 6 - Supplement - Sin
> gle Level Models.log
  log type:  text
 closed on:  24 Jun 2025, 14:16:45
----------------------------------------------------------------------------------------------------
