--------------------------------------------------------------------------------------------------------------------------------------------
      name:  <unnamed>
       log:  D:\Holly\Job Search\LMParticipation_PublicFiles\Log Output\SECTION 9 - Supplement - Time Employed Outcome.log
  log type:  text
 opened on:  30 Jan 2026, 08:44:14

.         
. *********************************
. *SUPPLEMENTAL OUTCOME: EMPLOYMENT
. *********************************
. *       Estimates mirror those in text.
. *       Outcome represents total number of months employed in a recall period.
. 
. *Macros for Models
. global state Employed_Total Searching_Total Discgd_Total

. global contact ArrestEver_L1 JailEver_L1 ProbationEver_L1

.         // Any Contact: Contact_L1
. global l1control i.GraduatedHS_L1 EnrollNow_L1 Relationship_L1 Kids_L1 ///
>         UnemploymentComp_L1 Health_L1 AlcUse_L1 FINScale_L1 DISScale_L1 Crash_L1 ///
>         ForceOut_L1 Risky_L1 AGE_L1

. global l1controlpmc i.GraduatedHS_L1 EnrollNow_L1 Relationship_L1 Kids_L1 ///
>         UnemploymentComp_L1 Health_L1c AlcUse_L1 FINScale_L1c DISScale_L1c Crash_L1 ///
>         ForceOut_L1 Risky_L1c AGE_L1c

. global l2control Sex i.Race

. 
. **Any Contact
. mepoisson Employed_Total WorryJob_L1c pm_WorryJob if sample == 1 || ParticipantID: // bivariate

Fitting fixed-effects model:

Iteration 0:   log likelihood = -24800.359  
Iteration 1:   log likelihood = -24257.744  
Iteration 2:   log likelihood = -24256.254  
Iteration 3:   log likelihood = -24256.254  

Refining starting values:

Grid node 0:   log likelihood = -21398.024

Fitting full model:

Iteration 0:   log likelihood = -21398.024  (not concave)
Iteration 1:   log likelihood = -20896.219  
Iteration 2:   log likelihood = -20798.383  
Iteration 3:   log likelihood = -20795.473  
Iteration 4:   log likelihood = -20795.462  
Iteration 5:   log likelihood = -20795.462  

Mixed-effects Poisson regression                Number of obs     =      5,394
Group variable: ParticipantID                   Number of groups  =      2,248

                                                Obs per group:
                                                              min =          1
                                                              avg =        2.4
                                                              max =          4

Integration method: mvaghermite                 Integration pts.  =          7

                                                Wald chi2(2)      =      41.66
Log likelihood = -20795.462                     Prob > chi2       =     0.0000
--------------------------------------------------------------------------------
Employed_Total | Coefficient  Std. err.      z    P>|z|     [95% conf. interval]
---------------+----------------------------------------------------------------
  WorryJob_L1c |   -.000717   .0027625    -0.26   0.795    -.0061313    .0046973
   pm_WorryJob |  -.0445346   .0069074    -6.45   0.000    -.0580729   -.0309963
         _cons |   2.949648   .0272094   108.41   0.000     2.896319    3.002978
---------------+----------------------------------------------------------------
ParticipantID  |
     var(_cons)|   .2123028   .0089781                      .1954156    .2306494
--------------------------------------------------------------------------------
LR test vs. Poisson model: chibar2(01) = 6921.58      Prob >= chibar2 = 0.0000

. mepoisson Employed_Total Contact_L1 if sample == 1 || ParticipantID: // bivariate

Fitting fixed-effects model:

Iteration 0:   log likelihood =  -24913.22  
Iteration 1:   log likelihood =  -24379.26  
Iteration 2:   log likelihood = -24377.975  
Iteration 3:   log likelihood = -24377.975  

Refining starting values:

Grid node 0:   log likelihood = -21404.796

Fitting full model:

Iteration 0:   log likelihood = -21404.796  (not concave)
Iteration 1:   log likelihood =  -20906.88  
Iteration 2:   log likelihood =  -20820.37  
Iteration 3:   log likelihood = -20812.885  
Iteration 4:   log likelihood =  -20812.77  
Iteration 5:   log likelihood =  -20812.77  

Mixed-effects Poisson regression                Number of obs     =      5,394
Group variable: ParticipantID                   Number of groups  =      2,248

                                                Obs per group:
                                                              min =          1
                                                              avg =        2.4
                                                              max =          4

Integration method: mvaghermite                 Integration pts.  =          7

                                                Wald chi2(1)      =       6.80
Log likelihood = -20812.77                      Prob > chi2       =     0.0091
--------------------------------------------------------------------------------
Employed_Total | Coefficient  Std. err.      z    P>|z|     [95% conf. interval]
---------------+----------------------------------------------------------------
    Contact_L1 |   .0427581   .0163953     2.61   0.009     .0106238    .0748924
         _cons |   2.776926    .011358   244.49   0.000     2.754665    2.799188
---------------+----------------------------------------------------------------
ParticipantID  |
     var(_cons)|   .2174956   .0091655                      .2002535    .2362223
--------------------------------------------------------------------------------
LR test vs. Poisson model: chibar2(01) = 7130.41      Prob >= chibar2 = 0.0000

. mepoisson Employed_Total WorryJob_L1c pm_WorryJob Contact_L1 if sample == 1 || ParticipantID: // multivariate

Fitting fixed-effects model:

Iteration 0:   log likelihood = -24800.167  
Iteration 1:   log likelihood =  -24257.43  
Iteration 2:   log likelihood = -24255.938  
Iteration 3:   log likelihood = -24255.938  

Refining starting values:

Grid node 0:   log likelihood = -21397.106

Fitting full model:

Iteration 0:   log likelihood = -21397.106  (not concave)
Iteration 1:   log likelihood = -20895.275  
Iteration 2:   log likelihood = -20795.827  
Iteration 3:   log likelihood = -20791.383  
Iteration 4:   log likelihood =  -20791.36  
Iteration 5:   log likelihood =  -20791.36  

Mixed-effects Poisson regression                Number of obs     =      5,394
Group variable: ParticipantID                   Number of groups  =      2,248

                                                Obs per group:
                                                              min =          1
                                                              avg =        2.4
                                                              max =          4

Integration method: mvaghermite                 Integration pts.  =          7

                                                Wald chi2(3)      =      49.78
Log likelihood = -20791.36                      Prob > chi2       =     0.0000
--------------------------------------------------------------------------------
Employed_Total | Coefficient  Std. err.      z    P>|z|     [95% conf. interval]
---------------+----------------------------------------------------------------
  WorryJob_L1c |   -.000928   .0027633    -0.34   0.737    -.0063439     .004488
   pm_WorryJob |  -.0453167   .0069167    -6.55   0.000    -.0588732   -.0317601
    Contact_L1 |   .0468128   .0163517     2.86   0.004     .0147641    .0788614
         _cons |   2.941773   .0273648   107.50   0.000     2.888139    2.995407
---------------+----------------------------------------------------------------
ParticipantID  |
     var(_cons)|   .2125598   .0089857                       .195658    .2309217
--------------------------------------------------------------------------------
LR test vs. Poisson model: chibar2(01) = 6929.16      Prob >= chibar2 = 0.0000

. mepoisson Employed_Total WorryJob_L1c pm_WorryJob Contact_L1 $l1controlpmc $l2control  if sample == 1 || ParticipantID: // multivariate

Fitting fixed-effects model:

Iteration 0:   log likelihood = -23744.867  
Iteration 1:   log likelihood =   -23157.7  
Iteration 2:   log likelihood = -23156.179  
Iteration 3:   log likelihood = -23156.179  

Refining starting values:

Grid node 0:   log likelihood = -21086.299

Fitting full model:

Iteration 0:   log likelihood = -21086.299  (not concave)
Iteration 1:   log likelihood = -20574.758  (not concave)
Iteration 2:   log likelihood = -20398.142  
Iteration 3:   log likelihood = -20351.969  
Iteration 4:   log likelihood = -20350.339  
Iteration 5:   log likelihood = -20350.338  

Mixed-effects Poisson regression                Number of obs     =      5,394
Group variable: ParticipantID                   Number of groups  =      2,248

                                                Obs per group:
                                                              min =          1
                                                              avg =        2.4
                                                              max =          4

Integration method: mvaghermite                 Integration pts.  =          7

                                                Wald chi2(21)     =     937.96
Log likelihood = -20350.338                     Prob > chi2       =     0.0000
-------------------------------------------------------------------------------------
     Employed_Total | Coefficient  Std. err.      z    P>|z|     [95% conf. interval]
--------------------+----------------------------------------------------------------
       WorryJob_L1c |   -.000066   .0027885    -0.02   0.981    -.0055313    .0053993
        pm_WorryJob |  -.0385724   .0065943    -5.85   0.000     -.051497   -.0256479
         Contact_L1 |   .0290203   .0168818     1.72   0.086    -.0040675    .0621081
                    |
     GraduatedHS_L1 |
High school degree  |   .2711899   .0282931     9.59   0.000     .2157365    .3266433
               GED  |   .1319608   .0315353     4.18   0.000     .0701528    .1937688
                    |
       EnrollNow_L1 |  -.0902715   .0103217    -8.75   0.000    -.1105016   -.0700415
    Relationship_L1 |   .0083394   .0122993     0.68   0.498    -.0157668    .0324457
            Kids_L1 |  -.0594223   .0152496    -3.90   0.000     -.089311   -.0295336
UnemploymentComp_L1 |  -.0250629   .0236131    -1.06   0.289    -.0713437     .021218
         Health_L1c |   .0098209   .0061078     1.61   0.108    -.0021501     .021792
          AlcUse_L1 |   .0552864    .010833     5.10   0.000      .034054    .0765187
       FINScale_L1c |   .1049468   .0055441    18.93   0.000     .0940806     .115813
       DISScale_L1c |   .0044817   .0058235     0.77   0.442    -.0069322    .0158957
           Crash_L1 |  -.0651122   .0130525    -4.99   0.000    -.0906946   -.0395299
        ForceOut_L1 |  -.0421482   .0176348    -2.39   0.017    -.0767118   -.0075847
          Risky_L1c |    .011137   .0081421     1.37   0.171    -.0048212    .0270953
            AGE_L1c |   .0032323   .0029197     1.11   0.268    -.0024902    .0089547
                Sex |  -.0151261   .0201523    -0.75   0.453    -.0546238    .0243717
                    |
               Race |
             Black  |  -.1164821   .0216238    -5.39   0.000     -.158864   -.0741002
          Hispanic  |   -.169677   .0395615    -4.29   0.000     -.247216   -.0921379
             Other  |  -.1390091   .0487467    -2.85   0.004    -.2345509   -.0434672
                    |
              _cons |   2.844729    .044019    64.62   0.000     2.758454    2.931005
--------------------+----------------------------------------------------------------
ParticipantID       |
          var(_cons)|   .1847664   .0081345                      .1694916    .2014178
-------------------------------------------------------------------------------------
LR test vs. Poisson model: chibar2(01) = 5611.68      Prob >= chibar2 = 0.0000

. 
. **Arrest
. mepoisson Employed_Total WorryJob_L1c pm_WorryJob if sample == 1 || ParticipantID: // bivariate

Fitting fixed-effects model:

Iteration 0:   log likelihood = -24800.359  
Iteration 1:   log likelihood = -24257.744  
Iteration 2:   log likelihood = -24256.254  
Iteration 3:   log likelihood = -24256.254  

Refining starting values:

Grid node 0:   log likelihood = -21398.024

Fitting full model:

Iteration 0:   log likelihood = -21398.024  (not concave)
Iteration 1:   log likelihood = -20896.219  
Iteration 2:   log likelihood = -20798.383  
Iteration 3:   log likelihood = -20795.473  
Iteration 4:   log likelihood = -20795.462  
Iteration 5:   log likelihood = -20795.462  

Mixed-effects Poisson regression                Number of obs     =      5,394
Group variable: ParticipantID                   Number of groups  =      2,248

                                                Obs per group:
                                                              min =          1
                                                              avg =        2.4
                                                              max =          4

Integration method: mvaghermite                 Integration pts.  =          7

                                                Wald chi2(2)      =      41.66
Log likelihood = -20795.462                     Prob > chi2       =     0.0000
--------------------------------------------------------------------------------
Employed_Total | Coefficient  Std. err.      z    P>|z|     [95% conf. interval]
---------------+----------------------------------------------------------------
  WorryJob_L1c |   -.000717   .0027625    -0.26   0.795    -.0061313    .0046973
   pm_WorryJob |  -.0445346   .0069074    -6.45   0.000    -.0580729   -.0309963
         _cons |   2.949648   .0272094   108.41   0.000     2.896319    3.002978
---------------+----------------------------------------------------------------
ParticipantID  |
     var(_cons)|   .2123028   .0089781                      .1954156    .2306494
--------------------------------------------------------------------------------
LR test vs. Poisson model: chibar2(01) = 6921.58      Prob >= chibar2 = 0.0000

. mepoisson Employed_Total ArrestEver_L1 if sample == 1 || ParticipantID: // bivariate

Fitting fixed-effects model:

Iteration 0:   log likelihood =  -24913.22  
Iteration 1:   log likelihood =  -24379.26  
Iteration 2:   log likelihood = -24377.975  
Iteration 3:   log likelihood = -24377.975  

Refining starting values:

Grid node 0:   log likelihood = -21404.796

Fitting full model:

Iteration 0:   log likelihood = -21404.796  (not concave)
Iteration 1:   log likelihood =  -20906.88  
Iteration 2:   log likelihood =  -20820.37  
Iteration 3:   log likelihood = -20812.885  
Iteration 4:   log likelihood =  -20812.77  
Iteration 5:   log likelihood =  -20812.77  

Mixed-effects Poisson regression                Number of obs     =      5,394
Group variable: ParticipantID                   Number of groups  =      2,248

                                                Obs per group:
                                                              min =          1
                                                              avg =        2.4
                                                              max =          4

Integration method: mvaghermite                 Integration pts.  =          7

                                                Wald chi2(1)      =       6.80
Log likelihood = -20812.77                      Prob > chi2       =     0.0091
--------------------------------------------------------------------------------
Employed_Total | Coefficient  Std. err.      z    P>|z|     [95% conf. interval]
---------------+----------------------------------------------------------------
 ArrestEver_L1 |   .0427581   .0163953     2.61   0.009     .0106238    .0748924
         _cons |   2.776926    .011358   244.49   0.000     2.754665    2.799188
---------------+----------------------------------------------------------------
ParticipantID  |
     var(_cons)|   .2174956   .0091655                      .2002535    .2362223
--------------------------------------------------------------------------------
LR test vs. Poisson model: chibar2(01) = 7130.41      Prob >= chibar2 = 0.0000

. mepoisson Employed_Total WorryJob_L1c pm_WorryJob ArrestEver_L1 if sample == 1 || ParticipantID: // multivariate

Fitting fixed-effects model:

Iteration 0:   log likelihood = -24800.167  
Iteration 1:   log likelihood =  -24257.43  
Iteration 2:   log likelihood = -24255.938  
Iteration 3:   log likelihood = -24255.938  

Refining starting values:

Grid node 0:   log likelihood = -21397.106

Fitting full model:

Iteration 0:   log likelihood = -21397.106  (not concave)
Iteration 1:   log likelihood = -20895.275  
Iteration 2:   log likelihood = -20795.827  
Iteration 3:   log likelihood = -20791.383  
Iteration 4:   log likelihood =  -20791.36  
Iteration 5:   log likelihood =  -20791.36  

Mixed-effects Poisson regression                Number of obs     =      5,394
Group variable: ParticipantID                   Number of groups  =      2,248

                                                Obs per group:
                                                              min =          1
                                                              avg =        2.4
                                                              max =          4

Integration method: mvaghermite                 Integration pts.  =          7

                                                Wald chi2(3)      =      49.78
Log likelihood = -20791.36                      Prob > chi2       =     0.0000
--------------------------------------------------------------------------------
Employed_Total | Coefficient  Std. err.      z    P>|z|     [95% conf. interval]
---------------+----------------------------------------------------------------
  WorryJob_L1c |   -.000928   .0027633    -0.34   0.737    -.0063439     .004488
   pm_WorryJob |  -.0453167   .0069167    -6.55   0.000    -.0588732   -.0317601
 ArrestEver_L1 |   .0468128   .0163517     2.86   0.004     .0147641    .0788614
         _cons |   2.941773   .0273648   107.50   0.000     2.888139    2.995407
---------------+----------------------------------------------------------------
ParticipantID  |
     var(_cons)|   .2125598   .0089857                       .195658    .2309217
--------------------------------------------------------------------------------
LR test vs. Poisson model: chibar2(01) = 6929.16      Prob >= chibar2 = 0.0000

. mepoisson Employed_Total WorryJob_L1c pm_WorryJob ArrestEver_L1 $l1controlpmc $l2control  if sample == 1 || ParticipantID: // multivariate

Fitting fixed-effects model:

Iteration 0:   log likelihood = -23744.867  
Iteration 1:   log likelihood =   -23157.7  
Iteration 2:   log likelihood = -23156.179  
Iteration 3:   log likelihood = -23156.179  

Refining starting values:

Grid node 0:   log likelihood = -21086.299

Fitting full model:

Iteration 0:   log likelihood = -21086.299  (not concave)
Iteration 1:   log likelihood = -20574.758  (not concave)
Iteration 2:   log likelihood = -20398.142  
Iteration 3:   log likelihood = -20351.969  
Iteration 4:   log likelihood = -20350.339  
Iteration 5:   log likelihood = -20350.338  

Mixed-effects Poisson regression                Number of obs     =      5,394
Group variable: ParticipantID                   Number of groups  =      2,248

                                                Obs per group:
                                                              min =          1
                                                              avg =        2.4
                                                              max =          4

Integration method: mvaghermite                 Integration pts.  =          7

                                                Wald chi2(21)     =     937.96
Log likelihood = -20350.338                     Prob > chi2       =     0.0000
-------------------------------------------------------------------------------------
     Employed_Total | Coefficient  Std. err.      z    P>|z|     [95% conf. interval]
--------------------+----------------------------------------------------------------
       WorryJob_L1c |   -.000066   .0027885    -0.02   0.981    -.0055313    .0053993
        pm_WorryJob |  -.0385724   .0065943    -5.85   0.000     -.051497   -.0256479
      ArrestEver_L1 |   .0290203   .0168818     1.72   0.086    -.0040675    .0621081
                    |
     GraduatedHS_L1 |
High school degree  |   .2711899   .0282931     9.59   0.000     .2157365    .3266433
               GED  |   .1319608   .0315353     4.18   0.000     .0701528    .1937688
                    |
       EnrollNow_L1 |  -.0902715   .0103217    -8.75   0.000    -.1105016   -.0700415
    Relationship_L1 |   .0083394   .0122993     0.68   0.498    -.0157668    .0324457
            Kids_L1 |  -.0594223   .0152496    -3.90   0.000     -.089311   -.0295336
UnemploymentComp_L1 |  -.0250629   .0236131    -1.06   0.289    -.0713437     .021218
         Health_L1c |   .0098209   .0061078     1.61   0.108    -.0021501     .021792
          AlcUse_L1 |   .0552864    .010833     5.10   0.000      .034054    .0765187
       FINScale_L1c |   .1049468   .0055441    18.93   0.000     .0940806     .115813
       DISScale_L1c |   .0044817   .0058235     0.77   0.442    -.0069322    .0158957
           Crash_L1 |  -.0651122   .0130525    -4.99   0.000    -.0906946   -.0395299
        ForceOut_L1 |  -.0421482   .0176348    -2.39   0.017    -.0767118   -.0075847
          Risky_L1c |    .011137   .0081421     1.37   0.171    -.0048212    .0270953
            AGE_L1c |   .0032323   .0029197     1.11   0.268    -.0024902    .0089547
                Sex |  -.0151261   .0201523    -0.75   0.453    -.0546238    .0243717
                    |
               Race |
             Black  |  -.1164821   .0216238    -5.39   0.000     -.158864   -.0741002
          Hispanic  |   -.169677   .0395615    -4.29   0.000     -.247216   -.0921379
             Other  |  -.1390091   .0487467    -2.85   0.004    -.2345509   -.0434672
                    |
              _cons |   2.844729    .044019    64.62   0.000     2.758454    2.931005
--------------------+----------------------------------------------------------------
ParticipantID       |
          var(_cons)|   .1847664   .0081345                      .1694916    .2014178
-------------------------------------------------------------------------------------
LR test vs. Poisson model: chibar2(01) = 5611.68      Prob >= chibar2 = 0.0000

. 
. **Jail
. mepoisson Employed_Total WorryJob_L1c pm_WorryJob if sample == 1 || ParticipantID: // bivariate

Fitting fixed-effects model:

Iteration 0:   log likelihood = -24800.359  
Iteration 1:   log likelihood = -24257.744  
Iteration 2:   log likelihood = -24256.254  
Iteration 3:   log likelihood = -24256.254  

Refining starting values:

Grid node 0:   log likelihood = -21398.024

Fitting full model:

Iteration 0:   log likelihood = -21398.024  (not concave)
Iteration 1:   log likelihood = -20896.219  
Iteration 2:   log likelihood = -20798.383  
Iteration 3:   log likelihood = -20795.473  
Iteration 4:   log likelihood = -20795.462  
Iteration 5:   log likelihood = -20795.462  

Mixed-effects Poisson regression                Number of obs     =      5,394
Group variable: ParticipantID                   Number of groups  =      2,248

                                                Obs per group:
                                                              min =          1
                                                              avg =        2.4
                                                              max =          4

Integration method: mvaghermite                 Integration pts.  =          7

                                                Wald chi2(2)      =      41.66
Log likelihood = -20795.462                     Prob > chi2       =     0.0000
--------------------------------------------------------------------------------
Employed_Total | Coefficient  Std. err.      z    P>|z|     [95% conf. interval]
---------------+----------------------------------------------------------------
  WorryJob_L1c |   -.000717   .0027625    -0.26   0.795    -.0061313    .0046973
   pm_WorryJob |  -.0445346   .0069074    -6.45   0.000    -.0580729   -.0309963
         _cons |   2.949648   .0272094   108.41   0.000     2.896319    3.002978
---------------+----------------------------------------------------------------
ParticipantID  |
     var(_cons)|   .2123028   .0089781                      .1954156    .2306494
--------------------------------------------------------------------------------
LR test vs. Poisson model: chibar2(01) = 6921.58      Prob >= chibar2 = 0.0000

. mepoisson Employed_Total JailEver_L1 if sample == 1 || ParticipantID: // bivariate

Fitting fixed-effects model:

Iteration 0:   log likelihood = -24913.109  
Iteration 1:   log likelihood = -24379.157  
Iteration 2:   log likelihood = -24377.873  
Iteration 3:   log likelihood = -24377.873  

Refining starting values:

Grid node 0:   log likelihood = -21404.912

Fitting full model:

Iteration 0:   log likelihood = -21404.912  (not concave)
Iteration 1:   log likelihood = -20907.052  
Iteration 2:   log likelihood =  -20821.51  
Iteration 3:   log likelihood = -20815.437  
Iteration 4:   log likelihood = -20815.335  
Iteration 5:   log likelihood = -20815.335  

Mixed-effects Poisson regression                Number of obs     =      5,394
Group variable: ParticipantID                   Number of groups  =      2,248

                                                Obs per group:
                                                              min =          1
                                                              avg =        2.4
                                                              max =          4

Integration method: mvaghermite                 Integration pts.  =          7

                                                Wald chi2(1)      =       1.68
Log likelihood = -20815.335                     Prob > chi2       =     0.1951
--------------------------------------------------------------------------------
Employed_Total | Coefficient  Std. err.      z    P>|z|     [95% conf. interval]
---------------+----------------------------------------------------------------
   JailEver_L1 |   .0311656   .0240547     1.30   0.195    -.0159808     .078312
         _cons |   2.784079   .0108958   255.52   0.000     2.762724    2.805435
---------------+----------------------------------------------------------------
ParticipantID  |
     var(_cons)|   .2171731   .0091529                      .1999547    .2358742
--------------------------------------------------------------------------------
LR test vs. Poisson model: chibar2(01) = 7125.07      Prob >= chibar2 = 0.0000

. mepoisson Employed_Total WorryJob_L1c pm_WorryJob JailEver_L1 if sample == 1 || ParticipantID: // multivariate

Fitting fixed-effects model:

Iteration 0:   log likelihood = -24800.181  
Iteration 1:   log likelihood = -24257.541  
Iteration 2:   log likelihood =  -24256.05  
Iteration 3:   log likelihood =  -24256.05  

Refining starting values:

Grid node 0:   log likelihood = -21397.673

Fitting full model:

Iteration 0:   log likelihood = -21397.673  (not concave)
Iteration 1:   log likelihood = -20895.851  
Iteration 2:   log likelihood = -20797.507  
Iteration 3:   log likelihood = -20794.188  
Iteration 4:   log likelihood = -20794.174  
Iteration 5:   log likelihood = -20794.174  

Mixed-effects Poisson regression                Number of obs     =      5,394
Group variable: ParticipantID                   Number of groups  =      2,248

                                                Obs per group:
                                                              min =          1
                                                              avg =        2.4
                                                              max =          4

Integration method: mvaghermite                 Integration pts.  =          7

                                                Wald chi2(3)      =      44.23
Log likelihood = -20794.174                     Prob > chi2       =     0.0000
--------------------------------------------------------------------------------
Employed_Total | Coefficient  Std. err.      z    P>|z|     [95% conf. interval]
---------------+----------------------------------------------------------------
  WorryJob_L1c |  -.0008248    .002763    -0.30   0.765    -.0062402    .0045906
   pm_WorryJob |  -.0450538   .0069146    -6.52   0.000    -.0586061   -.0315015
   JailEver_L1 |   .0385468   .0240156     1.61   0.108     -.008523    .0856166
         _cons |   2.948257   .0272211   108.31   0.000     2.894904    3.001609
---------------+----------------------------------------------------------------
ParticipantID  |
     var(_cons)|   .2122572   .0089746                      .1953764    .2305966
--------------------------------------------------------------------------------
LR test vs. Poisson model: chibar2(01) = 6923.75      Prob >= chibar2 = 0.0000

. mepoisson Employed_Total WorryJob_L1c pm_WorryJob JailEver_L1 $l1controlpmc $l2control  if sample == 1 || ParticipantID: // multivariate

Fitting fixed-effects model:

Iteration 0:   log likelihood = -23737.594  
Iteration 1:   log likelihood = -23150.948  
Iteration 2:   log likelihood = -23149.425  
Iteration 3:   log likelihood = -23149.425  

Refining starting values:

Grid node 0:   log likelihood = -21086.317

Fitting full model:

Iteration 0:   log likelihood = -21086.317  (not concave)
Iteration 1:   log likelihood = -20574.613  (not concave)
Iteration 2:   log likelihood = -20397.114  
Iteration 3:   log likelihood =  -20351.21  
Iteration 4:   log likelihood = -20349.391  
Iteration 5:   log likelihood =  -20349.39  

Mixed-effects Poisson regression                Number of obs     =      5,394
Group variable: ParticipantID                   Number of groups  =      2,248

                                                Obs per group:
                                                              min =          1
                                                              avg =        2.4
                                                              max =          4

Integration method: mvaghermite                 Integration pts.  =          7

                                                Wald chi2(21)     =     940.15
Log likelihood = -20349.39                      Prob > chi2       =     0.0000
-------------------------------------------------------------------------------------
     Employed_Total | Coefficient  Std. err.      z    P>|z|     [95% conf. interval]
--------------------+----------------------------------------------------------------
       WorryJob_L1c |  -.0000831   .0027883    -0.03   0.976     -.005548    .0053818
        pm_WorryJob |  -.0387624   .0065912    -5.88   0.000    -.0516809    -.025844
        JailEver_L1 |   .0536334   .0243441     2.20   0.028     .0059198    .1013469
                    |
     GraduatedHS_L1 |
High school degree  |   .2726257   .0282874     9.64   0.000     .2171835    .3280679
               GED  |   .1336094   .0315417     4.24   0.000     .0717887      .19543
                    |
       EnrollNow_L1 |  -.0906937   .0103135    -8.79   0.000    -.1109078   -.0704797
    Relationship_L1 |     .00831   .0122987     0.68   0.499     -.015795     .032415
            Kids_L1 |   -.060005   .0152474    -3.94   0.000    -.0898893   -.0301208
UnemploymentComp_L1 |  -.0256508   .0236146    -1.09   0.277    -.0719344    .0206329
         Health_L1c |   .0104802   .0061033     1.72   0.086    -.0014822    .0224425
          AlcUse_L1 |   .0553231   .0108318     5.11   0.000     .0340931    .0765531
       FINScale_L1c |   .1053574   .0055442    19.00   0.000      .094491    .1162238
       DISScale_L1c |   .0041245    .005827     0.71   0.479    -.0072961    .0155451
           Crash_L1 |  -.0652824   .0130518    -5.00   0.000    -.0908635   -.0397014
        ForceOut_L1 |  -.0412759   .0176377    -2.34   0.019    -.0758452   -.0067066
          Risky_L1c |   .0113612   .0081427     1.40   0.163    -.0045983    .0273207
            AGE_L1c |   .0032466   .0029152     1.11   0.265    -.0024672    .0089604
                Sex |  -.0143547   .0200138    -0.72   0.473    -.0535811    .0248716
                    |
               Race |
             Black  |  -.1162874   .0215958    -5.38   0.000    -.1586145   -.0739604
          Hispanic  |  -.1705667   .0395195    -4.32   0.000    -.2480236   -.0931099
             Other  |  -.1417661   .0487424    -2.91   0.004    -.2372994   -.0462328
                    |
              _cons |   2.846387   .0439084    64.83   0.000     2.760329    2.932446
--------------------+----------------------------------------------------------------
ParticipantID       |
          var(_cons)|   .1844564    .008126                      .1691979    .2010909
-------------------------------------------------------------------------------------
LR test vs. Poisson model: chibar2(01) = 5600.07      Prob >= chibar2 = 0.0000

. 
. **Probation
. mepoisson Employed_Total WorryJob_L1c pm_WorryJob if sample == 1 || ParticipantID: // bivariate

Fitting fixed-effects model:

Iteration 0:   log likelihood = -24800.359  
Iteration 1:   log likelihood = -24257.744  
Iteration 2:   log likelihood = -24256.254  
Iteration 3:   log likelihood = -24256.254  

Refining starting values:

Grid node 0:   log likelihood = -21398.024

Fitting full model:

Iteration 0:   log likelihood = -21398.024  (not concave)
Iteration 1:   log likelihood = -20896.219  
Iteration 2:   log likelihood = -20798.383  
Iteration 3:   log likelihood = -20795.473  
Iteration 4:   log likelihood = -20795.462  
Iteration 5:   log likelihood = -20795.462  

Mixed-effects Poisson regression                Number of obs     =      5,394
Group variable: ParticipantID                   Number of groups  =      2,248

                                                Obs per group:
                                                              min =          1
                                                              avg =        2.4
                                                              max =          4

Integration method: mvaghermite                 Integration pts.  =          7

                                                Wald chi2(2)      =      41.66
Log likelihood = -20795.462                     Prob > chi2       =     0.0000
--------------------------------------------------------------------------------
Employed_Total | Coefficient  Std. err.      z    P>|z|     [95% conf. interval]
---------------+----------------------------------------------------------------
  WorryJob_L1c |   -.000717   .0027625    -0.26   0.795    -.0061313    .0046973
   pm_WorryJob |  -.0445346   .0069074    -6.45   0.000    -.0580729   -.0309963
         _cons |   2.949648   .0272094   108.41   0.000     2.896319    3.002978
---------------+----------------------------------------------------------------
ParticipantID  |
     var(_cons)|   .2123028   .0089781                      .1954156    .2306494
--------------------------------------------------------------------------------
LR test vs. Poisson model: chibar2(01) = 6921.58      Prob >= chibar2 = 0.0000

. mepoisson Employed_Total ProbationEver_L1 if sample == 1 || ParticipantID: // bivariate

Fitting fixed-effects model:

Iteration 0:   log likelihood = -24913.257  
Iteration 1:   log likelihood = -24379.193  
Iteration 2:   log likelihood = -24377.907  
Iteration 3:   log likelihood = -24377.907  

Refining starting values:

Grid node 0:   log likelihood =  -21404.52

Fitting full model:

Iteration 0:   log likelihood =  -21404.52  (not concave)
Iteration 1:   log likelihood =  -20906.65  
Iteration 2:   log likelihood = -20821.368  
Iteration 3:   log likelihood = -20815.747  
Iteration 4:   log likelihood = -20815.651  
Iteration 5:   log likelihood = -20815.651  

Mixed-effects Poisson regression                Number of obs     =      5,394
Group variable: ParticipantID                   Number of groups  =      2,248

                                                Obs per group:
                                                              min =          1
                                                              avg =        2.4
                                                              max =          4

Integration method: mvaghermite                 Integration pts.  =          7

                                                Wald chi2(1)      =       1.05
Log likelihood = -20815.651                     Prob > chi2       =     0.3059
----------------------------------------------------------------------------------
  Employed_Total | Coefficient  Std. err.      z    P>|z|     [95% conf. interval]
-----------------+----------------------------------------------------------------
ProbationEver_L1 |   .0222262     .02171     1.02   0.306    -.0203246    .0647771
           _cons |   2.784324   .0109563   254.13   0.000      2.76285    2.805797
-----------------+----------------------------------------------------------------
ParticipantID    |
       var(_cons)|   .2170823   .0091494                      .1998704    .2357764
----------------------------------------------------------------------------------
LR test vs. Poisson model: chibar2(01) = 7124.51      Prob >= chibar2 = 0.0000

. mepoisson Employed_Total WorryJob_L1c pm_WorryJob ProbationEver_L1 if sample == 1 || ParticipantID: // multivariate

Fitting fixed-effects model:

Iteration 0:   log likelihood = -24799.628  
Iteration 1:   log likelihood = -24256.613  
Iteration 2:   log likelihood = -24255.117  
Iteration 3:   log likelihood = -24255.117  

Refining starting values:

Grid node 0:   log likelihood = -21397.635

Fitting full model:

Iteration 0:   log likelihood = -21397.635  (not concave)
Iteration 1:   log likelihood = -20895.767  
Iteration 2:   log likelihood = -20797.651  
Iteration 3:   log likelihood = -20794.577  
Iteration 4:   log likelihood = -20794.567  
Iteration 5:   log likelihood = -20794.567  

Mixed-effects Poisson regression                Number of obs     =      5,394
Group variable: ParticipantID                   Number of groups  =      2,248

                                                Obs per group:
                                                              min =          1
                                                              avg =        2.4
                                                              max =          4

Integration method: mvaghermite                 Integration pts.  =          7

                                                Wald chi2(3)      =      43.46
Log likelihood = -20794.567                     Prob > chi2       =     0.0000
----------------------------------------------------------------------------------
  Employed_Total | Coefficient  Std. err.      z    P>|z|     [95% conf. interval]
-----------------+----------------------------------------------------------------
    WorryJob_L1c |   -.000775   .0027628    -0.28   0.779    -.0061899      .00464
     pm_WorryJob |  -.0449697   .0069132    -6.50   0.000    -.0585194     -.03142
ProbationEver_L1 |   .0289894   .0216586     1.34   0.181    -.0134606    .0714395
           _cons |   2.948084   .0272272   108.28   0.000     2.894719    3.001448
-----------------+----------------------------------------------------------------
ParticipantID    |
       var(_cons)|   .2121624   .0089715                      .1952876    .2304955
----------------------------------------------------------------------------------
LR test vs. Poisson model: chibar2(01) = 6921.10      Prob >= chibar2 = 0.0000

. mepoisson Employed_Total WorryJob_L1c pm_WorryJob ProbationEver_L1 $l1controlpmc $l2control  if sample == 1 || ParticipantID: // multivari
> ate

Fitting fixed-effects model:

Iteration 0:   log likelihood = -23744.945  
Iteration 1:   log likelihood = -23157.868  
Iteration 2:   log likelihood = -23156.346  
Iteration 3:   log likelihood = -23156.346  

Refining starting values:

Grid node 0:   log likelihood = -21088.784

Fitting full model:

Iteration 0:   log likelihood = -21088.784  (not concave)
Iteration 1:   log likelihood = -20577.109  (not concave)
Iteration 2:   log likelihood = -20400.213  
Iteration 3:   log likelihood = -20353.321  
Iteration 4:   log likelihood = -20351.667  
Iteration 5:   log likelihood = -20351.667  

Mixed-effects Poisson regression                Number of obs     =      5,394
Group variable: ParticipantID                   Number of groups  =      2,248

                                                Obs per group:
                                                              min =          1
                                                              avg =        2.4
                                                              max =          4

Integration method: mvaghermite                 Integration pts.  =          7

                                                Wald chi2(21)     =     935.07
Log likelihood = -20351.667                     Prob > chi2       =     0.0000
-------------------------------------------------------------------------------------
     Employed_Total | Coefficient  Std. err.      z    P>|z|     [95% conf. interval]
--------------------+----------------------------------------------------------------
       WorryJob_L1c |  -.0000156   .0027886    -0.01   0.996    -.0054811    .0054499
        pm_WorryJob |  -.0383271   .0066017    -5.81   0.000    -.0512663    -.025388
   ProbationEver_L1 |    .011947   .0219838     0.54   0.587    -.0311405    .0550345
                    |
     GraduatedHS_L1 |
High school degree  |   .2671112   .0282464     9.46   0.000     .2117493    .3224731
               GED  |   .1316347   .0315464     4.17   0.000     .0698048    .1934646
                    |
       EnrollNow_L1 |  -.0907853   .0103211    -8.80   0.000    -.1110144   -.0705563
    Relationship_L1 |   .0083085   .0123046     0.68   0.500    -.0158081     .032425
            Kids_L1 |  -.0577865   .0152283    -3.79   0.000    -.0876333   -.0279396
UnemploymentComp_L1 |  -.0251698   .0236196    -1.07   0.287    -.0714634    .0211237
         Health_L1c |   .0101876   .0061046     1.67   0.095    -.0017772    .0221524
          AlcUse_L1 |   .0553385   .0108407     5.10   0.000     .0340912    .0765859
       FINScale_L1c |   .1051034   .0055442    18.96   0.000     .0942371    .1159698
       DISScale_L1c |   .0045895   .0058235     0.79   0.431    -.0068244    .0160033
           Crash_L1 |  -.0646521   .0130506    -4.95   0.000    -.0902308   -.0390734
        ForceOut_L1 |  -.0422327   .0176369    -2.39   0.017    -.0768004    -.007665
          Risky_L1c |   .0110581   .0081431     1.36   0.174    -.0049021    .0270184
            AGE_L1c |   .0035312   .0029188     1.21   0.226    -.0021895    .0092519
                Sex |   -.011198   .0200706    -0.56   0.577    -.0505356    .0281397
                    |
               Race |
             Black  |  -.1148876   .0216207    -5.31   0.000    -.1572633   -.0725118
          Hispanic  |  -.1711772   .0395941    -4.32   0.000    -.2487802   -.0935742
             Other  |  -.1380036   .0487899    -2.83   0.005      -.23363   -.0423771
                    |
              _cons |   2.849687   .0439531    64.83   0.000     2.763541    2.935834
--------------------+----------------------------------------------------------------
ParticipantID       |
          var(_cons)|   .1851797   .0081603                      .1698571    .2018845
-------------------------------------------------------------------------------------
LR test vs. Poisson model: chibar2(01) = 5609.36      Prob >= chibar2 = 0.0000

. 
. log close
      name:  <unnamed>
       log:  D:\Holly\Job Search\LMParticipation_PublicFiles\Log Output\SECTION 9 - Supplement - Time Employed Outcome.log
  log type:  text
 closed on:  30 Jan 2026, 08:44:20
--------------------------------------------------------------------------------------------------------------------------------------------
